STAR version=2.7.0f_0328
STAR compilation time,server,dir=Thu Mar 28 18:46:03 EDT 2019 vega:/home/dobin/data/STAR/STARcode/STAR.master/source
##### DEFAULT parameters:
versionGenome                     2.7.0d
parametersFiles                   -   
sysShell                          -
runMode                           alignReads
runThreadN                        1
runDirPerm                        User_RWX
runRNGseed                        777
genomeDir                         ./GenomeDir/
genomeLoad                        NoSharedMemory
genomeFastaFiles                  -   
genomeChainFiles                  -   
genomeSAindexNbases               14
genomeChrBinNbits                 18
genomeSAsparseD                   1
genomeSuffixLengthMax             18446744073709551615
genomeFileSizes                   0   
genomeConsensusFile               -
readFilesType                     Fastx   
readFilesIn                       Read1   Read2   
readFilesPrefix                   -
readFilesCommand                  -   
readMatesLengthsIn                NotEqual
readMapNumber                     18446744073709551615
readNameSeparator                 /   
inputBAMfile                      -
bamRemoveDuplicatesType           -
bamRemoveDuplicatesMate2basesN    0
limitGenomeGenerateRAM            31000000000
limitIObufferSize                 150000000
limitOutSAMoneReadBytes           100000
limitOutSJcollapsed               1000000
limitOutSJoneRead                 1000
limitBAMsortRAM                   0
limitSjdbInsertNsj                1000000
limitNreadsSoft                   18446744073709551615
outTmpDir                         -
outTmpKeep                        None
outStd                            Log
outReadsUnmapped                  None
outQSconversionAdd                0
outMultimapperOrder               Old_2.4
outSAMtype                        SAM   
outSAMmode                        Full
outSAMstrandField                 None
outSAMattributes                  Standard   
outSAMunmapped                    None   
outSAMorder                       Paired
outSAMprimaryFlag                 OneBestScore
outSAMreadID                      Standard
outSAMmapqUnique                  255
outSAMflagOR                      0
outSAMflagAND                     65535
outSAMattrRGline                  -   
outSAMheaderHD                    -   
outSAMheaderPG                    -   
outSAMheaderCommentFile           -
outBAMcompression                 1
outBAMsortingThreadN              0
outBAMsortingBinsN                50
outSAMfilter                      None   
outSAMmultNmax                    18446744073709551615
outSAMattrIHstart                 1
outSAMtlen                        1
outSJfilterReads                  All
outSJfilterCountUniqueMin         3   1   1   1   
outSJfilterCountTotalMin          3   1   1   1   
outSJfilterOverhangMin            30   12   12   12   
outSJfilterDistToOtherSJmin       10   0   5   10   
outSJfilterIntronMaxVsReadN       50000   100000   200000   
outWigType                        None   
outWigStrand                      Stranded   
outWigReferencesPrefix            -
outWigNorm                        RPM   
outFilterType                     Normal
outFilterMultimapNmax             10
outFilterMultimapScoreRange       1
outFilterScoreMin                 0
outFilterScoreMinOverLread        0.66
outFilterMatchNmin                0
outFilterMatchNminOverLread       0.66
outFilterMismatchNmax             10
outFilterMismatchNoverLmax        0.3
outFilterMismatchNoverReadLmax    1
outFilterIntronMotifs             None
outFilterIntronStrands            RemoveInconsistentStrands
clip5pNbases                      0   
clip3pNbases                      0   
clip3pAfterAdapterNbases          0   
clip3pAdapterSeq                  -   
clip3pAdapterMMp                  0.1   
winBinNbits                       16
winAnchorDistNbins                9
winFlankNbins                     4
winAnchorMultimapNmax             50
winReadCoverageRelativeMin        0.5
winReadCoverageBasesMin           0
scoreGap                          0
scoreGapNoncan                    -8
scoreGapGCAG                      -4
scoreGapATAC                      -8
scoreStitchSJshift                1
scoreGenomicLengthLog2scale       -0.25
scoreDelBase                      -2
scoreDelOpen                      -2
scoreInsOpen                      -2
scoreInsBase                      -2
seedSearchLmax                    0
seedSearchStartLmax               50
seedSearchStartLmaxOverLread      1
seedPerReadNmax                   1000
seedPerWindowNmax                 50
seedNoneLociPerWindow             10
seedMultimapNmax                  10000
seedSplitMin                      12
alignIntronMin                    21
alignIntronMax                    0
alignMatesGapMax                  0
alignTranscriptsPerReadNmax       10000
alignSJoverhangMin                5
alignSJDBoverhangMin              3
alignSJstitchMismatchNmax         0   -1   0   0   
alignSplicedMateMapLmin           0
alignSplicedMateMapLminOverLmate    0.66
alignWindowsPerReadNmax           10000
alignTranscriptsPerWindowNmax     100
alignEndsType                     Local
alignSoftClipAtReferenceEnds      Yes
alignEndsProtrude                 0   ConcordantPair   
alignInsertionFlush               None
peOverlapNbasesMin                0
peOverlapMMp                      0.01
chimSegmentMin                    0
chimScoreMin                      0
chimScoreDropMax                  20
chimScoreSeparation               10
chimScoreJunctionNonGTAG          -1
chimMainSegmentMultNmax           10
chimJunctionOverhangMin           20
chimOutType                       Junctions   
chimFilter                        banGenomicN   
chimSegmentReadGapMax             0
chimMultimapNmax                  0
chimMultimapScoreRange            1
chimNonchimScoreDropMin           20
chimOutJunctionFormat             0   
sjdbFileChrStartEnd               -   
sjdbGTFfile                       -
sjdbGTFchrPrefix                  -
sjdbGTFfeatureExon                exon
sjdbGTFtagExonParentTranscript    transcript_id
sjdbGTFtagExonParentGene          gene_id
sjdbOverhang                      100
sjdbScore                         2
sjdbInsertSave                    Basic
varVCFfile                        -
waspOutputMode                    None
quantMode                         -   
quantTranscriptomeBAMcompression    1
quantTranscriptomeBan             IndelSoftclipSingleend
twopass1readsN                    18446744073709551615
twopassMode                       None
soloType                          None
soloCBstart                       1
soloUMIstart                      17
soloCBlen                         16
soloUMIlen                        10
soloBarcodeReadLength             1
soloCBwhitelist                   -
soloStrand                        Forward
soloOutFileNames                  Solo.out/   genes.tsv   barcodes.tsv   matrix.mtx   matrixSJ.mtx   
soloFeatures                      Gene   
soloUMIdedup                      1MM_All   
##### Command Line:
STAR --genomeDir /oak/stanford/groups/quake/yuanxue/resources/sc_pipeline/reference_genomes/ToxoplasmaG_ME49_genome/ToxoDB-36_TgondiiME49_Genome.tdt_gfp.musculus.ercc.starIndex --readFilesIn Example_data/SequencingRun_001/Plate_001/Well_1/R1.fastq.gz Example_data/SequencingRun_001/Plate_001/Well_1/R2.fastq.gz --outSAMstrandField intronMotif --readFilesCommand gunzip -c --outFileNamePrefix Example_data/SequencingRun_001/Plate_001/Well_1/ --outSAMtype BAM SortedByCoordinate --outSAMattributes NH HI AS NM MD --outReadsUnmapped Fastx --clip3pAdapterSeq CTGTCTCTTATACACATCT --outFilterType BySJout --outFilterMultimapNmax 20 --outSAMprimaryFlag AllBestScore --outFilterScoreMinOverLread 0.4 --outFilterMatchNminOverLread 0.4 --outFilterMismatchNmax 999 --outFilterMismatchNoverLmax 0.04 --alignIntronMin 20 --alignIntronMax 1000000 --alignMatesGapMax 1000000 --alignSJoverhangMin 8 --twopassMode Basic --alignSJDBoverhangMin 1
##### Initial USER parameters from Command Line:
outFileNamePrefix                 Example_data/SequencingRun_001/Plate_001/Well_1/
###### All USER parameters from Command Line:
genomeDir                     /oak/stanford/groups/quake/yuanxue/resources/sc_pipeline/reference_genomes/ToxoplasmaG_ME49_genome/ToxoDB-36_TgondiiME49_Genome.tdt_gfp.musculus.ercc.starIndex     ~RE-DEFINED
readFilesIn                   Example_data/SequencingRun_001/Plate_001/Well_1/R1.fastq.gz   Example_data/SequencingRun_001/Plate_001/Well_1/R2.fastq.gz        ~RE-DEFINED
outSAMstrandField             intronMotif     ~RE-DEFINED
readFilesCommand              gunzip   -c        ~RE-DEFINED
outFileNamePrefix             Example_data/SequencingRun_001/Plate_001/Well_1/     ~RE-DEFINED
outSAMtype                    BAM   SortedByCoordinate        ~RE-DEFINED
outSAMattributes              NH   HI   AS   NM   MD        ~RE-DEFINED
outReadsUnmapped              Fastx     ~RE-DEFINED
clip3pAdapterSeq              CTGTCTCTTATACACATCT        ~RE-DEFINED
outFilterType                 BySJout     ~RE-DEFINED
outFilterMultimapNmax         20     ~RE-DEFINED
outSAMprimaryFlag             AllBestScore     ~RE-DEFINED
outFilterScoreMinOverLread    0.4     ~RE-DEFINED
outFilterMatchNminOverLread   0.4     ~RE-DEFINED
outFilterMismatchNmax         999     ~RE-DEFINED
outFilterMismatchNoverLmax    0.04     ~RE-DEFINED
alignIntronMin                20     ~RE-DEFINED
alignIntronMax                1000000     ~RE-DEFINED
alignMatesGapMax              1000000     ~RE-DEFINED
alignSJoverhangMin            8     ~RE-DEFINED
twopassMode                   Basic     ~RE-DEFINED
alignSJDBoverhangMin          1     ~RE-DEFINED
##### Finished reading parameters from all sources

##### Final user re-defined parameters-----------------:
genomeDir                         /oak/stanford/groups/quake/yuanxue/resources/sc_pipeline/reference_genomes/ToxoplasmaG_ME49_genome/ToxoDB-36_TgondiiME49_Genome.tdt_gfp.musculus.ercc.starIndex
readFilesIn                       Example_data/SequencingRun_001/Plate_001/Well_1/R1.fastq.gz   Example_data/SequencingRun_001/Plate_001/Well_1/R2.fastq.gz   
readFilesCommand                  gunzip   -c   
outFileNamePrefix                 Example_data/SequencingRun_001/Plate_001/Well_1/
outReadsUnmapped                  Fastx
outSAMtype                        BAM   SortedByCoordinate   
outSAMstrandField                 intronMotif
outSAMattributes                  NH   HI   AS   NM   MD   
outSAMprimaryFlag                 AllBestScore
outFilterType                     BySJout
outFilterMultimapNmax             20
outFilterScoreMinOverLread        0.4
outFilterMatchNminOverLread       0.4
outFilterMismatchNmax             999
outFilterMismatchNoverLmax        0.04
clip3pAdapterSeq                  CTGTCTCTTATACACATCT   
alignIntronMin                    20
alignIntronMax                    1000000
alignMatesGapMax                  1000000
alignSJoverhangMin                8
alignSJDBoverhangMin              1
twopassMode                       Basic

-------------------------------
##### Final effective command line:
STAR   --genomeDir /oak/stanford/groups/quake/yuanxue/resources/sc_pipeline/reference_genomes/ToxoplasmaG_ME49_genome/ToxoDB-36_TgondiiME49_Genome.tdt_gfp.musculus.ercc.starIndex   --readFilesIn Example_data/SequencingRun_001/Plate_001/Well_1/R1.fastq.gz   Example_data/SequencingRun_001/Plate_001/Well_1/R2.fastq.gz      --readFilesCommand gunzip   -c      --outFileNamePrefix Example_data/SequencingRun_001/Plate_001/Well_1/   --outReadsUnmapped Fastx   --outSAMtype BAM   SortedByCoordinate      --outSAMstrandField intronMotif   --outSAMattributes NH   HI   AS   NM   MD      --outSAMprimaryFlag AllBestScore   --outFilterType BySJout   --outFilterMultimapNmax 20   --outFilterScoreMinOverLread 0.4   --outFilterMatchNminOverLread 0.4   --outFilterMismatchNmax 999   --outFilterMismatchNoverLmax 0.04   --clip3pAdapterSeq CTGTCTCTTATACACATCT      --alignIntronMin 20   --alignIntronMax 1000000   --alignMatesGapMax 1000000   --alignSJoverhangMin 8   --alignSJDBoverhangMin 1   --twopassMode Basic

##### Final parameters after user input--------------------------------:
versionGenome                     2.7.0d
parametersFiles                   -   
sysShell                          -
runMode                           alignReads
runThreadN                        1
runDirPerm                        User_RWX
runRNGseed                        777
genomeDir                         /oak/stanford/groups/quake/yuanxue/resources/sc_pipeline/reference_genomes/ToxoplasmaG_ME49_genome/ToxoDB-36_TgondiiME49_Genome.tdt_gfp.musculus.ercc.starIndex
genomeLoad                        NoSharedMemory
genomeFastaFiles                  -   
genomeChainFiles                  -   
genomeSAindexNbases               14
genomeChrBinNbits                 18
genomeSAsparseD                   1
genomeSuffixLengthMax             18446744073709551615
genomeFileSizes                   0   
genomeConsensusFile               -
readFilesType                     Fastx   
readFilesIn                       Example_data/SequencingRun_001/Plate_001/Well_1/R1.fastq.gz   Example_data/SequencingRun_001/Plate_001/Well_1/R2.fastq.gz   
readFilesPrefix                   -
readFilesCommand                  gunzip   -c   
readMatesLengthsIn                NotEqual
readMapNumber                     18446744073709551615
readNameSeparator                 /   
inputBAMfile                      -
bamRemoveDuplicatesType           -
bamRemoveDuplicatesMate2basesN    0
limitGenomeGenerateRAM            31000000000
limitIObufferSize                 150000000
limitOutSAMoneReadBytes           100000
limitOutSJcollapsed               1000000
limitOutSJoneRead                 1000
limitBAMsortRAM                   0
limitSjdbInsertNsj                1000000
limitNreadsSoft                   18446744073709551615
outFileNamePrefix                 Example_data/SequencingRun_001/Plate_001/Well_1/
outTmpDir                         -
outTmpKeep                        None
outStd                            Log
outReadsUnmapped                  Fastx
outQSconversionAdd                0
outMultimapperOrder               Old_2.4
outSAMtype                        BAM   SortedByCoordinate   
outSAMmode                        Full
outSAMstrandField                 intronMotif
outSAMattributes                  NH   HI   AS   NM   MD   
outSAMunmapped                    None   
outSAMorder                       Paired
outSAMprimaryFlag                 AllBestScore
outSAMreadID                      Standard
outSAMmapqUnique                  255
outSAMflagOR                      0
outSAMflagAND                     65535
outSAMattrRGline                  -   
outSAMheaderHD                    -   
outSAMheaderPG                    -   
outSAMheaderCommentFile           -
outBAMcompression                 1
outBAMsortingThreadN              0
outBAMsortingBinsN                50
outSAMfilter                      None   
outSAMmultNmax                    18446744073709551615
outSAMattrIHstart                 1
outSAMtlen                        1
outSJfilterReads                  All
outSJfilterCountUniqueMin         3   1   1   1   
outSJfilterCountTotalMin          3   1   1   1   
outSJfilterOverhangMin            30   12   12   12   
outSJfilterDistToOtherSJmin       10   0   5   10   
outSJfilterIntronMaxVsReadN       50000   100000   200000   
outWigType                        None   
outWigStrand                      Stranded   
outWigReferencesPrefix            -
outWigNorm                        RPM   
outFilterType                     BySJout
outFilterMultimapNmax             20
outFilterMultimapScoreRange       1
outFilterScoreMin                 0
outFilterScoreMinOverLread        0.4
outFilterMatchNmin                0
outFilterMatchNminOverLread       0.4
outFilterMismatchNmax             999
outFilterMismatchNoverLmax        0.04
outFilterMismatchNoverReadLmax    1
outFilterIntronMotifs             None
outFilterIntronStrands            RemoveInconsistentStrands
clip5pNbases                      0   
clip3pNbases                      0   
clip3pAfterAdapterNbases          0   
clip3pAdapterSeq                  CTGTCTCTTATACACATCT   
clip3pAdapterMMp                  0.1   
winBinNbits                       16
winAnchorDistNbins                9
winFlankNbins                     4
winAnchorMultimapNmax             50
winReadCoverageRelativeMin        0.5
winReadCoverageBasesMin           0
scoreGap                          0
scoreGapNoncan                    -8
scoreGapGCAG                      -4
scoreGapATAC                      -8
scoreStitchSJshift                1
scoreGenomicLengthLog2scale       -0.25
scoreDelBase                      -2
scoreDelOpen                      -2
scoreInsOpen                      -2
scoreInsBase                      -2
seedSearchLmax                    0
seedSearchStartLmax               50
seedSearchStartLmaxOverLread      1
seedPerReadNmax                   1000
seedPerWindowNmax                 50
seedNoneLociPerWindow             10
seedMultimapNmax                  10000
seedSplitMin                      12
alignIntronMin                    20
alignIntronMax                    1000000
alignMatesGapMax                  1000000
alignTranscriptsPerReadNmax       10000
alignSJoverhangMin                8
alignSJDBoverhangMin              1
alignSJstitchMismatchNmax         0   -1   0   0   
alignSplicedMateMapLmin           0
alignSplicedMateMapLminOverLmate    0.66
alignWindowsPerReadNmax           10000
alignTranscriptsPerWindowNmax     100
alignEndsType                     Local
alignSoftClipAtReferenceEnds      Yes
alignEndsProtrude                 0   ConcordantPair   
alignInsertionFlush               None
peOverlapNbasesMin                0
peOverlapMMp                      0.01
chimSegmentMin                    0
chimScoreMin                      0
chimScoreDropMax                  20
chimScoreSeparation               10
chimScoreJunctionNonGTAG          -1
chimMainSegmentMultNmax           10
chimJunctionOverhangMin           20
chimOutType                       Junctions   
chimFilter                        banGenomicN   
chimSegmentReadGapMax             0
chimMultimapNmax                  0
chimMultimapScoreRange            1
chimNonchimScoreDropMin           20
chimOutJunctionFormat             0   
sjdbFileChrStartEnd               -   
sjdbGTFfile                       -
sjdbGTFchrPrefix                  -
sjdbGTFfeatureExon                exon
sjdbGTFtagExonParentTranscript    transcript_id
sjdbGTFtagExonParentGene          gene_id
sjdbOverhang                      100
sjdbScore                         2
sjdbInsertSave                    Basic
varVCFfile                        -
waspOutputMode                    None
quantMode                         -   
quantTranscriptomeBAMcompression    1
quantTranscriptomeBan             IndelSoftclipSingleend
twopass1readsN                    18446744073709551615
twopassMode                       Basic
soloType                          None
soloCBstart                       1
soloUMIstart                      17
soloCBlen                         16
soloUMIlen                        10
soloBarcodeReadLength             1
soloCBwhitelist                   -
soloStrand                        Forward
soloOutFileNames                  Solo.out/   genes.tsv   barcodes.tsv   matrix.mtx   matrixSJ.mtx   
soloFeatures                      Gene   
soloUMIdedup                      1MM_All   
----------------------------------------


   Input read files for mate 1, from input string Example_data/SequencingRun_001/Plate_001/Well_1/R1.fastq.gz
-rw-rw----+ 1 yuanxue quake 82503 Jun  1 13:05 Example_data/SequencingRun_001/Plate_001/Well_1/R1.fastq.gz

   readsCommandsFile:
exec > "Example_data/SequencingRun_001/Plate_001/Well_1/_STARtmp/tmp.fifo.read1"
echo FILE 0
gunzip   -c      "Example_data/SequencingRun_001/Plate_001/Well_1/R1.fastq.gz"


   Input read files for mate 2, from input string Example_data/SequencingRun_001/Plate_001/Well_1/R2.fastq.gz
-rw-rw----+ 1 yuanxue quake 89498 Jun  1 13:05 Example_data/SequencingRun_001/Plate_001/Well_1/R2.fastq.gz

   readsCommandsFile:
exec > "Example_data/SequencingRun_001/Plate_001/Well_1/_STARtmp/tmp.fifo.read2"
echo FILE 0
gunzip   -c      "Example_data/SequencingRun_001/Plate_001/Well_1/R2.fastq.gz"

WARNING --outSAMstrandField=intronMotif, therefore STAR will output XS attribute
WARNING: --limitBAMsortRAM=0, will use genome size as RAM limit for BAM sorting
Finished loading and checking parameters
Reading genome generation parameters:
### STAR   --runMode genomeGenerate   --runThreadN 16   --genomeDir /oak/stanford/groups/quake/yuanxue/resources/sc_pipeline/reference_genomes/ToxoplasmaG_ME49_genome/ToxoDB-36_TgondiiME49_Genome.tdt_gfp.musculus.ercc.starIndex   --genomeFastaFiles /oak/stanford/groups/quake/yuanxue/resources/sc_pipeline/reference_genomes/ToxoplasmaG_ME49_genome/ToxoDB-36_TgondiiME49_Genome.tdt_gfp.musculus.ercc.fasta      --genomeSAsparseD 2   --sjdbGTFfile /oak/stanford/groups/quake/yuanxue/resources/sc_pipeline/reference_genomes/ToxoplasmaG_ME49_genome/ToxoDB-36_TgondiiME49.tdt_gfp.ercc.gff3   --sjdbGTFtagExonParentTranscript Parent   --sjdbOverhang 100
### GstrandBit=34
versionGenome                 2.7.0d     ~RE-DEFINED
genomeFastaFiles              /oak/stanford/groups/quake/yuanxue/resources/sc_pipeline/reference_genomes/ToxoplasmaG_ME49_genome/ToxoDB-36_TgondiiME49_Genome.tdt_gfp.musculus.ercc.fasta        ~RE-DEFINED
genomeSAindexNbases           14     ~RE-DEFINED
genomeChrBinNbits             18     ~RE-DEFINED
genomeSAsparseD               2     ~RE-DEFINED
sjdbOverhang                  100     ~RE-DEFINED
sjdbFileChrStartEnd           -        ~RE-DEFINED
sjdbGTFfile                   /oak/stanford/groups/quake/yuanxue/resources/sc_pipeline/reference_genomes/ToxoplasmaG_ME49_genome/ToxoDB-36_TgondiiME49.tdt_gfp.ercc.gff3     ~RE-DEFINED
sjdbGTFchrPrefix              -     ~RE-DEFINED
sjdbGTFfeatureExon            exon     ~RE-DEFINED
sjdbGTFtagExonParentTranscriptParent     ~RE-DEFINED
sjdbGTFtagExonParentGene      gene_id     ~RE-DEFINED
sjdbInsertSave                Basic     ~RE-DEFINED
genomeFileSizes               9060155167   12021358833        ~RE-DEFINED
Genome version is compatible with current STAR
Number of real (reference) chromosomes= 2466
1	TGME49_chrIa	1859933	0
2	TGME49_chrIb	1955354	2097152
3	TGME49_chrII	2347032	4194304
4	TGME49_chrIII	2532871	6553600
5	TGME49_chrIV	2686605	9175040
6	TGME49_chrV	3331915	12058624
7	TGME49_chrVI	3656745	15466496
8	TGME49_chrVIIa	4541629	19136512
9	TGME49_chrVIIb	5069724	23855104
10	TGME49_chrVIII	6970285	29097984
11	TGME49_chrIX	6327655	36175872
12	TGME49_chrX	7486190	42729472
13	TGME49_chrXI	6623461	50331648
14	TGME49_chrXII	7094428	57147392
15	KE138841	35372	64487424
16	KE138842	979	64749568
17	KE138843	219	65011712
18	KE138844	1428	65273856
19	KE138845	3685	65536000
20	KE138846	889	65798144
21	KE138847	1204	66060288
22	KE138848	1011	66322432
23	KE138849	1203	66584576
24	KE138850	1357	66846720
25	KE138851	13341	67108864
26	KE138852	1086	67371008
27	KE138853	1163	67633152
28	KE138854	1003	67895296
29	KE138855	1119	68157440
30	KE138856	1030	68419584
31	KE138857	1121	68681728
32	KE138858	1011	68943872
33	KE138859	1386	69206016
34	KE138860	1120	69468160
35	KE138861	3123	69730304
36	KE138862	11575	69992448
37	KE138863	1114	70254592
38	KE138864	1219	70516736
39	KE138865	1328	70778880
40	KE138866	20505	71041024
41	KE138868	16277	71303168
42	KE138869	4014	71565312
43	KE138870	4354	71827456
44	KE138871	1178	72089600
45	KE138872	2617	72351744
46	KE138873	1035	72613888
47	KE138874	13514	72876032
48	KE138875	11753	73138176
49	KE138876	2361	73400320
50	KE138877	1830	73662464
51	KE138878	2033	73924608
52	KE138879	3759	74186752
53	KE138880	7070	74448896
54	KE138881	1273	74711040
55	KE138882	1074	74973184
56	KE138883	1099	75235328
57	KE138884	5047	75497472
58	KE138885	1109	75759616
59	KE138886	3795	76021760
60	KE138887	1130	76283904
61	KE138888	1538	76546048
62	KE138889	1039	76808192
63	KE138890	1359	77070336
64	KE138891	6268	77332480
65	KE138892	32330	77594624
66	KE138893	1074	77856768
67	KE138894	1018	78118912
68	KE138895	13645	78381056
69	KE138896	2336	78643200
70	KE138897	1032	78905344
71	KE138898	1279	79167488
72	KE138899	1114	79429632
73	KE138900	7209	79691776
74	KE138901	2988	79953920
75	KE138902	1317	80216064
76	KE138903	5549	80478208
77	KE138904	2539	80740352
78	KE138905	2686	81002496
79	KE138906	2337	81264640
80	KE138907	1074	81526784
81	KE138908	1010	81788928
82	KE138909	1996	82051072
83	KE138910	5676	82313216
84	KE138911	2923	82575360
85	KE138912	1551	82837504
86	KE138913	3208	83099648
87	KE138914	1000	83361792
88	KE138915	1442	83623936
89	KE138916	1660	83886080
90	KE138917	6685	84148224
91	KE138918	4160	84410368
92	KE138919	6619	84672512
93	KE138920	1361	84934656
94	KE138921	1973	85196800
95	KE138922	1052	85458944
96	KE138923	1021	85721088
97	KE138924	1539	85983232
98	KE138925	3095	86245376
99	KE138926	1107	86507520
100	KE138927	1036	86769664
101	KE138928	3154	87031808
102	KE138929	1422	87293952
103	KE138930	1296	87556096
104	KE138931	1228	87818240
105	KE138932	3819	88080384
106	KE138933	1182	88342528
107	KE138934	1092	88604672
108	KE138935	1106	88866816
109	KE138936	3824	89128960
110	KE138937	2468	89391104
111	KE138938	2081	89653248
112	KE138939	1483	89915392
113	KE138940	1691	90177536
114	KE138941	1043	90439680
115	KE138942	2346	90701824
116	KE138943	1895	90963968
117	KE138944	3664	91226112
118	KE138945	1077	91488256
119	KE138946	3274	91750400
120	KE138947	1049	92012544
121	KE138948	1287	92274688
122	KE138949	1068	92536832
123	KE138950	1054	92798976
124	KE138951	2809	93061120
125	KE138952	1019	93323264
126	KE138953	1993	93585408
127	KE138954	1024	93847552
128	KE138955	1028	94109696
129	KE138956	1241	94371840
130	KE138957	1332	94633984
131	KE138958	2332	94896128
132	KE138959	1572	95158272
133	KE138960	1088	95420416
134	KE138961	1139	95682560
135	KE138962	1016	95944704
136	KE138963	1614	96206848
137	KE138964	3289	96468992
138	KE138965	3042	96731136
139	KE138966	1158	96993280
140	KE138967	1141	97255424
141	KE138968	1006	97517568
142	KE138969	1095	97779712
143	KE138970	1008	98041856
144	KE138971	1465	98304000
145	KE138972	3573	98566144
146	KE138973	1257	98828288
147	KE138974	1292	99090432
148	KE138975	2274	99352576
149	KE138976	1893	99614720
150	KE138977	2205	99876864
151	KE138978	1008	100139008
152	KE138979	1054	100401152
153	KE138980	1751	100663296
154	KE138981	1631	100925440
155	KE138982	1164	101187584
156	KE138983	1028	101449728
157	KE138984	2669	101711872
158	KE138985	1256	101974016
159	KE138986	1095	102236160
160	KE138987	1274	102498304
161	KE138988	1117	102760448
162	KE138989	1153	103022592
163	KE138990	1131	103284736
164	KE138991	1204	103546880
165	KE138992	1276	103809024
166	KE138993	1079	104071168
167	KE138994	1764	104333312
168	KE138995	1400	104595456
169	KE138996	1540	104857600
170	KE138997	3213	105119744
171	KE138998	1581	105381888
172	KE138999	1054	105644032
173	KE139000	1894	105906176
174	KE139001	1666	106168320
175	KE139002	1371	106430464
176	KE139003	1058	106692608
177	KE139004	1805	106954752
178	KE139005	1249	107216896
179	KE139006	1781	107479040
180	KE139007	1321	107741184
181	KE139008	1664	108003328
182	KE139009	1345	108265472
183	KE139010	1034	108527616
184	KE139011	1440	108789760
185	KE139012	1023	109051904
186	KE139013	1065	109314048
187	KE139014	1846	109576192
188	KE139015	1477	109838336
189	KE139016	1540	110100480
190	KE139017	1917	110362624
191	KE139018	1424	110624768
192	KE139019	1855	110886912
193	KE139020	1106	111149056
194	KE139021	1041	111411200
195	KE139022	1517	111673344
196	KE139023	1661	111935488
197	KE139024	1830	112197632
198	KE139025	1108	112459776
199	KE139026	1079	112721920
200	KE139027	1033	112984064
201	KE139028	3176	113246208
202	KE139029	1337	113508352
203	KE139030	1322	113770496
204	KE139031	1169	114032640
205	KE139032	1184	114294784
206	KE139033	1660	114556928
207	KE139034	1480	114819072
208	KE139035	1656	115081216
209	KE139036	1578	115343360
210	KE139037	1658	115605504
211	KE139038	1059	115867648
212	KE139039	1020	116129792
213	KE139040	2152	116391936
214	KE139041	2186	116654080
215	KE139042	2219	116916224
216	KE139043	1975	117178368
217	KE139044	1047	117440512
218	KE139045	1511	117702656
219	KE139046	1484	117964800
220	KE139047	1133	118226944
221	KE139048	1076	118489088
222	KE139049	1202	118751232
223	KE139050	1198	119013376
224	KE139051	1379	119275520
225	KE139052	1319	119537664
226	KE139053	1303	119799808
227	KE139054	1065	120061952
228	KE139055	1431	120324096
229	KE139056	1225	120586240
230	KE139057	1786	120848384
231	KE139058	1761	121110528
232	KE139059	1041	121372672
233	KE139060	1129	121634816
234	KE139061	1363	121896960
235	KE139062	1077	122159104
236	KE139063	3333	122421248
237	KE139064	1971	122683392
238	KE139065	1034	122945536
239	KE139066	1221	123207680
240	KE139067	1657	123469824
241	KE139068	1056	123731968
242	KE139069	1111	123994112
243	KE139070	1159	124256256
244	KE139071	1494	124518400
245	KE139072	1258	124780544
246	KE139073	1189	125042688
247	KE139074	1433	125304832
248	KE139075	1463	125566976
249	KE139076	1452	125829120
250	KE139077	1328	126091264
251	KE139078	1466	126353408
252	KE139079	1557	126615552
253	KE139080	1336	126877696
254	KE139081	1439	127139840
255	KE139082	1284	127401984
256	KE139083	1441	127664128
257	KE139084	1280	127926272
258	KE139085	1804	128188416
259	KE139086	1096	128450560
260	KE139087	1514	128712704
261	KE139088	1526	128974848
262	KE139089	1332	129236992
263	KE139090	1009	129499136
264	KE139091	1043	129761280
265	KE139092	1355	130023424
266	KE139093	1049	130285568
267	KE139094	1155	130547712
268	KE139095	1705	130809856
269	KE139096	1219	131072000
270	KE139097	1017	131334144
271	KE139098	1021	131596288
272	KE139099	1021	131858432
273	KE139100	1524	132120576
274	KE139101	1119	132382720
275	KE139102	1152	132644864
276	KE139103	1070	132907008
277	KE139104	1495	133169152
278	KE139105	1026	133431296
279	KE139106	1015	133693440
280	KE139107	1122	133955584
281	KE139108	1142	134217728
282	KE139109	1233	134479872
283	KE139110	1044	134742016
284	KE139111	1142	135004160
285	KE139112	1067	135266304
286	KE139113	1035	135528448
287	KE139114	1036	135790592
288	KE139115	1028	136052736
289	KE139116	1009	136314880
290	KE139117	1014	136577024
291	KE139118	1167	136839168
292	KE139119	1107	137101312
293	KE139120	2142	137363456
294	KE139121	1302	137625600
295	KE139122	1006	137887744
296	KE139123	1689	138149888
297	KE139124	1151	138412032
298	KE139125	1013	138674176
299	KE139126	1002	138936320
300	KE139127	2031	139198464
301	KE139128	1185	139460608
302	KE139129	1508	139722752
303	KE139130	12872	139984896
304	KE139131	2873	140247040
305	KE139132	1093	140509184
306	KE139133	1171	140771328
307	KE139134	1427	141033472
308	KE139135	4662	141295616
309	KE139136	4103	141557760
310	KE139137	1080	141819904
311	KE139138	1059	142082048
312	KE139139	1078	142344192
313	KE139140	20306	142606336
314	KE139141	1244	142868480
315	KE139142	1111	143130624
316	KE139143	1579	143392768
317	KE139144	970	143654912
318	KE139145	1667	143917056
319	KE139146	1313	144179200
320	KE139147	2903	144441344
321	KE139148	1053	144703488
322	KE139149	1028	144965632
323	KE139150	1053	145227776
324	KE139151	2436	145489920
325	KE139152	2841	145752064
326	KE139153	14157	146014208
327	KE139154	1280	146276352
328	KE139155	8458	146538496
329	KE139156	2819	146800640
330	KE139157	1786	147062784
331	KE139158	1247	147324928
332	KE139159	1003	147587072
333	KE139160	3098	147849216
334	KE139161	8587	148111360
335	KE139162	2258	148373504
336	KE139163	6720	148635648
337	KE139164	1021	148897792
338	KE139165	2439	149159936
339	KE139166	1700	149422080
340	KE139167	1594	149684224
341	KE139168	10443	149946368
342	KE139169	1039	150208512
343	KE139170	3842	150470656
344	KE139171	917	150732800
345	KE139172	1016	150994944
346	KE139173	1191	151257088
347	KE139174	2513	151519232
348	KE139175	3165	151781376
349	KE139176	7324	152043520
350	KE139177	1926	152305664
351	KE139178	2986	152567808
352	KE139179	9967	152829952
353	KE139180	5494	153092096
354	KE139181	4677	153354240
355	KE139182	1077	153616384
356	KE139183	18196	153878528
357	KE139184	8033	154140672
358	KE139185	1347	154402816
359	KE139186	978	154664960
360	KE139187	5397	154927104
361	KE139188	5142	155189248
362	KE139189	1161	155451392
363	KE139190	3036	155713536
364	KE139191	5568	155975680
365	KE139192	7279	156237824
366	KE139193	2145	156499968
367	KE139194	6873	156762112
368	KE139195	2122	157024256
369	KE139196	2329	157286400
370	KE139197	1667	157548544
371	KE139198	1272	157810688
372	KE139199	1245	158072832
373	KE139200	5485	158334976
374	KE139201	1845	158597120
375	KE139202	1025	158859264
376	KE139203	1025	159121408
377	KE139204	1083	159383552
378	KE139205	1059	159645696
379	KE139206	1213	159907840
380	KE139207	1370	160169984
381	KE139208	1117	160432128
382	KE139209	1004	160694272
383	KE139210	1336	160956416
384	KE139211	1248	161218560
385	KE139212	1040	161480704
386	KE139213	3512	161742848
387	KE139214	2181	162004992
388	KE139215	1210	162267136
389	KE139216	1225	162529280
390	KE139217	1241	162791424
391	KE139218	1083	163053568
392	KE139219	1501	163315712
393	KE139220	1465	163577856
394	KE139221	1987	163840000
395	KE139222	3666	164102144
396	KE139223	1857	164364288
397	KE139224	1668	164626432
398	KE139225	1526	164888576
399	KE139226	1697	165150720
400	KE139227	1118	165412864
401	KE139228	2748	165675008
402	KE139229	2845	165937152
403	KE139230	3471	166199296
404	KE139231	1269	166461440
405	KE139232	1679	166723584
406	KE139233	1386	166985728
407	KE139234	1031	167247872
408	KE139235	1682	167510016
409	KE139236	1051	167772160
410	KE139237	1273	168034304
411	KE139238	3159	168296448
412	KE139239	1168	168558592
413	KE139240	1044	168820736
414	KE139241	1557	169082880
415	KE139242	3708	169345024
416	KE139243	1101	169607168
417	KE139244	1100	169869312
418	KE139245	1168	170131456
419	KE139246	1574	170393600
420	KE139247	1079	170655744
421	KE139248	1277	170917888
422	KE139249	1480	171180032
423	KE139250	1113	171442176
424	KE139251	2676	171704320
425	KE139252	1011	171966464
426	KE139253	2510	172228608
427	KE139254	1047	172490752
428	KE139255	1252	172752896
429	KE139256	1070	173015040
430	KE139257	1044	173277184
431	KE139258	3834	173539328
432	KE139259	1583	173801472
433	KE139260	1622	174063616
434	KE139261	2317	174325760
435	KE139262	1002	174587904
436	KE139263	1008	174850048
437	KE139264	1488	175112192
438	KE139265	1038	175374336
439	KE139266	1003	175636480
440	KE139267	1434	175898624
441	KE139268	1297	176160768
442	KE139269	1055	176422912
443	KE139270	1238	176685056
444	KE139271	1377	176947200
445	KE139272	1067	177209344
446	KE139273	1023	177471488
447	KE139274	1125	177733632
448	KE139275	1148	177995776
449	KE139276	2398	178257920
450	KE139277	1464	178520064
451	KE139278	1000	178782208
452	KE139279	4559	179044352
453	KE139280	1053	179306496
454	KE139281	1038	179568640
455	KE139282	1231	179830784
456	KE139283	1043	180092928
457	KE139284	1396	180355072
458	KE139285	1459	180617216
459	KE139286	1949	180879360
460	KE139287	1094	181141504
461	KE139288	1046	181403648
462	KE139289	1220	181665792
463	KE139290	1354	181927936
464	KE139291	1410	182190080
465	KE139292	1172	182452224
466	KE139293	1421	182714368
467	KE139294	1652	182976512
468	KE139295	1645	183238656
469	KE139296	1344	183500800
470	KE139297	1990	183762944
471	KE139298	1533	184025088
472	KE139299	1306	184287232
473	KE139300	1510	184549376
474	KE139301	1040	184811520
475	KE139302	1597	185073664
476	KE139303	1545	185335808
477	KE139304	1466	185597952
478	KE139305	1412	185860096
479	KE139306	1203	186122240
480	KE139307	1272	186384384
481	KE139308	1508	186646528
482	KE139309	1539	186908672
483	KE139310	1018	187170816
484	KE139311	1484	187432960
485	KE139312	1463	187695104
486	KE139313	1736	187957248
487	KE139314	1001	188219392
488	KE139315	1204	188481536
489	KE139316	1268	188743680
490	KE139317	1450	189005824
491	KE139318	2804	189267968
492	KE139319	1522	189530112
493	KE139320	1040	189792256
494	KE139321	1408	190054400
495	KE139322	1295	190316544
496	KE139323	1000	190578688
497	KE139324	1056	190840832
498	KE139325	1046	191102976
499	KE139326	3128	191365120
500	KE139327	1450	191627264
501	KE139328	1455	191889408
502	KE139329	1074	192151552
503	KE139330	1462	192413696
504	KE139331	1033	192675840
505	KE139332	1279	192937984
506	KE139333	1149	193200128
507	KE139334	1575	193462272
508	KE139335	1570	193724416
509	KE139336	1740	193986560
510	KE139337	1512	194248704
511	KE139338	1771	194510848
512	KE139339	1620	194772992
513	KE139340	2315	195035136
514	KE139341	1278	195297280
515	KE139342	1039	195559424
516	KE139343	1243	195821568
517	KE139344	1271	196083712
518	KE139345	1028	196345856
519	KE139346	1081	196608000
520	KE139347	1515	196870144
521	KE139348	1711	197132288
522	KE139349	1023	197394432
523	KE139350	1645	197656576
524	KE139351	1026	197918720
525	KE139352	1079	198180864
526	KE139353	1116	198443008
527	KE139354	1874	198705152
528	KE139355	1020	198967296
529	KE139356	1775	199229440
530	KE139357	1957	199491584
531	KE139358	1078	199753728
532	KE139359	1182	200015872
533	KE139360	1175	200278016
534	KE139361	1246	200540160
535	KE139362	1062	200802304
536	KE139363	1276	201064448
537	KE139364	1496	201326592
538	KE139365	1141	201588736
539	KE139366	1220	201850880
540	KE139367	1131	202113024
541	KE139368	1008	202375168
542	KE139369	1682	202637312
543	KE139370	1018	202899456
544	KE139371	1011	203161600
545	KE139372	1329	203423744
546	KE139373	1157	203685888
547	KE139374	1502	203948032
548	KE139375	1055	204210176
549	KE139376	1064	204472320
550	KE139377	1023	204734464
551	KE139378	1376	204996608
552	KE139379	1203	205258752
553	KE139380	1245	205520896
554	KE139381	1098	205783040
555	KE139382	1462	206045184
556	KE139383	1443	206307328
557	KE139384	1862	206569472
558	KE139385	1301	206831616
559	KE139386	1456	207093760
560	KE139387	1181	207355904
561	KE139388	1489	207618048
562	KE139389	2041	207880192
563	KE139390	1068	208142336
564	KE139391	1142	208404480
565	KE139392	1319	208666624
566	KE139393	1573	208928768
567	KE139394	1689	209190912
568	KE139395	1015	209453056
569	KE139396	1051	209715200
570	KE139397	1205	209977344
571	KE139398	1188	210239488
572	KE139399	1016	210501632
573	KE139400	1553	210763776
574	KE139401	1524	211025920
575	KE139402	1362	211288064
576	KE139403	1040	211550208
577	KE139404	1303	211812352
578	KE139405	1072	212074496
579	KE139406	1459	212336640
580	KE139407	1066	212598784
581	KE139408	1209	212860928
582	KE139409	1780	213123072
583	KE139410	1159	213385216
584	KE139411	1481	213647360
585	KE139412	1734	213909504
586	KE139413	1525	214171648
587	KE139414	1488	214433792
588	KE139415	1142	214695936
589	KE139416	1213	214958080
590	KE139417	1146	215220224
591	KE139418	1429	215482368
592	KE139419	1437	215744512
593	KE139420	1555	216006656
594	KE139421	1032	216268800
595	KE139422	1135	216530944
596	KE139423	1164	216793088
597	KE139424	1460	217055232
598	KE139425	29177	217317376
599	KE139426	3239	217579520
600	KE139427	18651	217841664
601	KE139428	2734	218103808
602	KE139429	1004	218365952
603	KE139430	1044	218628096
604	KE139431	1010	218890240
605	KE139432	1004	219152384
606	KE139433	5763	219414528
607	KE139434	5175	219676672
608	KE139435	6162	219938816
609	KE139436	6777	220200960
610	KE139437	6513	220463104
611	KE139438	1005	220725248
612	KE139439	1070	220987392
613	KE139440	1005	221249536
614	KE139441	1007	221511680
615	KE139442	1046	221773824
616	KE139443	1068	222035968
617	KE139444	1095	222298112
618	KE139445	1098	222560256
619	KE139446	1002	222822400
620	KE139447	1008	223084544
621	KE139448	1023	223346688
622	KE139449	1055	223608832
623	KE139450	1002	223870976
624	KE139451	1009	224133120
625	KE139452	1032	224395264
626	KE139453	1024	224657408
627	KE139454	1022	224919552
628	KE139455	1023	225181696
629	KE139456	1009	225443840
630	KE139457	1076	225705984
631	KE139458	1006	225968128
632	KE139459	2669	226230272
633	KE139460	1022	226492416
634	KE139461	1031	226754560
635	KE139462	1075	227016704
636	KE139463	1075	227278848
637	KE139464	1008	227540992
638	KE139465	1052	227803136
639	KE139466	1002	228065280
640	KE139467	1010	228327424
641	KE139468	1018	228589568
642	KE139469	1094	228851712
643	KE139470	1002	229113856
644	KE139471	1011	229376000
645	KE139472	1021	229638144
646	KE139473	1003	229900288
647	KE139474	1057	230162432
648	KE139475	1055	230424576
649	KE139476	1067	230686720
650	KE139477	1015	230948864
651	KE139478	1066	231211008
652	KE139479	1021	231473152
653	KE139480	1040	231735296
654	KE139481	1057	231997440
655	KE139482	1038	232259584
656	KE139483	1129	232521728
657	KE139484	1066	232783872
658	KE139485	1024	233046016
659	KE139486	1008	233308160
660	KE139487	1012	233570304
661	KE139488	1105	233832448
662	KE139489	1060	234094592
663	KE139490	1009	234356736
664	KE139491	1032	234618880
665	KE139492	1086	234881024
666	KE139493	1071	235143168
667	KE139494	1014	235405312
668	KE139495	1017	235667456
669	KE139496	1002	235929600
670	KE139497	1004	236191744
671	KE139498	1010	236453888
672	KE139499	1002	236716032
673	KE139500	1006	236978176
674	KE139501	1071	237240320
675	KE139502	1086	237502464
676	KE139503	1039	237764608
677	KE139504	1028	238026752
678	KE139505	1000	238288896
679	KE139506	1018	238551040
680	KE139507	1037	238813184
681	KE139508	1001	239075328
682	KE139509	1106	239337472
683	KE139510	1000	239599616
684	KE139511	1014	239861760
685	KE139512	1117	240123904
686	KE139513	1036	240386048
687	KE139514	1079	240648192
688	KE139515	1060	240910336
689	KE139516	1002	241172480
690	KE139517	1006	241434624
691	KE139518	1060	241696768
692	KE139519	1038	241958912
693	KE139520	1085	242221056
694	KE139521	1044	242483200
695	KE139522	1112	242745344
696	KE139523	1002	243007488
697	KE139524	1000	243269632
698	KE139525	1031	243531776
699	KE139526	1013	243793920
700	KE139527	1078	244056064
701	KE139528	1004	244318208
702	KE139529	1035	244580352
703	KE139530	1031	244842496
704	KE139531	1067	245104640
705	KE139532	1004	245366784
706	KE139533	1040	245628928
707	KE139534	1004	245891072
708	KE139535	1014	246153216
709	KE139536	1007	246415360
710	KE139537	1009	246677504
711	KE139538	1029	246939648
712	KE139539	1044	247201792
713	KE139540	1017	247463936
714	KE139541	1031	247726080
715	KE139542	1008	247988224
716	KE139543	1036	248250368
717	KE139544	1064	248512512
718	KE139545	1078	248774656
719	KE139546	1035	249036800
720	KE139547	1021	249298944
721	KE139548	1043	249561088
722	KE139549	1015	249823232
723	KE139550	1009	250085376
724	KE139551	1025	250347520
725	KE139552	958	250609664
726	KE139553	1082	250871808
727	KE139554	1020	251133952
728	KE139555	1025	251396096
729	KE139556	1001	251658240
730	KE139557	1017	251920384
731	KE139558	1089	252182528
732	KE139559	1008	252444672
733	KE139560	1004	252706816
734	KE139561	1088	252968960
735	KE139562	1007	253231104
736	KE139563	1035	253493248
737	KE139564	1021	253755392
738	KE139565	1016	254017536
739	KE139566	1010	254279680
740	KE139567	1040	254541824
741	KE139568	1047	254803968
742	KE139569	1005	255066112
743	KE139570	1008	255328256
744	KE139571	1048	255590400
745	KE139572	1054	255852544
746	KE139573	1022	256114688
747	KE139574	1023	256376832
748	KE139575	1000	256638976
749	KE139576	1024	256901120
750	KE139577	1050	257163264
751	KE139578	1028	257425408
752	KE139579	1006	257687552
753	KE139580	1009	257949696
754	KE139581	1006	258211840
755	KE139582	1057	258473984
756	KE139583	1098	258736128
757	KE139584	1003	258998272
758	KE139585	1045	259260416
759	KE139586	1037	259522560
760	KE139587	1026	259784704
761	KE139588	1012	260046848
762	KE139589	1018	260308992
763	KE139590	1037	260571136
764	KE139591	1045	260833280
765	KE139592	1012	261095424
766	KE139593	1046	261357568
767	KE139594	1013	261619712
768	KE139595	1010	261881856
769	KE139596	1021	262144000
770	KE139597	1023	262406144
771	KE139598	1036	262668288
772	KE139599	1062	262930432
773	KE139600	1011	263192576
774	KE139601	1016	263454720
775	KE139602	1020	263716864
776	KE139603	1046	263979008
777	KE139604	1014	264241152
778	KE139605	1020	264503296
779	KE139606	1044	264765440
780	KE139607	1004	265027584
781	KE139608	1037	265289728
782	KE139609	1006	265551872
783	KE139610	1020	265814016
784	KE139611	1019	266076160
785	KE139612	1001	266338304
786	KE139613	1052	266600448
787	KE139614	1029	266862592
788	KE139615	1022	267124736
789	KE139616	1072	267386880
790	KE139617	1011	267649024
791	KE139618	1029	267911168
792	KE139619	1086	268173312
793	KE139620	1103	268435456
794	KE139621	1115	268697600
795	KE139622	1011	268959744
796	KE139623	1035	269221888
797	KE139624	1016	269484032
798	KE139625	1004	269746176
799	KE139626	1024	270008320
800	KE139627	1099	270270464
801	KE139628	1084	270532608
802	KE139629	1012	270794752
803	KE139630	1072	271056896
804	KE139631	1072	271319040
805	KE139632	1031	271581184
806	KE139633	1016	271843328
807	KE139634	1000	272105472
808	KE139635	1057	272367616
809	KE139636	1005	272629760
810	KE139637	1011	272891904
811	KE139638	1016	273154048
812	KE139639	1012	273416192
813	KE139640	1047	273678336
814	KE139641	1078	273940480
815	KE139642	1010	274202624
816	KE139643	708	274464768
817	KE139644	1010	274726912
818	KE139645	1036	274989056
819	KE139646	1023	275251200
820	KE139647	1012	275513344
821	KE139648	1001	275775488
822	KE139649	1001	276037632
823	KE139650	1005	276299776
824	KE139651	1018	276561920
825	KE139652	1075	276824064
826	KE139653	1035	277086208
827	KE139654	1011	277348352
828	KE139655	1072	277610496
829	KE139656	1012	277872640
830	KE139657	1009	278134784
831	KE139658	1099	278396928
832	KE139659	1000	278659072
833	KE139660	1027	278921216
834	KE139661	1032	279183360
835	KE139662	1000	279445504
836	KE139663	1060	279707648
837	KE139664	1006	279969792
838	KE139665	1053	280231936
839	KE139666	1068	280494080
840	KE139667	1005	280756224
841	KE139668	1005	281018368
842	KE139669	1010	281280512
843	KE139670	1003	281542656
844	KE139671	1047	281804800
845	KE139672	1004	282066944
846	KE139673	1030	282329088
847	KE139674	1008	282591232
848	KE139675	1031	282853376
849	KE139676	1036	283115520
850	KE139677	1022	283377664
851	KE139678	1058	283639808
852	KE139679	1002	283901952
853	KE139680	1008	284164096
854	KE139681	1054	284426240
855	KE139682	1023	284688384
856	KE139683	1016	284950528
857	KE139684	1001	285212672
858	KE139685	1001	285474816
859	KE139686	1000	285736960
860	KE139687	1003	285999104
861	KE139688	1013	286261248
862	KE139689	1017	286523392
863	KE139690	1027	286785536
864	KE139691	1027	287047680
865	KE139692	1013	287309824
866	KE139693	1046	287571968
867	KE139694	1062	287834112
868	KE139695	1052	288096256
869	KE139696	1035	288358400
870	KE139697	1016	288620544
871	KE139698	1075	288882688
872	KE139699	1090	289144832
873	KE139700	1031	289406976
874	KE139701	1007	289669120
875	KE139702	1051	289931264
876	KE139703	1007	290193408
877	KE139704	1014	290455552
878	KE139705	8595	290717696
879	KE139706	1027	290979840
880	KE139707	1061	291241984
881	KE139708	1000	291504128
882	KE139709	1008	291766272
883	KE139710	1000	292028416
884	KE139711	1066	292290560
885	KE139712	1027	292552704
886	KE139713	1017	292814848
887	KE139714	1241	293076992
888	KE139715	1043	293339136
889	KE139716	1064	293601280
890	KE139717	1031	293863424
891	KE139718	1014	294125568
892	KE139719	1003	294387712
893	KE139720	1057	294649856
894	KE139721	1004	294912000
895	KE139722	1024	295174144
896	KE139723	1049	295436288
897	KE139724	1033	295698432
898	KE139725	1120	295960576
899	KE139726	1021	296222720
900	KE139727	1029	296484864
901	KE139728	1035	296747008
902	KE139729	1017	297009152
903	KE139730	1086	297271296
904	KE139731	1003	297533440
905	KE139732	1061	297795584
906	KE139733	1070	298057728
907	KE139734	1018	298319872
908	KE139735	1069	298582016
909	KE139736	1000	298844160
910	KE139737	1075	299106304
911	KE139738	1020	299368448
912	KE139739	1019	299630592
913	KE139740	1003	299892736
914	KE139741	1046	300154880
915	KE139742	1015	300417024
916	KE139743	1047	300679168
917	KE139744	1004	300941312
918	KE139745	1011	301203456
919	KE139746	1003	301465600
920	KE139747	1046	301727744
921	KE139748	1075	301989888
922	KE139749	1016	302252032
923	KE139750	1006	302514176
924	KE139751	1030	302776320
925	KE139752	1024	303038464
926	KE139753	1129	303300608
927	KE139754	1088	303562752
928	KE139755	1018	303824896
929	KE139756	1010	304087040
930	KE139757	1003	304349184
931	KE139758	1062	304611328
932	KE139759	1026	304873472
933	KE139760	1015	305135616
934	KE139761	1054	305397760
935	KE139762	1040	305659904
936	KE139763	1053	305922048
937	KE139764	1042	306184192
938	KE139765	1030	306446336
939	KE139766	1019	306708480
940	KE139767	1062	306970624
941	KE139768	1048	307232768
942	KE139769	1001	307494912
943	KE139770	1046	307757056
944	KE139771	1036	308019200
945	KE139772	1035	308281344
946	KE139773	1039	308543488
947	KE139774	1030	308805632
948	KE139775	1102	309067776
949	KE139776	1013	309329920
950	KE139777	1081	309592064
951	KE139778	1047	309854208
952	KE139779	1008	310116352
953	KE139780	1002	310378496
954	KE139781	1003	310640640
955	KE139782	1102	310902784
956	KE139783	1005	311164928
957	KE139784	1039	311427072
958	KE139785	1073	311689216
959	KE139786	1002	311951360
960	KE139787	1001	312213504
961	KE139788	1015	312475648
962	KE139789	1054	312737792
963	KE139790	1009	312999936
964	KE139791	1012	313262080
965	KE139792	1003	313524224
966	KE139793	1021	313786368
967	KE139794	1020	314048512
968	KE139795	1005	314310656
969	KE139796	1070	314572800
970	KE139797	1036	314834944
971	KE139798	1033	315097088
972	KE139799	1065	315359232
973	KE139800	1044	315621376
974	KE139801	1021	315883520
975	KE139802	1017	316145664
976	KE139803	1005	316407808
977	KE139804	1000	316669952
978	KE139805	1024	316932096
979	KE139806	1018	317194240
980	KE139807	1045	317456384
981	KE139808	1017	317718528
982	KE139809	1006	317980672
983	KE139810	1022	318242816
984	KE139811	23707	318504960
985	KE139812	12974	318767104
986	KE139813	2220	319029248
987	KE139814	14718	319291392
988	KE139815	4473	319553536
989	KE139816	17865	319815680
990	KE139817	16009	320077824
991	KE139818	16102	320339968
992	KE139819	21061	320602112
993	KE139820	5523	320864256
994	KE139821	4844	321126400
995	KE139822	36142	321388544
996	KE139823	1940	321650688
997	KE139824	5197	321912832
998	KE139825	7200	322174976
999	KE139826	11863	322437120
1000	KE139827	12976	322699264
1001	KE139828	1419	322961408
1002	KE139829	6110	323223552
1003	KE139830	5350	323485696
1004	KE139831	7820	323747840
1005	KE139832	2251	324009984
1006	KE139833	1009	324272128
1007	KE139834	4272	324534272
1008	KE139835	5119	324796416
1009	KE139836	1462	325058560
1010	KE139837	1095	325320704
1011	KE139838	1169	325582848
1012	KE139839	2304	325844992
1013	KE139840	2521	326107136
1014	KE139841	11018	326369280
1015	KE139842	15749	326631424
1016	KE139843	24470	326893568
1017	KE139844	25313	327155712
1018	KE139845	6830	327417856
1019	KE139846	4009	327680000
1020	KE139847	15286	327942144
1021	KE139848	13791	328204288
1022	KE139849	14163	328466432
1023	KE139850	973	328728576
1024	KE139851	318	328990720
1025	KE139852	994	329252864
1026	KE139853	478	329515008
1027	KE139854	846	329777152
1028	KE139855	775	330039296
1029	KE139856	837	330301440
1030	KE139857	503	330563584
1031	KE139858	433	330825728
1032	KE139859	820	331087872
1033	KE139860	1384	331350016
1034	KE139861	970	331612160
1035	KE139862	1483	331874304
1036	KE139863	395	332136448
1037	KE139864	335	332398592
1038	KE139865	700	332660736
1039	KE139866	634	332922880
1040	KE139867	558	333185024
1041	KE139868	777	333447168
1042	KE139869	910	333709312
1043	KE139870	519	333971456
1044	KE139871	1037	334233600
1045	KE139872	1497	334495744
1046	KE139873	1547	334757888
1047	KE139874	1032	335020032
1048	KE139875	998	335282176
1049	KE139876	863	335544320
1050	KE139877	860	335806464
1051	KE139878	866	336068608
1052	KE139879	510	336330752
1053	KE139880	795	336592896
1054	KE139881	887	336855040
1055	KE139882	2587	337117184
1056	KE139883	823	337379328
1057	KE139884	404	337641472
1058	KE139885	1082	337903616
1059	KE139886	333	338165760
1060	KE139887	771	338427904
1061	KE139888	906	338690048
1062	KE139889	794	338952192
1063	KE139890	813	339214336
1064	KE139891	1172	339476480
1065	KE139892	506	339738624
1066	KE139893	851	340000768
1067	KE139894	973	340262912
1068	KE139895	850	340525056
1069	KE139896	1542	340787200
1070	KE139897	961	341049344
1071	KE139898	419	341311488
1072	KE139899	855	341573632
1073	KE139900	507	341835776
1074	KE139901	961	342097920
1075	KE139902	2599	342360064
1076	KE139903	524	342622208
1077	KE139904	777	342884352
1078	KE139905	761	343146496
1079	KE139906	575	343408640
1080	KE139907	815	343670784
1081	KE139908	768	343932928
1082	KE139909	1416	344195072
1083	KE139910	654	344457216
1084	KE139911	373	344719360
1085	KE139912	520	344981504
1086	KE139913	863	345243648
1087	KE139914	973	345505792
1088	KE139915	966	345767936
1089	KE139916	783	346030080
1090	KE139917	530	346292224
1091	KE139918	1299	346554368
1092	KE139919	1148	346816512
1093	KE139920	998	347078656
1094	KE139921	1139	347340800
1095	KE139922	822	347602944
1096	KE139923	869	347865088
1097	KE139924	1201	348127232
1098	KE139925	667	348389376
1099	KE139926	481	348651520
1100	KE139927	939	348913664
1101	KE139928	762	349175808
1102	KE139929	850	349437952
1103	KE139930	1038	349700096
1104	KE139931	689	349962240
1105	KE139932	867	350224384
1106	KE139933	452	350486528
1107	KE139934	546	350748672
1108	KE139935	664	351010816
1109	KE139936	976	351272960
1110	KE139937	384	351535104
1111	KE139938	816	351797248
1112	KE139939	718	352059392
1113	KE139940	925	352321536
1114	KE139941	672	352583680
1115	KE139942	720	352845824
1116	KE139943	1923	353107968
1117	KE139944	553	353370112
1118	KE139945	601	353632256
1119	KE139946	860	353894400
1120	KE139947	523	354156544
1121	KE139948	1119	354418688
1122	KE139949	463	354680832
1123	KE139950	946	354942976
1124	KE139951	499	355205120
1125	KE139952	565	355467264
1126	KE139953	557	355729408
1127	KE139954	457	355991552
1128	KE139955	868	356253696
1129	KE139956	1518	356515840
1130	KE139957	581	356777984
1131	KE139958	479	357040128
1132	KE139959	853	357302272
1133	KE139960	603	357564416
1134	KE139961	856	357826560
1135	KE139962	292	358088704
1136	KE139963	804	358350848
1137	KE139964	860	358612992
1138	KE139965	642	358875136
1139	KE139966	1043	359137280
1140	KE139967	740	359399424
1141	KE139968	459	359661568
1142	KE139969	1658	359923712
1143	KE139970	656	360185856
1144	KE139971	1405	360448000
1145	KE139972	453	360710144
1146	KE139973	630	360972288
1147	KE139974	816	361234432
1148	KE139975	799	361496576
1149	KE139976	607	361758720
1150	KE139977	868	362020864
1151	KE139978	1012	362283008
1152	KE139979	1229	362545152
1153	KE139980	869	362807296
1154	KE139981	746	363069440
1155	KE139982	815	363331584
1156	KE139983	384	363593728
1157	KE139984	718	363855872
1158	KE139985	1148	364118016
1159	KE139986	1033	364380160
1160	KE139987	826	364642304
1161	KE139988	774	364904448
1162	KE139989	1146	365166592
1163	KE139990	1135	365428736
1164	KE139991	502	365690880
1165	KE139992	1118	365953024
1166	KE139993	682	366215168
1167	KE139994	350	366477312
1168	KE139995	1051	366739456
1169	KE139996	458	367001600
1170	KE139997	991	367263744
1171	KE139998	629	367525888
1172	KE139999	834	367788032
1173	KE140000	514	368050176
1174	KE140001	992	368312320
1175	KE140002	804	368574464
1176	KE140003	1382	368836608
1177	KE140004	716	369098752
1178	KE140005	510	369360896
1179	KE140006	2069	369623040
1180	KE140007	581	369885184
1181	KE140008	873	370147328
1182	KE140009	1226	370409472
1183	KE140010	471	370671616
1184	KE140011	880	370933760
1185	KE140012	531	371195904
1186	KE140013	423	371458048
1187	KE140014	1577	371720192
1188	KE140015	839	371982336
1189	KE140016	690	372244480
1190	KE140017	927	372506624
1191	KE140018	466	372768768
1192	KE140019	753	373030912
1193	KE140020	565	373293056
1194	KE140021	733	373555200
1195	KE140022	788	373817344
1196	KE140023	433	374079488
1197	KE140024	765	374341632
1198	KE140025	889	374603776
1199	KE140026	719	374865920
1200	KE140027	882	375128064
1201	KE140028	925	375390208
1202	KE140029	506	375652352
1203	KE140030	563	375914496
1204	KE140031	873	376176640
1205	KE140032	995	376438784
1206	KE140033	580	376700928
1207	KE140034	904	376963072
1208	KE140035	916	377225216
1209	KE140036	755	377487360
1210	KE140037	737	377749504
1211	KE140038	926	378011648
1212	KE140039	498	378273792
1213	KE140040	884	378535936
1214	KE140041	1476	378798080
1215	KE140042	751	379060224
1216	KE140043	729	379322368
1217	KE140044	416	379584512
1218	KE140045	636	379846656
1219	KE140046	288	380108800
1220	KE140047	842	380370944
1221	KE140048	810	380633088
1222	KE140049	746	380895232
1223	KE140050	1185	381157376
1224	KE140051	780	381419520
1225	KE140052	464	381681664
1226	KE140053	1984	381943808
1227	KE140054	1449	382205952
1228	KE140055	1574	382468096
1229	KE140056	736	382730240
1230	KE140057	1169	382992384
1231	KE140058	842	383254528
1232	KE140059	472	383516672
1233	KE140060	580	383778816
1234	KE140061	535	384040960
1235	KE140062	1076	384303104
1236	KE140063	1390	384565248
1237	KE140064	880	384827392
1238	KE140065	1318	385089536
1239	KE140066	1200	385351680
1240	KE140067	759	385613824
1241	KE140068	1513	385875968
1242	KE140069	839	386138112
1243	KE140070	404	386400256
1244	KE140071	856	386662400
1245	KE140072	508	386924544
1246	KE140073	549	387186688
1247	KE140074	1013	387448832
1248	KE140075	886	387710976
1249	KE140076	417	387973120
1250	KE140077	606	388235264
1251	KE140078	295	388497408
1252	KE140079	425	388759552
1253	KE140080	1101	389021696
1254	KE140081	335	389283840
1255	KE140082	3669	389545984
1256	KE140083	814	389808128
1257	KE140084	764	390070272
1258	KE140085	769	390332416
1259	KE140086	858	390594560
1260	KE140087	1803	390856704
1261	KE140088	734	391118848
1262	KE140089	1018	391380992
1263	KE140090	494	391643136
1264	KE140091	770	391905280
1265	KE140092	1579	392167424
1266	KE140093	243	392429568
1267	KE140094	504	392691712
1268	KE140095	851	392953856
1269	KE140096	553	393216000
1270	KE140097	968	393478144
1271	KE140098	516	393740288
1272	KE140099	1020	394002432
1273	KE140100	3561	394264576
1274	KE140101	1460	394526720
1275	KE140102	739	394788864
1276	KE140103	571	395051008
1277	KE140104	877	395313152
1278	KE140105	473	395575296
1279	KE140106	915	395837440
1280	KE140107	858	396099584
1281	KE140108	1040	396361728
1282	KE140109	420	396623872
1283	KE140110	888	396886016
1284	KE140111	796	397148160
1285	KE140112	1438	397410304
1286	KE140113	1607	397672448
1287	KE140114	988	397934592
1288	KE140115	747	398196736
1289	KE140116	974	398458880
1290	KE140117	3427	398721024
1291	KE140118	872	398983168
1292	KE140119	808	399245312
1293	KE140120	1209	399507456
1294	KE140121	502	399769600
1295	KE140122	967	400031744
1296	KE140123	930	400293888
1297	KE140124	981	400556032
1298	KE140125	703	400818176
1299	KE140126	749	401080320
1300	KE140127	787	401342464
1301	KE140128	754	401604608
1302	KE140129	498	401866752
1303	KE140130	794	402128896
1304	KE140131	870	402391040
1305	KE140132	848	402653184
1306	KE140133	517	402915328
1307	KE140134	687	403177472
1308	KE140135	1588	403439616
1309	KE140136	382	403701760
1310	KE140137	882	403963904
1311	KE140138	887	404226048
1312	KE140139	1410	404488192
1313	KE140140	766	404750336
1314	KE140141	903	405012480
1315	KE140142	805	405274624
1316	KE140143	546	405536768
1317	KE140144	616	405798912
1318	KE140145	584	406061056
1319	KE140146	1568	406323200
1320	KE140147	830	406585344
1321	KE140148	485	406847488
1322	KE140149	1095	407109632
1323	KE140150	715	407371776
1324	KE140151	262	407633920
1325	KE140152	868	407896064
1326	KE140153	351	408158208
1327	KE140154	822	408420352
1328	KE140155	509	408682496
1329	KE140156	572	408944640
1330	KE140157	796	409206784
1331	KE140158	920	409468928
1332	KE140159	4094	409731072
1333	KE140160	979	409993216
1334	KE140161	949	410255360
1335	KE140162	901	410517504
1336	KE140163	599	410779648
1337	KE140164	531	411041792
1338	KE140165	643	411303936
1339	KE140166	494	411566080
1340	KE140167	629	411828224
1341	KE140168	837	412090368
1342	KE140169	1247	412352512
1343	KE140170	1605	412614656
1344	KE140171	773	412876800
1345	KE140172	403	413138944
1346	KE140173	769	413401088
1347	KE140174	1083	413663232
1348	KE140175	493	413925376
1349	KE140176	1080	414187520
1350	KE140177	1105	414449664
1351	KE140178	298	414711808
1352	KE140179	476	414973952
1353	KE140180	493	415236096
1354	KE140181	505	415498240
1355	KE140182	806	415760384
1356	KE140183	400	416022528
1357	KE140184	515	416284672
1358	KE140185	774	416546816
1359	KE140186	867	416808960
1360	KE140187	1218	417071104
1361	KE140188	505	417333248
1362	KE140189	473	417595392
1363	KE140190	1202	417857536
1364	KE140191	821	418119680
1365	KE140192	734	418381824
1366	KE140193	988	418643968
1367	KE140194	777	418906112
1368	KE140195	232	419168256
1369	KE140196	789	419430400
1370	KE140197	976	419692544
1371	KE140198	844	419954688
1372	KE140199	806	420216832
1373	KE140200	440	420478976
1374	KE140201	1038	420741120
1375	KE140202	2737	421003264
1376	KE140203	694	421265408
1377	KE140204	820	421527552
1378	KE140205	878	421789696
1379	KE140206	566	422051840
1380	KE140207	718	422313984
1381	KE140208	972	422576128
1382	KE140209	1124	422838272
1383	KE140210	642	423100416
1384	KE140211	948	423362560
1385	KE140212	1879	423624704
1386	KE140213	848	423886848
1387	KE140214	583	424148992
1388	KE140215	1881	424411136
1389	KE140216	802	424673280
1390	KE140217	810	424935424
1391	KE140218	924	425197568
1392	KE140219	772	425459712
1393	KE140220	852	425721856
1394	KE140221	990	425984000
1395	KE140222	773	426246144
1396	KE140223	888	426508288
1397	KE140224	889	426770432
1398	KE140225	1622	427032576
1399	KE140226	916	427294720
1400	KE140227	506	427556864
1401	KE140228	507	427819008
1402	KE140229	780	428081152
1403	KE140230	740	428343296
1404	KE140231	904	428605440
1405	KE140232	785	428867584
1406	KE140233	609	429129728
1407	KE140234	1658	429391872
1408	KE140235	1438	429654016
1409	KE140236	809	429916160
1410	KE140237	464	430178304
1411	KE140238	941	430440448
1412	KE140239	844	430702592
1413	KE140240	975	430964736
1414	KE140241	901	431226880
1415	KE140242	277	431489024
1416	KE140243	873	431751168
1417	KE140244	876	432013312
1418	KE140245	784	432275456
1419	KE140246	875	432537600
1420	KE140247	526	432799744
1421	KE140248	712	433061888
1422	KE140249	942	433324032
1423	KE140250	606	433586176
1424	KE140251	1480	433848320
1425	KE140252	487	434110464
1426	KE140253	961	434372608
1427	KE140254	558	434634752
1428	KE140255	1083	434896896
1429	KE140256	956	435159040
1430	KE140257	1668	435421184
1431	KE140258	546	435683328
1432	KE140259	1003	435945472
1433	KE140260	833	436207616
1434	KE140261	839	436469760
1435	KE140262	941	436731904
1436	KE140263	535	436994048
1437	KE140264	480	437256192
1438	KE140265	858	437518336
1439	KE140266	480	437780480
1440	KE140267	976	438042624
1441	KE140268	522	438304768
1442	KE140269	1091	438566912
1443	KE140270	462	438829056
1444	KE140271	708	439091200
1445	KE140272	466	439353344
1446	KE140273	678	439615488
1447	KE140274	791	439877632
1448	KE140275	775	440139776
1449	KE140276	790	440401920
1450	KE140277	550	440664064
1451	KE140278	520	440926208
1452	KE140279	509	441188352
1453	KE140280	947	441450496
1454	KE140281	766	441712640
1455	KE140282	845	441974784
1456	KE140283	618	442236928
1457	KE140284	561	442499072
1458	KE140285	515	442761216
1459	KE140286	1141	443023360
1460	KE140287	986	443285504
1461	KE140288	532	443547648
1462	KE140289	583	443809792
1463	KE140290	409	444071936
1464	KE140291	1073	444334080
1465	KE140292	1053	444596224
1466	KE140293	792	444858368
1467	KE140294	533	445120512
1468	KE140295	1153	445382656
1469	KE140296	775	445644800
1470	KE140297	905	445906944
1471	KE140298	811	446169088
1472	KE140299	809	446431232
1473	KE140300	607	446693376
1474	KE140301	468	446955520
1475	KE140302	903	447217664
1476	KE140303	697	447479808
1477	KE140304	833	447741952
1478	KE140305	508	448004096
1479	KE140306	848	448266240
1480	KE140307	945	448528384
1481	KE140308	653	448790528
1482	KE140309	976	449052672
1483	KE140310	371	449314816
1484	KE140311	767	449576960
1485	KE140312	806	449839104
1486	KE140313	1317	450101248
1487	KE140314	573	450363392
1488	KE140315	999	450625536
1489	KE140316	2146	450887680
1490	KE140317	1651	451149824
1491	KE140318	507	451411968
1492	KE140319	976	451674112
1493	KE140320	821	451936256
1494	KE140321	983	452198400
1495	KE140322	925	452460544
1496	KE140323	525	452722688
1497	KE140324	439	452984832
1498	KE140325	886	453246976
1499	KE140326	884	453509120
1500	KE140327	816	453771264
1501	KE140328	793	454033408
1502	KE140329	702	454295552
1503	KE140330	880	454557696
1504	KE140331	1525	454819840
1505	KE140332	532	455081984
1506	KE140333	717	455344128
1507	KE140334	511	455606272
1508	KE140335	1846	455868416
1509	KE140336	379	456130560
1510	KE140337	881	456392704
1511	KE140338	2703	456654848
1512	KE140339	982	456916992
1513	KE140340	469	457179136
1514	KE140341	868	457441280
1515	KE140342	398	457703424
1516	KE140343	527	457965568
1517	KE140344	876	458227712
1518	KE140345	885	458489856
1519	KE140346	1251	458752000
1520	KE140347	807	459014144
1521	KE140348	487	459276288
1522	KE140349	1847	459538432
1523	KE140350	967	459800576
1524	KE140351	606	460062720
1525	KE140352	1635	460324864
1526	KE140353	508	460587008
1527	KE140354	1236	460849152
1528	KE140355	818	461111296
1529	KE140356	1206	461373440
1530	KE140357	1349	461635584
1531	KE140358	866	461897728
1532	KE140359	352	462159872
1533	KE140360	821	462422016
1534	KE140361	723	462684160
1535	KE140362	478	462946304
1536	KE140363	1990	463208448
1537	KE140364	522	463470592
1538	KE140365	207	463732736
1539	KE140366	436	463994880
1540	KE140367	600	464257024
1541	KE140368	1264	464519168
1542	KE140369	969	464781312
1543	KE140370	1283	465043456
1544	KE140371	534	465305600
1545	KE140372	2194	465567744
1546	KE140373	861	465829888
1547	KE140374	1657	466092032
1548	KE140375	327	466354176
1549	KE140376	800	466616320
1550	KE140377	976	466878464
1551	KE140378	585	467140608
1552	KE140379	409	467402752
1553	KE140380	960	467664896
1554	KE140381	1143	467927040
1555	KE140382	776	468189184
1556	KE140383	975	468451328
1557	KE140384	714	468713472
1558	KE140385	482	468975616
1559	KE140386	833	469237760
1560	KE140387	852	469499904
1561	KE140388	813	469762048
1562	KE140389	692	470024192
1563	KE140390	1034	470286336
1564	KE140391	845	470548480
1565	KE140392	518	470810624
1566	KE140393	634	471072768
1567	KE140394	1615	471334912
1568	KE140395	306	471597056
1569	KE140396	821	471859200
1570	KE140397	819	472121344
1571	KE140398	678	472383488
1572	KE140399	4296	472645632
1573	KE140400	809	472907776
1574	KE140401	1611	473169920
1575	KE140402	836	473432064
1576	KE140403	500	473694208
1577	KE140404	983	473956352
1578	KE140405	1001	474218496
1579	KE140406	533	474480640
1580	KE140407	700	474742784
1581	KE140408	794	475004928
1582	KE140409	770	475267072
1583	KE140410	1194	475529216
1584	KE140411	524	475791360
1585	KE140412	996	476053504
1586	KE140413	1700	476315648
1587	KE140414	786	476577792
1588	KE140415	498	476839936
1589	KE140416	488	477102080
1590	KE140417	1397	477364224
1591	KE140418	832	477626368
1592	KE140419	848	477888512
1593	KE140420	707	478150656
1594	KE140421	821	478412800
1595	KE140422	512	478674944
1596	KE140423	397	478937088
1597	KE140424	717	479199232
1598	KE140425	1355	479461376
1599	KE140426	396	479723520
1600	KE140427	833	479985664
1601	KE140428	482	480247808
1602	KE140429	1262	480509952
1603	KE140430	959	480772096
1604	KE140431	591	481034240
1605	KE140432	518	481296384
1606	KE140433	745	481558528
1607	KE140434	1300	481820672
1608	KE140435	607	482082816
1609	KE140436	358	482344960
1610	KE140437	822	482607104
1611	KE140438	410	482869248
1612	KE140439	779	483131392
1613	KE140440	1129	483393536
1614	KE140441	446	483655680
1615	KE140442	899	483917824
1616	KE140443	458	484179968
1617	KE140444	450	484442112
1618	KE140445	1828	484704256
1619	KE140446	489	484966400
1620	KE140447	1320	485228544
1621	KE140448	939	485490688
1622	KE140449	968	485752832
1623	KE140450	697	486014976
1624	KE140451	744	486277120
1625	KE140452	869	486539264
1626	KE140453	517	486801408
1627	KE140454	759	487063552
1628	KE140455	947	487325696
1629	KE140456	672	487587840
1630	KE140457	791	487849984
1631	KE140458	608	488112128
1632	KE140459	800	488374272
1633	KE140460	1183	488636416
1634	KE140461	810	488898560
1635	KE140462	849	489160704
1636	KE140463	735	489422848
1637	KE140464	550	489684992
1638	KE140465	437	489947136
1639	KE140466	424	490209280
1640	KE140467	1333	490471424
1641	KE140468	846	490733568
1642	KE140469	852	490995712
1643	KE140470	754	491257856
1644	KE140471	850	491520000
1645	KE140472	986	491782144
1646	KE140473	887	492044288
1647	KE140474	504	492306432
1648	KE140475	375	492568576
1649	KE140476	918	492830720
1650	KE140477	1267	493092864
1651	KE140478	288	493355008
1652	KE140479	682	493617152
1653	KE140480	833	493879296
1654	KE140481	806	494141440
1655	KE140482	424	494403584
1656	KE140483	431	494665728
1657	KE140484	891	494927872
1658	KE140485	794	495190016
1659	KE140486	930	495452160
1660	KE140487	417	495714304
1661	KE140488	814	495976448
1662	KE140489	724	496238592
1663	KE140490	676	496500736
1664	KE140491	768	496762880
1665	KE140492	534	497025024
1666	KE140493	520	497287168
1667	KE140494	772	497549312
1668	KE140495	479	497811456
1669	KE140496	544	498073600
1670	KE140497	689	498335744
1671	KE140498	813	498597888
1672	KE140499	663	498860032
1673	KE140500	826	499122176
1674	KE140501	589	499384320
1675	KE140502	1652	499646464
1676	KE140503	4678	499908608
1677	KE140504	934	500170752
1678	KE140505	839	500432896
1679	KE140506	977	500695040
1680	KE140507	850	500957184
1681	KE140508	1047	501219328
1682	KE140509	712	501481472
1683	KE140510	614	501743616
1684	KE140511	1568	502005760
1685	KE140512	684	502267904
1686	KE140513	543	502530048
1687	KE140514	429	502792192
1688	KE140515	1112	503054336
1689	KE140516	1048	503316480
1690	KE140517	2496	503578624
1691	KE140518	481	503840768
1692	KE140519	737	504102912
1693	KE140520	1027	504365056
1694	KE140521	487	504627200
1695	KE140522	474	504889344
1696	KE140523	733	505151488
1697	KE140524	850	505413632
1698	KE140525	1094	505675776
1699	KE140526	849	505937920
1700	KE140527	447	506200064
1701	KE140528	242	506462208
1702	KE140529	853	506724352
1703	KE140530	849	506986496
1704	KE140531	503	507248640
1705	KE140532	838	507510784
1706	KE140533	616	507772928
1707	KE140534	790	508035072
1708	KE140535	434	508297216
1709	KE140536	709	508559360
1710	KE140537	795	508821504
1711	KE140538	958	509083648
1712	KE140539	452	509345792
1713	KE140540	1097	509607936
1714	KE140541	438	509870080
1715	KE140542	1059	510132224
1716	KE140543	996	510394368
1717	KE140544	769	510656512
1718	KE140545	431	510918656
1719	KE140546	935	511180800
1720	KE140547	511	511442944
1721	KE140548	1172	511705088
1722	KE140549	783	511967232
1723	KE140550	307	512229376
1724	KE140551	940	512491520
1725	KE140552	2885	512753664
1726	KE140553	2599	513015808
1727	KE140554	1167	513277952
1728	KE140555	1324	513540096
1729	KE140556	1277	513802240
1730	KE140557	524	514064384
1731	KE140558	808	514326528
1732	KE140559	779	514588672
1733	KE140560	1358	514850816
1734	KE140561	606	515112960
1735	KE140562	1246	515375104
1736	KE140563	560	515637248
1737	KE140564	974	515899392
1738	KE140565	942	516161536
1739	KE140566	1309	516423680
1740	KE140567	337	516685824
1741	KE140568	619	516947968
1742	KE140569	563	517210112
1743	KE140570	979	517472256
1744	KE140571	1093	517734400
1745	KE140572	499	517996544
1746	KE140573	842	518258688
1747	KE140574	385	518520832
1748	KE140575	932	518782976
1749	KE140576	930	519045120
1750	KE140577	802	519307264
1751	KE140578	660	519569408
1752	KE140579	963	519831552
1753	KE140580	1039	520093696
1754	KE140581	1297	520355840
1755	KE140582	1160	520617984
1756	KE140583	507	520880128
1757	KE140584	877	521142272
1758	KE140585	459	521404416
1759	KE140586	959	521666560
1760	KE140587	935	521928704
1761	KE140588	2756	522190848
1762	KE140589	801	522452992
1763	KE140590	741	522715136
1764	KE140591	411	522977280
1765	KE140592	509	523239424
1766	KE140593	1456	523501568
1767	KE140594	4861	523763712
1768	KE140595	751	524025856
1769	KE140596	867	524288000
1770	KE140597	808	524550144
1771	KE140598	797	524812288
1772	KE140599	966	525074432
1773	KE140600	300	525336576
1774	KE140601	897	525598720
1775	KE140602	775	525860864
1776	KE140603	709	526123008
1777	KE140604	973	526385152
1778	KE140605	849	526647296
1779	KE140606	1741	526909440
1780	KE140607	947	527171584
1781	KE140608	483	527433728
1782	KE140609	998	527695872
1783	KE140610	990	527958016
1784	KE140611	1028	528220160
1785	KE140612	670	528482304
1786	KE140613	531	528744448
1787	KE140614	809	529006592
1788	KE140615	654	529268736
1789	KE140616	809	529530880
1790	KE140617	785	529793024
1791	KE140618	491	530055168
1792	KE140619	829	530317312
1793	KE140620	541	530579456
1794	KE140621	1381	530841600
1795	KE140622	629	531103744
1796	KE140623	511	531365888
1797	KE140624	851	531628032
1798	KE140625	910	531890176
1799	KE140626	514	532152320
1800	KE140627	925	532414464
1801	KE140628	485	532676608
1802	KE140629	975	532938752
1803	KE140630	941	533200896
1804	KE140631	1206	533463040
1805	KE140632	1051	533725184
1806	KE140633	867	533987328
1807	KE140634	448	534249472
1808	KE140635	849	534511616
1809	KE140636	1042	534773760
1810	KE140637	2209	535035904
1811	KE140638	770	535298048
1812	KE140639	900	535560192
1813	KE140640	506	535822336
1814	KE140641	442	536084480
1815	KE140642	849	536346624
1816	KE140643	874	536608768
1817	KE140644	988	536870912
1818	KE140645	479	537133056
1819	KE140646	645	537395200
1820	KE140647	759	537657344
1821	KE140648	417	537919488
1822	KE140649	808	538181632
1823	KE140650	533	538443776
1824	KE140651	843	538705920
1825	KE140652	732	538968064
1826	KE140653	774	539230208
1827	KE140654	816	539492352
1828	KE140655	840	539754496
1829	KE140656	784	540016640
1830	KE140657	491	540278784
1831	KE140658	574	540540928
1832	KE140659	837	540803072
1833	KE140660	1064	541065216
1834	KE140661	891	541327360
1835	KE140662	854	541589504
1836	KE140663	1629	541851648
1837	KE140664	601	542113792
1838	KE140665	839	542375936
1839	KE140666	684	542638080
1840	KE140667	233	542900224
1841	KE140668	2030	543162368
1842	KE140669	490	543424512
1843	KE140670	878	543686656
1844	KE140671	803	543948800
1845	KE140672	1055	544210944
1846	KE140673	1908	544473088
1847	KE140674	841	544735232
1848	KE140675	442	544997376
1849	KE140676	945	545259520
1850	KE140677	527	545521664
1851	KE140678	2468	545783808
1852	KE140679	821	546045952
1853	KE140680	442	546308096
1854	KE140681	986	546570240
1855	KE140682	405	546832384
1856	KE140683	989	547094528
1857	KE140684	535	547356672
1858	KE140685	731	547618816
1859	KE140686	967	547880960
1860	KE140687	1425	548143104
1861	KE140688	1583	548405248
1862	KE140689	528	548667392
1863	KE140690	970	548929536
1864	KE140691	885	549191680
1865	KE140692	812	549453824
1866	KE140693	939	549715968
1867	KE140694	973	549978112
1868	KE140695	462	550240256
1869	KE140696	767	550502400
1870	KE140697	968	550764544
1871	KE140698	1756	551026688
1872	KE140699	700	551288832
1873	KE140700	445	551550976
1874	KE140701	1522	551813120
1875	KE140702	980	552075264
1876	KE140703	566	552337408
1877	KE140704	1158	552599552
1878	KE140705	878	552861696
1879	KE140706	849	553123840
1880	KE140707	696	553385984
1881	KE140708	704	553648128
1882	KE140709	724	553910272
1883	KE140710	869	554172416
1884	KE140711	846	554434560
1885	KE140712	512	554696704
1886	KE140713	890	554958848
1887	KE140714	3991	555220992
1888	KE140715	780	555483136
1889	KE140716	579	555745280
1890	KE140717	792	556007424
1891	KE140718	345	556269568
1892	KE140719	600	556531712
1893	KE140720	530	556793856
1894	KE140721	2002	557056000
1895	KE140722	1216	557318144
1896	KE140723	222	557580288
1897	KE140724	999	557842432
1898	KE140725	447	558104576
1899	KE140726	620	558366720
1900	KE140727	555	558628864
1901	KE140728	763	558891008
1902	KE140729	860	559153152
1903	KE140730	502	559415296
1904	KE140731	1823	559677440
1905	KE140732	519	559939584
1906	KE140733	359	560201728
1907	KE140734	526	560463872
1908	KE140735	556	560726016
1909	KE140736	869	560988160
1910	KE140737	1162	561250304
1911	KE140738	1398	561512448
1912	KE140739	476	561774592
1913	KE140740	890	562036736
1914	KE140741	499	562298880
1915	KE140742	882	562561024
1916	KE140743	685	562823168
1917	KE140744	482	563085312
1918	KE140745	834	563347456
1919	KE140746	763	563609600
1920	KE140747	2132	563871744
1921	KE140748	559	564133888
1922	KE140749	372	564396032
1923	KE140750	917	564658176
1924	KE140751	933	564920320
1925	KE140752	736	565182464
1926	KE140753	474	565444608
1927	KE140754	717	565706752
1928	KE140755	599	565968896
1929	KE140756	1009	566231040
1930	KE140757	457	566493184
1931	KE140758	845	566755328
1932	KE140759	674	567017472
1933	KE140760	689	567279616
1934	KE140761	543	567541760
1935	KE140762	1011	567803904
1936	KE140763	813	568066048
1937	KE140764	1616	568328192
1938	KE140765	1302	568590336
1939	KE140766	1626	568852480
1940	KE140767	819	569114624
1941	KE140768	943	569376768
1942	KE140769	844	569638912
1943	KE140770	502	569901056
1944	KE140771	1153	570163200
1945	KE140772	963	570425344
1946	KE140773	525	570687488
1947	KE140774	424	570949632
1948	KE140775	622	571211776
1949	KE140776	433	571473920
1950	KE140777	954	571736064
1951	KE140778	4758	571998208
1952	KE140779	968	572260352
1953	KE140780	939	572522496
1954	KE140781	877	572784640
1955	KE140782	793	573046784
1956	KE140783	736	573308928
1957	KE140784	928	573571072
1958	KE140785	1223	573833216
1959	KE140786	313	574095360
1960	KE140787	450	574357504
1961	KE140788	887	574619648
1962	KE140789	639	574881792
1963	KE140790	973	575143936
1964	KE140791	716	575406080
1965	KE140792	1052	575668224
1966	KE140793	1112	575930368
1967	KE140794	891	576192512
1968	KE140795	719	576454656
1969	KE140796	554	576716800
1970	KE140797	885	576978944
1971	KE140798	746	577241088
1972	KE140799	799	577503232
1973	KE140800	516	577765376
1974	KE140801	4709	578027520
1975	KE140802	457	578289664
1976	KE140803	805	578551808
1977	KE140804	721	578813952
1978	KE140805	1072	579076096
1979	KE140806	765	579338240
1980	KE140807	637	579600384
1981	KE140808	731	579862528
1982	KE140809	981	580124672
1983	KE140810	970	580386816
1984	KE140811	481	580648960
1985	KE140812	974	580911104
1986	KE140813	916	581173248
1987	KE140814	446	581435392
1988	KE140815	1174	581697536
1989	KE140816	981	581959680
1990	KE140817	399	582221824
1991	KE140818	1230	582483968
1992	KE140819	893	582746112
1993	KE140820	996	583008256
1994	KE140821	381	583270400
1995	KE140822	519	583532544
1996	KE140823	641	583794688
1997	KE140824	3056	584056832
1998	KE140825	1479	584318976
1999	KE140826	443	584581120
2000	KE140827	957	584843264
2001	KE140828	1396	585105408
2002	KE140829	2175	585367552
2003	KE140830	1192	585629696
2004	KE140831	817	585891840
2005	KE140832	1195	586153984
2006	KE140833	1345	586416128
2007	KE140834	529	586678272
2008	KE140835	411	586940416
2009	KE140836	1334	587202560
2010	KE140837	944	587464704
2011	KE140838	846	587726848
2012	KE140839	381	587988992
2013	KE140840	839	588251136
2014	KE140841	811	588513280
2015	KE140842	426	588775424
2016	KE140843	843	589037568
2017	KE140844	1750	589299712
2018	KE140845	552	589561856
2019	KE140846	567	589824000
2020	KE140847	678	590086144
2021	KE140848	806	590348288
2022	KE140849	380	590610432
2023	KE140850	990	590872576
2024	KE140851	836	591134720
2025	KE140852	931	591396864
2026	KE140853	1395	591659008
2027	KE140854	1693	591921152
2028	KE140855	880	592183296
2029	KE140856	934	592445440
2030	KE140857	474	592707584
2031	KE140858	813	592969728
2032	KE140859	927	593231872
2033	KE140860	742	593494016
2034	KE140861	854	593756160
2035	KE140862	640	594018304
2036	KE140863	3256	594280448
2037	KE140864	955	594542592
2038	KE140865	290	594804736
2039	KE140866	475	595066880
2040	KE140867	2412	595329024
2041	KE140868	831	595591168
2042	KE140869	989	595853312
2043	KE140870	1195	596115456
2044	KE140871	799	596377600
2045	KE140872	851	596639744
2046	KE140873	2123	596901888
2047	KE140874	655	597164032
2048	KE140875	521	597426176
2049	KE140876	829	597688320
2050	KE140877	894	597950464
2051	KE140878	791	598212608
2052	KE140879	855	598474752
2053	KE140880	899	598736896
2054	KE140881	848	598999040
2055	KE140882	323	599261184
2056	KE140883	742	599523328
2057	KE140884	810	599785472
2058	KE140885	972	600047616
2059	KE140886	466	600309760
2060	KE140887	1557	600571904
2061	KE140888	585	600834048
2062	KE140889	449	601096192
2063	KE140890	841	601358336
2064	KE140891	580	601620480
2065	KE140892	955	601882624
2066	KE140893	913	602144768
2067	KE140894	737	602406912
2068	KE140895	608	602669056
2069	KE140896	898	602931200
2070	KE140897	888	603193344
2071	KE140898	552	603455488
2072	KE140899	880	603717632
2073	KE140900	2590	603979776
2074	KE140901	442	604241920
2075	KE140902	378	604504064
2076	KE140903	861	604766208
2077	KE140904	1234	605028352
2078	KE140905	958	605290496
2079	KE140906	836	605552640
2080	KE140907	740	605814784
2081	KE140908	432	606076928
2082	KE140909	449	606339072
2083	KE140910	639	606601216
2084	KE140911	452	606863360
2085	KE140912	845	607125504
2086	KE140913	1546	607387648
2087	KE140914	880	607649792
2088	KE140915	1012	607911936
2089	KE140916	646	608174080
2090	KE140917	867	608436224
2091	KE140918	2062	608698368
2092	KE140919	1774	608960512
2093	KE140920	535	609222656
2094	KE140921	1315	609484800
2095	KE140922	733	609746944
2096	KE140923	959	610009088
2097	KE140924	900	610271232
2098	KE140925	873	610533376
2099	KE140926	548	610795520
2100	KE140927	959	611057664
2101	KE140928	1036	611319808
2102	KE140929	905	611581952
2103	KE140930	881	611844096
2104	KE140931	1094	612106240
2105	KE140932	508	612368384
2106	KE140933	254	612630528
2107	KE140934	523	612892672
2108	KE140935	3503	613154816
2109	KE140936	803	613416960
2110	KE140937	719	613679104
2111	KE140938	853	613941248
2112	KE140939	874	614203392
2113	KE140940	975	614465536
2114	KE140941	972	614727680
2115	KE140942	498	614989824
2116	KE140943	1805	615251968
2117	KE140944	1707	615514112
2118	KE140945	721	615776256
2119	KE140946	797	616038400
2120	KE140947	732	616300544
2121	KE140948	997	616562688
2122	KE140949	1314	616824832
2123	KE140950	473	617086976
2124	KE140951	856	617349120
2125	KE140952	476	617611264
2126	KE140953	708	617873408
2127	KE140954	1187	618135552
2128	KE140955	407	618397696
2129	KE140956	781	618659840
2130	KE140957	752	618921984
2131	KE140958	482	619184128
2132	KE140959	978	619446272
2133	KE140960	1025	619708416
2134	KE140961	832	619970560
2135	KE140962	585	620232704
2136	KE140963	535	620494848
2137	KE140964	973	620756992
2138	KE140965	509	621019136
2139	KE140966	1252	621281280
2140	KE140967	1721	621543424
2141	KE140968	935	621805568
2142	KE140969	826	622067712
2143	KE140970	916	622329856
2144	KE140971	794	622592000
2145	KE140972	1221	622854144
2146	KE140973	771	623116288
2147	KE140974	2073	623378432
2148	KE140975	506	623640576
2149	KE140976	1578	623902720
2150	KE140977	849	624164864
2151	KE140978	284	624427008
2152	KE140979	3081	624689152
2153	KE140980	720	624951296
2154	KE140981	560	625213440
2155	KE140982	880	625475584
2156	KE140983	868	625737728
2157	KE140984	694	625999872
2158	KE140985	940	626262016
2159	KE140986	646	626524160
2160	KE140987	871	626786304
2161	KE140988	843	627048448
2162	KE140989	1227	627310592
2163	KE140990	941	627572736
2164	KE140991	442	627834880
2165	KE140992	840	628097024
2166	KE140993	506	628359168
2167	KE140994	847	628621312
2168	KE140995	1303	628883456
2169	KE140996	876	629145600
2170	KE140997	697	629407744
2171	KE140998	336	629669888
2172	KE140999	793	629932032
2173	KE141000	624	630194176
2174	KE141001	767	630456320
2175	KE141002	518	630718464
2176	KE141003	1994	630980608
2177	KE141004	890	631242752
2178	KE141005	1391	631504896
2179	KE141006	661	631767040
2180	KE141007	665	632029184
2181	KE141008	867	632291328
2182	KE141009	873	632553472
2183	KE141010	732	632815616
2184	KE141011	844	633077760
2185	KE141012	839	633339904
2186	KE141013	953	633602048
2187	KE141014	865	633864192
2188	KE141015	1193	634126336
2189	KE141016	1217	634388480
2190	KE141017	873	634650624
2191	KE141018	2483	634912768
2192	KE141019	393	635174912
2193	KE141020	846	635437056
2194	KE141021	451	635699200
2195	KE141022	1027	635961344
2196	KE141023	858	636223488
2197	KE141024	424	636485632
2198	KE141025	970	636747776
2199	KE141026	866	637009920
2200	KE141027	1245	637272064
2201	KE141028	499	637534208
2202	KE141029	873	637796352
2203	KE141030	776	638058496
2204	KE141031	500	638320640
2205	KE141032	1241	638582784
2206	KE141033	804	638844928
2207	KE141034	820	639107072
2208	KE141035	842	639369216
2209	KE141036	772	639631360
2210	KE141037	987	639893504
2211	KE141038	445	640155648
2212	KE141039	445	640417792
2213	KE141040	830	640679936
2214	KE141041	552	640942080
2215	KE141042	510	641204224
2216	KE141043	293	641466368
2217	KE141044	216	641728512
2218	KE141045	742	641990656
2219	KE141046	726	642252800
2220	KE141047	761	642514944
2221	KE141048	855	642777088
2222	KE141049	1677	643039232
2223	KE141050	818	643301376
2224	KE141051	505	643563520
2225	KE141052	836	643825664
2226	KE141053	869	644087808
2227	KE141054	804	644349952
2228	KE141055	677	644612096
2229	KE141056	470	644874240
2230	KE141057	744	645136384
2231	KE141058	956	645398528
2232	KE141059	1296	645660672
2233	KE141060	1727	645922816
2234	KE141061	926	646184960
2235	KE141062	851	646447104
2236	KE141063	442	646709248
2237	KE141064	604	646971392
2238	KE141065	480	647233536
2239	KE141066	731	647495680
2240	KE141067	700	647757824
2241	KE141068	2853	648019968
2242	KE141069	400	648282112
2243	KE141070	807	648544256
2244	KE141071	791	648806400
2245	KE141072	807	649068544
2246	KE141073	1062	649330688
2247	KE141074	807	649592832
2248	KE141075	860	649854976
2249	KE141076	915	650117120
2250	KE141077	857	650379264
2251	KE141078	393	650641408
2252	KE141079	697	650903552
2253	KE141080	494	651165696
2254	KE141081	848	651427840
2255	KE141082	807	651689984
2256	KE141083	695	651952128
2257	KE141084	819	652214272
2258	KE141085	884	652476416
2259	KE141086	535	652738560
2260	KE141087	827	653000704
2261	KE141088	1611	653262848
2262	KE141089	1705	653524992
2263	KE141090	426	653787136
2264	KE141091	449	654049280
2265	KE141092	791	654311424
2266	1	195471971	654573568
2267	2	182113224	850132992
2268	3	160039680	1032323072
2269	4	156508116	1192493056
2270	5	151834684	1349255168
2271	6	149736546	1501298688
2272	7	145441459	1651245056
2273	8	129401213	1796734976
2274	9	124595110	1926234112
2275	10	130694993	2051014656
2276	11	122082543	2181824512
2277	12	120129022	2303983616
2278	13	120421639	2424307712
2279	14	124902244	2544893952
2280	15	104043685	2669936640
2281	16	98207768	2774007808
2282	17	94987271	2872311808
2283	18	90702639	2967470080
2284	19	61431566	3058434048
2285	X	171031299	3120037888
2286	Y	91744698	3291217920
2287	MT	16299	3382968320
2288	CHR_MG171_PATCH	151834685	3383230464
2289	CHR_MG4222_MG3908_PATCH	94987243	3535273984
2290	CHR_MG3496_PATCH	195440828	3630432256
2291	CHR_MG4209_PATCH	91793962	3825991680
2292	CHR_MG4249_PATCH	61433356	3918004224
2293	CHR_MG3833_MG4220_PATCH	98208654	3979608064
2294	CHR_MG3231_PATCH	171029545	4077912064
2295	CHR_MG4151_PATCH	145439975	4249092096
2296	CHR_MMCHR1_CHORI29_IDD5_1	195506435	4394582016
2297	CHR_MG3251_PATCH	145419646	4590141440
2298	CHR_MG3562_PATCH	156470354	4735631360
2299	CHR_MG4136_PATCH	156508116	4892131328
2300	CHR_MG3835_PATCH	90835696	5048893440
2301	CHR_MG4213_PATCH	91736668	5139857408
2302	CHR_MG3829_PATCH	122082543	5231607808
2303	CHR_MG3609_PATCH	156568640	5353766912
2304	CHR_MG4180_PATCH	120129530	5510529024
2305	CHR_MG65_PATCH	61442615	5630853120
2306	CHR_MG4261_PATCH	104052759	5692456960
2307	CHR_MG3999_PATCH	195424274	5796528128
2308	CHR_MG4254_PATCH	171079788	5992087552
2309	CHR_MG153_PATCH	61431565	6163267584
2310	CHR_MG4211_PATCH	91797447	6224871424
2311	CHR_MG4255_PATCH	171051513	6316883968
2312	CHR_MG4248_PATCH	160065929	6488064000
2313	CHR_MG4288_PATCH	104043690	6648233984
2314	CHR_MG132_PATCH	124595140	6752305152
2315	CHR_MG4212_PATCH	151862668	6877085696
2316	CHR_MG4281_PATCH	195471970	7029129216
2317	CHR_MG191_PATCH	182113225	7224688640
2318	CHR_MG4266_PATCH	156460002	7406878720
2319	CHR_MG3561_PATCH	156464115	7563378688
2320	CHR_MG4214_PATCH	171031749	7719878656
2321	CHR_MG190_MG3751_PATCH	129401208	7891058688
2322	CHR_MG3836_PATCH	182124663	8020557824
2323	CHR_MG4259_PATCH	104073167	8202747904
2324	CHR_MG184_PATCH	149736545	8307081216
2325	CHR_MG4264_PATCH	130719490	8457027584
2326	CHR_MG117_PATCH	124546979	8587837440
2327	CHR_MG3172_PATCH	145409378	8712617984
2328	CHR_MG4265_PATCH	156510038	8858107904
2329	JH584299.1	953012	9014870016
2330	GL456233.1	336933	9015918592
2331	JH584301.1	259875	9016442880
2332	GL456211.1	241735	9016705024
2333	GL456350.1	227966	9016967168
2334	JH584293.1	207968	9017229312
2335	GL456221.1	206961	9017491456
2336	JH584297.1	205776	9017753600
2337	JH584296.1	199368	9018015744
2338	GL456354.1	195993	9018277888
2339	JH584294.1	191905	9018540032
2340	JH584298.1	184189	9018802176
2341	JH584300.1	182347	9019064320
2342	GL456219.1	175968	9019326464
2343	GL456210.1	169725	9019588608
2344	JH584303.1	158099	9019850752
2345	JH584302.1	155838	9020112896
2346	GL456212.1	153618	9020375040
2347	JH584304.1	114452	9020637184
2348	GL456379.1	72385	9020899328
2349	GL456216.1	66673	9021161472
2350	GL456393.1	55711	9021423616
2351	GL456366.1	47073	9021685760
2352	GL456367.1	42057	9021947904
2353	GL456239.1	40056	9022210048
2354	GL456213.1	39340	9022472192
2355	GL456383.1	38659	9022734336
2356	GL456385.1	35240	9022996480
2357	GL456360.1	31704	9023258624
2358	GL456378.1	31602	9023520768
2359	GL456389.1	28772	9023782912
2360	GL456372.1	28664	9024045056
2361	GL456370.1	26764	9024307200
2362	GL456381.1	25871	9024569344
2363	GL456387.1	24685	9024831488
2364	GL456390.1	24668	9025093632
2365	GL456394.1	24323	9025355776
2366	GL456392.1	23629	9025617920
2367	GL456382.1	23158	9025880064
2368	GL456359.1	22974	9026142208
2369	GL456396.1	21240	9026404352
2370	GL456368.1	20208	9026666496
2371	JH584292.1	14945	9026928640
2372	JH584295.1	1976	9027190784
2373	ERCC-00002	1061	9027452928
2374	ERCC-00003	1023	9027715072
2375	ERCC-00004	523	9027977216
2376	ERCC-00009	984	9028239360
2377	ERCC-00012	994	9028501504
2378	ERCC-00013	808	9028763648
2379	ERCC-00014	1957	9029025792
2380	ERCC-00016	844	9029287936
2381	ERCC-00017	1136	9029550080
2382	ERCC-00019	644	9029812224
2383	ERCC-00022	751	9030074368
2384	ERCC-00024	536	9030336512
2385	ERCC-00025	1994	9030598656
2386	ERCC-00028	1130	9030860800
2387	ERCC-00031	1138	9031122944
2388	ERCC-00033	2022	9031385088
2389	ERCC-00034	1019	9031647232
2390	ERCC-00035	1130	9031909376
2391	ERCC-00039	740	9032171520
2392	ERCC-00040	744	9032433664
2393	ERCC-00041	1122	9032695808
2394	ERCC-00042	1023	9032957952
2395	ERCC-00043	1023	9033220096
2396	ERCC-00044	1156	9033482240
2397	ERCC-00046	522	9033744384
2398	ERCC-00048	992	9034006528
2399	ERCC-00051	274	9034268672
2400	ERCC-00053	1023	9034530816
2401	ERCC-00054	274	9034792960
2402	ERCC-00057	1021	9035055104
2403	ERCC-00058	1136	9035317248
2404	ERCC-00059	525	9035579392
2405	ERCC-00060	523	9035841536
2406	ERCC-00061	1136	9036103680
2407	ERCC-00062	1023	9036365824
2408	ERCC-00067	644	9036627968
2409	ERCC-00069	1137	9036890112
2410	ERCC-00071	642	9037152256
2411	ERCC-00073	603	9037414400
2412	ERCC-00074	522	9037676544
2413	ERCC-00075	1023	9037938688
2414	ERCC-00076	642	9038200832
2415	ERCC-00077	273	9038462976
2416	ERCC-00078	993	9038725120
2417	ERCC-00079	644	9038987264
2418	ERCC-00081	534	9039249408
2419	ERCC-00083	1022	9039511552
2420	ERCC-00084	994	9039773696
2421	ERCC-00085	844	9040035840
2422	ERCC-00086	1020	9040297984
2423	ERCC-00092	1124	9040560128
2424	ERCC-00095	521	9040822272
2425	ERCC-00096	1107	9041084416
2426	ERCC-00097	523	9041346560
2427	ERCC-00098	1143	9041608704
2428	ERCC-00099	1350	9041870848
2429	ERCC-00104	2022	9042132992
2430	ERCC-00108	1022	9042395136
2431	ERCC-00109	536	9042657280
2432	ERCC-00111	994	9042919424
2433	ERCC-00112	1136	9043181568
2434	ERCC-00113	840	9043443712
2435	ERCC-00116	1991	9043705856
2436	ERCC-00117	1136	9043968000
2437	ERCC-00120	536	9044230144
2438	ERCC-00123	1022	9044492288
2439	ERCC-00126	1118	9044754432
2440	ERCC-00130	1059	9045016576
2441	ERCC-00131	771	9045278720
2442	ERCC-00134	274	9045540864
2443	ERCC-00136	1033	9045803008
2444	ERCC-00137	537	9046065152
2445	ERCC-00138	1024	9046327296
2446	ERCC-00142	493	9046589440
2447	ERCC-00143	784	9046851584
2448	ERCC-00144	538	9047113728
2449	ERCC-00145	1042	9047375872
2450	ERCC-00147	1023	9047638016
2451	ERCC-00148	494	9047900160
2452	ERCC-00150	743	9048162304
2453	ERCC-00154	537	9048424448
2454	ERCC-00156	494	9048686592
2455	ERCC-00157	1019	9048948736
2456	ERCC-00158	1027	9049210880
2457	ERCC-00160	743	9049473024
2458	ERCC-00162	523	9049735168
2459	ERCC-00163	543	9049997312
2460	ERCC-00164	1022	9050259456
2461	ERCC-00165	872	9050521600
2462	ERCC-00168	1024	9050783744
2463	ERCC-00170	1023	9051045888
2464	ERCC-00171	505	9051308032
2465	transgene:TdTomato	1430	9051570176
2466	transgene:GFP	725	9051832320
--sjdbOverhang = 100 taken from the generated genome
Started loading the genome: Wed Jun 26 10:32:01 2019

Genome: size given as a parameter = 9060155167
SA: size given as a parameter = 12021358833
SAindex: size given as a parameter = 1
Read from SAindex: pGe.gSAindexNbases=14  nSAi=357913940
nGenome=9060155167;  nSAbyte=12021358833
GstrandBit=34   SA number of indices=2747739161
Shared memory is not used for genomes. Allocated a private copy of the genome.
Genome file size: 9060155167 bytes; state: good=1 eof=0 fail=0 bad=0
Loading Genome ... done! state: good=1 eof=0 fail=0 bad=0; loaded 9060155167 bytes
SA file size: 12021358833 bytes; state: good=1 eof=0 fail=0 bad=0
Loading SA ... done! state: good=1 eof=0 fail=0 bad=0; loaded 12021358833 bytes
Loading SAindex ... done: 1655352103 bytes
Finished loading the genome: Wed Jun 26 10:32:35 2019

Processing splice junctions database sjdbN=40103,   pGe.sjdbOverhang=100 
To accommodate alignIntronMax=1000000 redefined winBinNbits=18
To accommodate alignIntronMax=1000000 and alignMatesGapMax=1000000, redefined winFlankNbins=4 and winAnchorDistNbins=8
Opening the file: Example_data/SequencingRun_001/Plate_001/Well_1/_STARtmp//FilterBySJoutFiles.mate1.thread0 ... ok
Opening the file: Example_data/SequencingRun_001/Plate_001/Well_1/_STARtmp//FilterBySJoutFiles.mate2.thread0 ... ok
Starting to map file # 0
mate 1:   Example_data/SequencingRun_001/Plate_001/Well_1/R1.fastq.gz
mate 2:   Example_data/SequencingRun_001/Plate_001/Well_1/R2.fastq.gz
Thread #0 end of input stream, nextChar=-1
Completed: thread #0
Jun 26 10:32:35   Loaded database junctions from the generated genome /oak/stanford/groups/quake/yuanxue/resources/sc_pipeline/reference_genomes/ToxoplasmaG_ME49_genome/ToxoDB-36_TgondiiME49_Genome.tdt_gfp.musculus.ercc.starIndex/sjdbList.out.tab: 40103 total junctions

Jun 26 10:32:35   Loaded database junctions from the 1st pass file: Example_data/SequencingRun_001/Plate_001/Well_1/_STARpass1//SJ.out.tab: 40234 total junctions

Jun 26 10:32:36   Finished preparing junctions
Jun 26 10:32:36 ..... inserting junctions into the genome indices
Jun 26 10:32:36   Finished SA search: number of new junctions=6, old junctions=40103
Jun 26 10:32:36   Finished sorting SA indicesL nInd=2400
Genome size with junctions=9060156373  9052094464   8061909
GstrandBit1=34   GstrandBit=34
Jun 26 10:33:10   Finished inserting junction indices
Jun 26 10:33:16   Finished SAi
Jun 26 10:33:16 ..... finished inserting junctions into genome

   Input read files for mate 1, from input string Example_data/SequencingRun_001/Plate_001/Well_1/R1.fastq.gz
-rw-rw----+ 1 yuanxue quake 82503 Jun  1 13:05 Example_data/SequencingRun_001/Plate_001/Well_1/R1.fastq.gz

   readsCommandsFile:
exec > "Example_data/SequencingRun_001/Plate_001/Well_1/_STARtmp/tmp.fifo.read1"
echo FILE 0
gunzip   -c      "Example_data/SequencingRun_001/Plate_001/Well_1/R1.fastq.gz"


   Input read files for mate 2, from input string Example_data/SequencingRun_001/Plate_001/Well_1/R2.fastq.gz
-rw-rw----+ 1 yuanxue quake 89498 Jun  1 13:05 Example_data/SequencingRun_001/Plate_001/Well_1/R2.fastq.gz

   readsCommandsFile:
exec > "Example_data/SequencingRun_001/Plate_001/Well_1/_STARtmp/tmp.fifo.read2"
echo FILE 0
gunzip   -c      "Example_data/SequencingRun_001/Plate_001/Well_1/R2.fastq.gz"

Opening the file: Example_data/SequencingRun_001/Plate_001/Well_1/_STARtmp//Unmapped.out.mate1.thread0 ... ok
Opening the file: Example_data/SequencingRun_001/Plate_001/Well_1/_STARtmp//Unmapped.out.mate2.thread0 ... ok
Opening the file: Example_data/SequencingRun_001/Plate_001/Well_1/_STARtmp//FilterBySJoutFiles.mate1.thread0 ... ok
Opening the file: Example_data/SequencingRun_001/Plate_001/Well_1/_STARtmp//FilterBySJoutFiles.mate2.thread0 ... ok
Starting to map file # 0
mate 1:   Example_data/SequencingRun_001/Plate_001/Well_1/R1.fastq.gz
mate 2:   Example_data/SequencingRun_001/Plate_001/Well_1/R2.fastq.gz
Thread #0 end of input stream, nextChar=-1
Completed: thread #0
Completed stage 1 mapping of outFilterBySJout mapping
Detected 0 novel junctions that passed filtering, will proceed to filter reads that contained unannotated junctions
BAM sorting: 1826 mapped reads
BAM sorting bins genomic start loci:
1	0	1412673
2	1	925510
3	3	122844
4	3	1905416
5	4	2157970
6	5	1793018
7	6	1492640
8	6	3140520
9	7	3218244
10	8	815995
11	8	2332075
12	9	373454
13	9	1998315
14	9	2710318
15	9	4902371
16	9	6632008
17	10	986574
18	10	3853476
19	10	4971254
20	10	5315494
21	11	994473
22	11	2486071
23	11	3941850
24	11	7004792
25	12	747087
26	12	1357397
27	12	2345215
28	12	4856707
29	12	6388481
30	13	622798
31	13	2287868
32	13	4492228
33	13	5388987
34	13	6540314
35	73	1059
36	100	1483
37	130	169
38	194	871
39	272	148
40	393	271
41	402	857
42	474	867
43	571	472
44	1333	578
45	1734	235
46	1965	692
47	2232	1016
48	2276	66732885
Completed: thread #0
Jun 26 10:33:21 ..... started sorting BAM
Max memory needed for sorting = 15587
ALL DONE!
