Building DAG of jobs...
Using shell: /usr/bin/bash
Provided cores: 1
Rules claiming more threads will be scaled down.
Job counts:
	count	jobs
	1	htseq
	1

[Thu May 30 04:19:38 2019]
rule htseq:
    input: /oak/stanford/groups/quake/yuanxue/scRNA_seq_data/Toxoplasma_gondii/sequencing_data/NS32/1009901304/YX_1009901304_G6_S22/Aligned.sortedByCoord.out.bam, /oak/stanford/groups/quake/yuanxue/scRNA_seq_data/Toxoplasma_gondii/sequencing_data/NS32/1009901304/YX_1009901304_G6_S22/Log.final.out
    output: /oak/stanford/groups/quake/yuanxue/scRNA_seq_data/Toxoplasma_gondii/sequencing_data/NS32/1009901304/YX_1009901304_G6_S22/htseq.tab
    jobid: 0
    wildcards: all_samples=/oak/stanford/groups/quake/yuanxue/scRNA_seq_data/Toxoplasma_gondii/sequencing_data/NS32/1009901304/YX_1009901304_G6_S22

100000 GFF lines processed.
200000 GFF lines processed.
300000 GFF lines processed.
400000 GFF lines processed.
500000 GFF lines processed.
600000 GFF lines processed.
700000 GFF lines processed.
800000 GFF lines processed.
900000 GFF lines processed.
1000000 GFF lines processed.
1100000 GFF lines processed.
1200000 GFF lines processed.
1300000 GFF lines processed.
1400000 GFF lines processed.
1500000 GFF lines processed.
1600000 GFF lines processed.
1700000 GFF lines processed.
1800000 GFF lines processed.
1900000 GFF lines processed.
2000000 GFF lines processed.
2100000 GFF lines processed.
2200000 GFF lines processed.
2300000 GFF lines processed.
2400000 GFF lines processed.
2500000 GFF lines processed.
2600000 GFF lines processed.
2700000 GFF lines processed.
2800000 GFF lines processed.
2900000 GFF lines processed.
3000000 GFF lines processed.
3100000 GFF lines processed.
3200000 GFF lines processed.
3300000 GFF lines processed.
3400000 GFF lines processed.
3500000 GFF lines processed.
3600000 GFF lines processed.
3700000 GFF lines processed.
3800000 GFF lines processed.
3900000 GFF lines processed.
3916748 GFF lines processed.
100000 SAM alignment record pairs processed.
200000 SAM alignment record pairs processed.
300000 SAM alignment record pairs processed.
400000 SAM alignment record pairs processed.
500000 SAM alignment record pairs processed.
600000 SAM alignment record pairs processed.
700000 SAM alignment record pairs processed.
800000 SAM alignment record pairs processed.
900000 SAM alignment record pairs processed.
1000000 SAM alignment record pairs processed.
1100000 SAM alignment record pairs processed.
1200000 SAM alignment record pairs processed.
1300000 SAM alignment record pairs processed.
1400000 SAM alignment record pairs processed.
1500000 SAM alignment record pairs processed.
1600000 SAM alignment record pairs processed.
1700000 SAM alignment record pairs processed.
1800000 SAM alignment record pairs processed.
1900000 SAM alignment record pairs processed.
2000000 SAM alignment record pairs processed.
2100000 SAM alignment record pairs processed.
2200000 SAM alignment record pairs processed.
2300000 SAM alignment record pairs processed.
2400000 SAM alignment record pairs processed.
2500000 SAM alignment record pairs processed.
2600000 SAM alignment record pairs processed.
2700000 SAM alignment record pairs processed.
2800000 SAM alignment record pairs processed.
2900000 SAM alignment record pairs processed.
3000000 SAM alignment record pairs processed.
3100000 SAM alignment record pairs processed.
3200000 SAM alignment record pairs processed.
3300000 SAM alignment record pairs processed.
3400000 SAM alignment record pairs processed.
3500000 SAM alignment record pairs processed.
3600000 SAM alignment record pairs processed.
3700000 SAM alignment record pairs processed.
3800000 SAM alignment record pairs processed.
3900000 SAM alignment record pairs processed.
4000000 SAM alignment record pairs processed.
4100000 SAM alignment record pairs processed.
4200000 SAM alignment record pairs processed.
4300000 SAM alignment record pairs processed.
4400000 SAM alignment record pairs processed.
4500000 SAM alignment record pairs processed.
4600000 SAM alignment record pairs processed.
4700000 SAM alignment record pairs processed.
4800000 SAM alignment record pairs processed.
4900000 SAM alignment record pairs processed.
5000000 SAM alignment record pairs processed.
5100000 SAM alignment record pairs processed.
5200000 SAM alignment record pairs processed.
5300000 SAM alignment record pairs processed.
5400000 SAM alignment record pairs processed.
5500000 SAM alignment record pairs processed.
5600000 SAM alignment record pairs processed.
5700000 SAM alignment record pairs processed.
5800000 SAM alignment record pairs processed.
Warning: Mate records missing for 790698 records; first such record: <SAM_Alignment object: Paired-end read 'A00111:298:HJ7KYDSXX:3:1113:9842:8140' aligned to AAQM03001825:[5,105)/+>.
5900000 SAM alignment record pairs processed.
6000000 SAM alignment record pairs processed.
6100000 SAM alignment record pairs processed.
6200000 SAM alignment record pairs processed.
6300000 SAM alignment record pairs processed.
6400000 SAM alignment record pairs processed.
6500000 SAM alignment record pairs processed.
6600000 SAM alignment record pairs processed.
Warning: Mate pairing was ambiguous for 21415 records; mate key for first such record: ('A00111:298:HJ7KYDSXX:1:1311:13413:24721', 'first', 'AAQM03002038', 32, 'AAQM03002038', 145, 211).
6603867 SAM alignment pairs processed.
0 SAM alignments  processed.
[Thu May 30 04:37:46 2019]
Finished job 0.
1 of 1 steps (100%) done
