Building DAG of jobs...
Using shell: /usr/bin/bash
Provided cores: 6
Rules claiming more threads will be scaled down.
Job counts:
	count	jobs
	1	star
	1

[Thu May 30 07:03:51 2019]
rule star:
    input: /oak/stanford/groups/quake/yuanxue/resources/sc_pipeline/reference_genomes/ToxoplasmaG_GT1_genome/MM_TGGT1_transgenes_gff3_index, /oak/stanford/groups/quake/yuanxue/scRNA_seq_data/Toxoplasma_gondii/sequencing_data/NS32/1009901306/YX_1009901306_I7_S71/YX_1009901306_I7_S71_R1_001.fastq.gz, /oak/stanford/groups/quake/yuanxue/scRNA_seq_data/Toxoplasma_gondii/sequencing_data/NS32/1009901306/YX_1009901306_I7_S71/YX_1009901306_I7_S71_R2_001.fastq.gz
    output: /oak/stanford/groups/quake/yuanxue/scRNA_seq_data/Toxoplasma_gondii/sequencing_data/NS32/1009901306/YX_1009901306_I7_S71/Aligned.sortedByCoord.out.bam, /oak/stanford/groups/quake/yuanxue/scRNA_seq_data/Toxoplasma_gondii/sequencing_data/NS32/1009901306/YX_1009901306_I7_S71/Log.final.out
    jobid: 0
    wildcards: all_samples=/oak/stanford/groups/quake/yuanxue/scRNA_seq_data/Toxoplasma_gondii/sequencing_data/NS32/1009901306/YX_1009901306_I7_S71
    threads: 6

/oak/stanford/groups/quake/yuanxue/scRNA_seq_data/Toxoplasma_gondii/sequencing_data/NS32/1009901306/YX_1009901306_I7_S71/
May 30 07:03:51 ..... started STAR run
May 30 07:03:51 ..... loading genome
May 30 07:04:09 ..... started 1st pass mapping
May 30 07:15:05 ..... finished 1st pass mapping
May 30 07:15:05 ..... inserting junctions into the genome indices
May 30 07:16:05 ..... started mapping
May 30 07:28:35 ..... finished mapping
May 30 07:28:37 ..... started sorting BAM
May 30 07:29:08 ..... finished successfully
[Thu May 30 07:29:09 2019]
Finished job 0.
1 of 1 steps (100%) done
