Building DAG of jobs...
Using shell: /usr/bin/bash
Provided cores: 6
Rules claiming more threads will be scaled down.
Job counts:
	count	jobs
	1	star
	1

[Thu May 30 14:39:15 2019]
rule star:
    input: /oak/stanford/groups/quake/yuanxue/resources/sc_pipeline/reference_genomes/ToxoplasmaG_GT1_genome/MM_TGGT1_transgenes_gff3_index, /oak/stanford/groups/quake/yuanxue/scRNA_seq_data/Toxoplasma_gondii/sequencing_data/NS32/1009901304/YX_1009901304_K9_S121/YX_1009901304_K9_S121_R1_001.fastq.gz, /oak/stanford/groups/quake/yuanxue/scRNA_seq_data/Toxoplasma_gondii/sequencing_data/NS32/1009901304/YX_1009901304_K9_S121/YX_1009901304_K9_S121_R2_001.fastq.gz
    output: /oak/stanford/groups/quake/yuanxue/scRNA_seq_data/Toxoplasma_gondii/sequencing_data/NS32/1009901304/YX_1009901304_K9_S121/Aligned.sortedByCoord.out.bam, /oak/stanford/groups/quake/yuanxue/scRNA_seq_data/Toxoplasma_gondii/sequencing_data/NS32/1009901304/YX_1009901304_K9_S121/Log.final.out
    jobid: 0
    wildcards: all_samples=/oak/stanford/groups/quake/yuanxue/scRNA_seq_data/Toxoplasma_gondii/sequencing_data/NS32/1009901304/YX_1009901304_K9_S121
    threads: 6

/oak/stanford/groups/quake/yuanxue/scRNA_seq_data/Toxoplasma_gondii/sequencing_data/NS32/1009901304/YX_1009901304_K9_S121/
May 30 14:39:15 ..... started STAR run
May 30 14:39:15 ..... loading genome
May 30 14:40:27 ..... started 1st pass mapping
May 30 14:44:02 ..... finished 1st pass mapping
May 30 14:44:03 ..... inserting junctions into the genome indices
May 30 14:45:00 ..... started mapping
May 30 14:48:36 ..... finished mapping
May 30 14:48:37 ..... started sorting BAM
May 30 14:48:46 ..... finished successfully
[Thu May 30 14:48:46 2019]
Finished job 0.
1 of 1 steps (100%) done
