Building DAG of jobs...
Using shell: /usr/bin/bash
Provided cores: 6
Rules claiming more threads will be scaled down.
Job counts:
	count	jobs
	1	star
	1

[Thu May 30 10:16:23 2019]
rule star:
    input: /oak/stanford/groups/quake/yuanxue/resources/sc_pipeline/reference_genomes/ToxoplasmaG_GT1_genome/MM_TGGT1_transgenes_gff3_index, /oak/stanford/groups/quake/yuanxue/scRNA_seq_data/Toxoplasma_gondii/sequencing_data/NS32/1009901309/YX_1009901309_I13_S77/YX_1009901309_I13_S77_R1_001.fastq.gz, /oak/stanford/groups/quake/yuanxue/scRNA_seq_data/Toxoplasma_gondii/sequencing_data/NS32/1009901309/YX_1009901309_I13_S77/YX_1009901309_I13_S77_R2_001.fastq.gz
    output: /oak/stanford/groups/quake/yuanxue/scRNA_seq_data/Toxoplasma_gondii/sequencing_data/NS32/1009901309/YX_1009901309_I13_S77/Aligned.sortedByCoord.out.bam, /oak/stanford/groups/quake/yuanxue/scRNA_seq_data/Toxoplasma_gondii/sequencing_data/NS32/1009901309/YX_1009901309_I13_S77/Log.final.out
    jobid: 0
    wildcards: all_samples=/oak/stanford/groups/quake/yuanxue/scRNA_seq_data/Toxoplasma_gondii/sequencing_data/NS32/1009901309/YX_1009901309_I13_S77
    threads: 6

/oak/stanford/groups/quake/yuanxue/scRNA_seq_data/Toxoplasma_gondii/sequencing_data/NS32/1009901309/YX_1009901309_I13_S77/
May 30 10:16:23 ..... started STAR run
May 30 10:16:23 ..... loading genome
May 30 10:17:00 ..... started 1st pass mapping
May 30 10:22:49 ..... finished 1st pass mapping
May 30 10:22:50 ..... inserting junctions into the genome indices
May 30 10:23:48 ..... started mapping
May 30 10:30:38 ..... finished mapping
May 30 10:30:41 ..... started sorting BAM
May 30 10:31:10 ..... finished successfully
[Thu May 30 10:31:11 2019]
Finished job 0.
1 of 1 steps (100%) done
