Building DAG of jobs...
Using shell: /usr/bin/bash
Provided cores: 6
Rules claiming more threads will be scaled down.
Job counts:
	count	jobs
	1	star
	1

[Thu May 30 13:36:16 2019]
rule star:
    input: /oak/stanford/groups/quake/yuanxue/resources/sc_pipeline/reference_genomes/ToxoplasmaG_GT1_genome/MM_TGGT1_transgenes_gff3_index, /oak/stanford/groups/quake/yuanxue/scRNA_seq_data/Toxoplasma_gondii/sequencing_data/NS32/1009901304/YX_1009901304_J23_S111/YX_1009901304_J23_S111_R1_001.fastq.gz, /oak/stanford/groups/quake/yuanxue/scRNA_seq_data/Toxoplasma_gondii/sequencing_data/NS32/1009901304/YX_1009901304_J23_S111/YX_1009901304_J23_S111_R2_001.fastq.gz
    output: /oak/stanford/groups/quake/yuanxue/scRNA_seq_data/Toxoplasma_gondii/sequencing_data/NS32/1009901304/YX_1009901304_J23_S111/Aligned.sortedByCoord.out.bam, /oak/stanford/groups/quake/yuanxue/scRNA_seq_data/Toxoplasma_gondii/sequencing_data/NS32/1009901304/YX_1009901304_J23_S111/Log.final.out
    jobid: 0
    wildcards: all_samples=/oak/stanford/groups/quake/yuanxue/scRNA_seq_data/Toxoplasma_gondii/sequencing_data/NS32/1009901304/YX_1009901304_J23_S111
    threads: 6

/oak/stanford/groups/quake/yuanxue/scRNA_seq_data/Toxoplasma_gondii/sequencing_data/NS32/1009901304/YX_1009901304_J23_S111/
May 30 13:36:17 ..... started STAR run
May 30 13:36:17 ..... loading genome
May 30 13:36:49 ..... started 1st pass mapping
May 30 13:40:50 ..... finished 1st pass mapping
May 30 13:40:51 ..... inserting junctions into the genome indices
May 30 13:41:40 ..... started mapping
May 30 13:45:56 ..... finished mapping
May 30 13:45:57 ..... started sorting BAM
May 30 13:46:06 ..... finished successfully
[Thu May 30 13:46:06 2019]
Finished job 0.
1 of 1 steps (100%) done
