Building DAG of jobs...
Using shell: /usr/bin/bash
Provided cores: 6
Rules claiming more threads will be scaled down.
Job counts:
	count	jobs
	1	star
	1

[Thu May 30 10:03:38 2019]
rule star:
    input: /oak/stanford/groups/quake/yuanxue/resources/sc_pipeline/reference_genomes/ToxoplasmaG_GT1_genome/MM_TGGT1_transgenes_gff3_index, /oak/stanford/groups/quake/yuanxue/scRNA_seq_data/Toxoplasma_gondii/sequencing_data/NS32/1009901309/YX_1009901309_G24_S40/YX_1009901309_G24_S40_R1_001.fastq.gz, /oak/stanford/groups/quake/yuanxue/scRNA_seq_data/Toxoplasma_gondii/sequencing_data/NS32/1009901309/YX_1009901309_G24_S40/YX_1009901309_G24_S40_R2_001.fastq.gz
    output: /oak/stanford/groups/quake/yuanxue/scRNA_seq_data/Toxoplasma_gondii/sequencing_data/NS32/1009901309/YX_1009901309_G24_S40/Aligned.sortedByCoord.out.bam, /oak/stanford/groups/quake/yuanxue/scRNA_seq_data/Toxoplasma_gondii/sequencing_data/NS32/1009901309/YX_1009901309_G24_S40/Log.final.out
    jobid: 0
    wildcards: all_samples=/oak/stanford/groups/quake/yuanxue/scRNA_seq_data/Toxoplasma_gondii/sequencing_data/NS32/1009901309/YX_1009901309_G24_S40
    threads: 6

/oak/stanford/groups/quake/yuanxue/scRNA_seq_data/Toxoplasma_gondii/sequencing_data/NS32/1009901309/YX_1009901309_G24_S40/
May 30 10:03:38 ..... started STAR run
May 30 10:03:38 ..... loading genome
May 30 10:04:20 ..... started 1st pass mapping
May 30 10:12:34 ..... finished 1st pass mapping
May 30 10:12:35 ..... inserting junctions into the genome indices
May 30 10:13:47 ..... started mapping
May 30 10:23:48 ..... finished mapping
May 30 10:23:51 ..... started sorting BAM
May 30 10:24:25 ..... finished successfully
[Thu May 30 10:24:26 2019]
Finished job 0.
1 of 1 steps (100%) done
