Building DAG of jobs...
Using shell: /usr/bin/bash
Provided cores: 6
Rules claiming more threads will be scaled down.
Job counts:
	count	jobs
	1	star
	1

[Thu May 30 06:35:31 2019]
rule star:
    input: /oak/stanford/groups/quake/yuanxue/resources/sc_pipeline/reference_genomes/ToxoplasmaG_GT1_genome/MM_TGGT1_transgenes_gff3_index, /oak/stanford/groups/quake/yuanxue/scRNA_seq_data/Toxoplasma_gondii/sequencing_data/NS15/1009900606/YX_1009900606_O19/YX_1009900606_O19_S7_R1_001.fastq.gz, /oak/stanford/groups/quake/yuanxue/scRNA_seq_data/Toxoplasma_gondii/sequencing_data/NS15/1009900606/YX_1009900606_O19/YX_1009900606_O19_S7_R2_001.fastq.gz
    output: /oak/stanford/groups/quake/yuanxue/scRNA_seq_data/Toxoplasma_gondii/sequencing_data/NS15/1009900606/YX_1009900606_O19/Aligned.sortedByCoord.out.bam, /oak/stanford/groups/quake/yuanxue/scRNA_seq_data/Toxoplasma_gondii/sequencing_data/NS15/1009900606/YX_1009900606_O19/Log.final.out
    jobid: 0
    wildcards: all_samples=/oak/stanford/groups/quake/yuanxue/scRNA_seq_data/Toxoplasma_gondii/sequencing_data/NS15/1009900606/YX_1009900606_O19
    threads: 6

/oak/stanford/groups/quake/yuanxue/scRNA_seq_data/Toxoplasma_gondii/sequencing_data/NS15/1009900606/YX_1009900606_O19/
May 30 06:35:31 ..... started STAR run
May 30 06:35:31 ..... loading genome
May 30 06:36:16 ..... started 1st pass mapping
May 30 06:46:09 ..... finished 1st pass mapping
May 30 06:46:10 ..... inserting junctions into the genome indices
May 30 06:47:30 ..... started mapping
May 30 06:58:03 ..... finished mapping
May 30 06:58:08 ..... started sorting BAM
May 30 06:58:25 ..... finished successfully
[Thu May 30 06:58:26 2019]
Finished job 0.
1 of 1 steps (100%) done
