Building DAG of jobs...
Using shell: /usr/bin/bash
Provided cores: 6
Rules claiming more threads will be scaled down.
Job counts:
	count	jobs
	1	star
	1

[Thu May 30 05:04:06 2019]
rule star:
    input: /oak/stanford/groups/quake/yuanxue/resources/sc_pipeline/reference_genomes/ToxoplasmaG_GT1_genome/MM_TGGT1_transgenes_gff3_index, /oak/stanford/groups/quake/yuanxue/scRNA_seq_data/Toxoplasma_gondii/sequencing_data/NS32/1009901306/YX_1009901306_K3_S115/YX_1009901306_K3_S115_R1_001.fastq.gz, /oak/stanford/groups/quake/yuanxue/scRNA_seq_data/Toxoplasma_gondii/sequencing_data/NS32/1009901306/YX_1009901306_K3_S115/YX_1009901306_K3_S115_R2_001.fastq.gz
    output: /oak/stanford/groups/quake/yuanxue/scRNA_seq_data/Toxoplasma_gondii/sequencing_data/NS32/1009901306/YX_1009901306_K3_S115/Aligned.sortedByCoord.out.bam, /oak/stanford/groups/quake/yuanxue/scRNA_seq_data/Toxoplasma_gondii/sequencing_data/NS32/1009901306/YX_1009901306_K3_S115/Log.final.out
    jobid: 0
    wildcards: all_samples=/oak/stanford/groups/quake/yuanxue/scRNA_seq_data/Toxoplasma_gondii/sequencing_data/NS32/1009901306/YX_1009901306_K3_S115
    threads: 6

/oak/stanford/groups/quake/yuanxue/scRNA_seq_data/Toxoplasma_gondii/sequencing_data/NS32/1009901306/YX_1009901306_K3_S115/
May 30 05:04:06 ..... started STAR run
May 30 05:04:06 ..... loading genome
May 30 05:04:36 ..... started 1st pass mapping
May 30 05:15:18 ..... finished 1st pass mapping
May 30 05:15:19 ..... inserting junctions into the genome indices
May 30 05:16:18 ..... started mapping
May 30 05:28:26 ..... finished mapping
May 30 05:28:28 ..... started sorting BAM
May 30 05:29:02 ..... finished successfully
[Thu May 30 05:29:04 2019]
Finished job 0.
1 of 1 steps (100%) done
