Building DAG of jobs...
Using shell: /usr/bin/bash
Provided cores: 6
Rules claiming more threads will be scaled down.
Job counts:
	count	jobs
	1	star
	1

[Thu May 30 19:49:10 2019]
rule star:
    input: /oak/stanford/groups/quake/yuanxue/resources/sc_pipeline/reference_genomes/ToxoplasmaG_GT1_genome/MM_TGGT1_transgenes_gff3_index, /oak/stanford/groups/quake/yuanxue/scRNA_seq_data/Toxoplasma_gondii/sequencing_data/NS32/1009901306/YX_1009901306_P23_S255/YX_1009901306_P23_S255_R1_001.fastq.gz, /oak/stanford/groups/quake/yuanxue/scRNA_seq_data/Toxoplasma_gondii/sequencing_data/NS32/1009901306/YX_1009901306_P23_S255/YX_1009901306_P23_S255_R2_001.fastq.gz
    output: /oak/stanford/groups/quake/yuanxue/scRNA_seq_data/Toxoplasma_gondii/sequencing_data/NS32/1009901306/YX_1009901306_P23_S255/Aligned.sortedByCoord.out.bam, /oak/stanford/groups/quake/yuanxue/scRNA_seq_data/Toxoplasma_gondii/sequencing_data/NS32/1009901306/YX_1009901306_P23_S255/Log.final.out
    jobid: 0
    wildcards: all_samples=/oak/stanford/groups/quake/yuanxue/scRNA_seq_data/Toxoplasma_gondii/sequencing_data/NS32/1009901306/YX_1009901306_P23_S255
    threads: 6

/oak/stanford/groups/quake/yuanxue/scRNA_seq_data/Toxoplasma_gondii/sequencing_data/NS32/1009901306/YX_1009901306_P23_S255/
May 30 19:49:10 ..... started STAR run
May 30 19:49:10 ..... loading genome
May 30 19:49:33 ..... started 1st pass mapping
May 30 19:51:39 ..... finished 1st pass mapping
May 30 19:51:40 ..... inserting junctions into the genome indices
May 30 19:52:30 ..... started mapping
May 30 19:54:39 ..... finished mapping
May 30 19:54:40 ..... started sorting BAM
May 30 19:54:50 ..... finished successfully
[Thu May 30 19:54:51 2019]
Finished job 0.
1 of 1 steps (100%) done
