Building DAG of jobs...
Using shell: /usr/bin/bash
Provided cores: 6
Rules claiming more threads will be scaled down.
Job counts:
	count	jobs
	1	star
	1

[Wed May 29 22:22:56 2019]
rule star:
    input: /oak/stanford/groups/quake/yuanxue/resources/sc_pipeline/reference_genomes/ToxoplasmaG_GT1_genome/MM_TGGT1_transgenes_gff3_index, /oak/stanford/groups/quake/yuanxue/scRNA_seq_data/Toxoplasma_gondii/sequencing_data/NS15/1009900606/YX_1009900606_A20/YX_1009900606_A20_S272_R1_001.fastq.gz, /oak/stanford/groups/quake/yuanxue/scRNA_seq_data/Toxoplasma_gondii/sequencing_data/NS15/1009900606/YX_1009900606_A20/YX_1009900606_A20_S272_R2_001.fastq.gz
    output: /oak/stanford/groups/quake/yuanxue/scRNA_seq_data/Toxoplasma_gondii/sequencing_data/NS15/1009900606/YX_1009900606_A20/Aligned.sortedByCoord.out.bam, /oak/stanford/groups/quake/yuanxue/scRNA_seq_data/Toxoplasma_gondii/sequencing_data/NS15/1009900606/YX_1009900606_A20/Log.final.out
    jobid: 0
    wildcards: all_samples=/oak/stanford/groups/quake/yuanxue/scRNA_seq_data/Toxoplasma_gondii/sequencing_data/NS15/1009900606/YX_1009900606_A20
    threads: 6

/oak/stanford/groups/quake/yuanxue/scRNA_seq_data/Toxoplasma_gondii/sequencing_data/NS15/1009900606/YX_1009900606_A20/
May 29 22:22:56 ..... started STAR run
May 29 22:22:56 ..... loading genome
May 29 22:23:16 ..... started 1st pass mapping
May 29 22:37:49 ..... finished 1st pass mapping
May 29 22:37:50 ..... inserting junctions into the genome indices
May 29 22:38:42 ..... started mapping
May 29 22:53:43 ..... finished mapping
May 29 22:53:44 ..... started sorting BAM
May 29 22:54:00 ..... finished successfully
[Wed May 29 22:54:00 2019]
Finished job 0.
1 of 1 steps (100%) done
