Building DAG of jobs...
Using shell: /usr/bin/bash
Provided cores: 6
Rules claiming more threads will be scaled down.
Job counts:
	count	jobs
	1	star
	1

[Thu May 30 04:46:55 2019]
rule star:
    input: /oak/stanford/groups/quake/yuanxue/resources/sc_pipeline/reference_genomes/ToxoplasmaG_GT1_genome/MM_TGGT1_transgenes_gff3_index, /oak/stanford/groups/quake/yuanxue/scRNA_seq_data/Toxoplasma_gondii/sequencing_data/NS32/1009901304/YX_1009901304_I20_S84/YX_1009901304_I20_S84_R1_001.fastq.gz, /oak/stanford/groups/quake/yuanxue/scRNA_seq_data/Toxoplasma_gondii/sequencing_data/NS32/1009901304/YX_1009901304_I20_S84/YX_1009901304_I20_S84_R2_001.fastq.gz
    output: /oak/stanford/groups/quake/yuanxue/scRNA_seq_data/Toxoplasma_gondii/sequencing_data/NS32/1009901304/YX_1009901304_I20_S84/Aligned.sortedByCoord.out.bam, /oak/stanford/groups/quake/yuanxue/scRNA_seq_data/Toxoplasma_gondii/sequencing_data/NS32/1009901304/YX_1009901304_I20_S84/Log.final.out
    jobid: 0
    wildcards: all_samples=/oak/stanford/groups/quake/yuanxue/scRNA_seq_data/Toxoplasma_gondii/sequencing_data/NS32/1009901304/YX_1009901304_I20_S84
    threads: 6

/oak/stanford/groups/quake/yuanxue/scRNA_seq_data/Toxoplasma_gondii/sequencing_data/NS32/1009901304/YX_1009901304_I20_S84/
May 30 04:46:55 ..... started STAR run
May 30 04:46:55 ..... loading genome
May 30 04:47:35 ..... started 1st pass mapping
May 30 05:06:11 ..... finished 1st pass mapping
May 30 05:06:12 ..... inserting junctions into the genome indices
May 30 05:07:35 ..... started mapping
May 30 05:30:50 ..... finished mapping
May 30 05:30:54 ..... started sorting BAM
May 30 05:31:37 ..... finished successfully
[Thu May 30 05:31:39 2019]
Finished job 0.
1 of 1 steps (100%) done
