Building DAG of jobs...
Using shell: /usr/bin/bash
Provided cores: 6
Rules claiming more threads will be scaled down.
Job counts:
	count	jobs
	1	star
	1

[Thu May 30 20:06:04 2019]
rule star:
    input: /oak/stanford/groups/quake/yuanxue/resources/sc_pipeline/reference_genomes/ToxoplasmaG_GT1_genome/MM_TGGT1_transgenes_gff3_index, /oak/stanford/groups/quake/yuanxue/scRNA_seq_data/Toxoplasma_gondii/sequencing_data/NS32/1009901308/YX_1009901308_J19_S107/YX_1009901308_J19_S107_R1_001.fastq.gz, /oak/stanford/groups/quake/yuanxue/scRNA_seq_data/Toxoplasma_gondii/sequencing_data/NS32/1009901308/YX_1009901308_J19_S107/YX_1009901308_J19_S107_R2_001.fastq.gz
    output: /oak/stanford/groups/quake/yuanxue/scRNA_seq_data/Toxoplasma_gondii/sequencing_data/NS32/1009901308/YX_1009901308_J19_S107/Aligned.sortedByCoord.out.bam, /oak/stanford/groups/quake/yuanxue/scRNA_seq_data/Toxoplasma_gondii/sequencing_data/NS32/1009901308/YX_1009901308_J19_S107/Log.final.out
    jobid: 0
    wildcards: all_samples=/oak/stanford/groups/quake/yuanxue/scRNA_seq_data/Toxoplasma_gondii/sequencing_data/NS32/1009901308/YX_1009901308_J19_S107
    threads: 6

/oak/stanford/groups/quake/yuanxue/scRNA_seq_data/Toxoplasma_gondii/sequencing_data/NS32/1009901308/YX_1009901308_J19_S107/
May 30 20:06:04 ..... started STAR run
May 30 20:06:04 ..... loading genome
May 30 20:06:23 ..... started 1st pass mapping
May 30 20:08:05 ..... finished 1st pass mapping
May 30 20:08:06 ..... inserting junctions into the genome indices
May 30 20:08:56 ..... started mapping
May 30 20:10:39 ..... finished mapping
May 30 20:10:41 ..... started sorting BAM
May 30 20:10:49 ..... finished successfully
[Thu May 30 20:10:49 2019]
Finished job 0.
1 of 1 steps (100%) done
