Building DAG of jobs...
Using shell: /usr/bin/bash
Provided cores: 6
Rules claiming more threads will be scaled down.
Job counts:
	count	jobs
	1	star
	1

[Thu May 30 12:10:14 2019]
rule star:
    input: /oak/stanford/groups/quake/yuanxue/resources/sc_pipeline/reference_genomes/ToxoplasmaG_GT1_genome/MM_TGGT1_transgenes_gff3_index, /oak/stanford/groups/quake/yuanxue/scRNA_seq_data/Toxoplasma_gondii/sequencing_data/NS32/1009901308/YX_1009901308_G11_S27/YX_1009901308_G11_S27_R1_001.fastq.gz, /oak/stanford/groups/quake/yuanxue/scRNA_seq_data/Toxoplasma_gondii/sequencing_data/NS32/1009901308/YX_1009901308_G11_S27/YX_1009901308_G11_S27_R2_001.fastq.gz
    output: /oak/stanford/groups/quake/yuanxue/scRNA_seq_data/Toxoplasma_gondii/sequencing_data/NS32/1009901308/YX_1009901308_G11_S27/Aligned.sortedByCoord.out.bam, /oak/stanford/groups/quake/yuanxue/scRNA_seq_data/Toxoplasma_gondii/sequencing_data/NS32/1009901308/YX_1009901308_G11_S27/Log.final.out
    jobid: 0
    wildcards: all_samples=/oak/stanford/groups/quake/yuanxue/scRNA_seq_data/Toxoplasma_gondii/sequencing_data/NS32/1009901308/YX_1009901308_G11_S27
    threads: 6

/oak/stanford/groups/quake/yuanxue/scRNA_seq_data/Toxoplasma_gondii/sequencing_data/NS32/1009901308/YX_1009901308_G11_S27/
May 30 12:10:14 ..... started STAR run
May 30 12:10:14 ..... loading genome
May 30 12:10:29 ..... started 1st pass mapping
May 30 12:13:10 ..... finished 1st pass mapping
May 30 12:13:11 ..... inserting junctions into the genome indices
May 30 12:14:01 ..... started mapping
May 30 12:17:01 ..... finished mapping
May 30 12:17:02 ..... started sorting BAM
May 30 12:17:14 ..... finished successfully
[Thu May 30 12:17:15 2019]
Finished job 0.
1 of 1 steps (100%) done
