Building DAG of jobs...
Using shell: /usr/bin/bash
Provided cores: 6
Rules claiming more threads will be scaled down.
Job counts:
	count	jobs
	1	star
	1

[Thu May 30 18:15:59 2019]
rule star:
    input: /oak/stanford/groups/quake/yuanxue/resources/sc_pipeline/reference_genomes/ToxoplasmaG_GT1_genome/MM_TGGT1_transgenes_gff3_index, /oak/stanford/groups/quake/yuanxue/scRNA_seq_data/Toxoplasma_gondii/sequencing_data/NS32/1009901309/YX_1009901309_P16_S248/YX_1009901309_P16_S248_R1_001.fastq.gz, /oak/stanford/groups/quake/yuanxue/scRNA_seq_data/Toxoplasma_gondii/sequencing_data/NS32/1009901309/YX_1009901309_P16_S248/YX_1009901309_P16_S248_R2_001.fastq.gz
    output: /oak/stanford/groups/quake/yuanxue/scRNA_seq_data/Toxoplasma_gondii/sequencing_data/NS32/1009901309/YX_1009901309_P16_S248/Aligned.sortedByCoord.out.bam, /oak/stanford/groups/quake/yuanxue/scRNA_seq_data/Toxoplasma_gondii/sequencing_data/NS32/1009901309/YX_1009901309_P16_S248/Log.final.out
    jobid: 0
    wildcards: all_samples=/oak/stanford/groups/quake/yuanxue/scRNA_seq_data/Toxoplasma_gondii/sequencing_data/NS32/1009901309/YX_1009901309_P16_S248
    threads: 6

/oak/stanford/groups/quake/yuanxue/scRNA_seq_data/Toxoplasma_gondii/sequencing_data/NS32/1009901309/YX_1009901309_P16_S248/
May 30 18:15:59 ..... started STAR run
May 30 18:15:59 ..... loading genome
May 30 18:16:15 ..... started 1st pass mapping
May 30 18:18:21 ..... finished 1st pass mapping
May 30 18:18:22 ..... inserting junctions into the genome indices
May 30 18:19:10 ..... started mapping
May 30 18:21:33 ..... finished mapping
May 30 18:21:36 ..... started sorting BAM
May 30 18:22:31 ..... finished successfully
[Thu May 30 18:22:31 2019]
Finished job 0.
1 of 1 steps (100%) done
