Building DAG of jobs...
Using shell: /usr/bin/bash
Provided cores: 6
Rules claiming more threads will be scaled down.
Job counts:
	count	jobs
	1	star
	1

[Thu May 30 01:45:34 2019]
rule star:
    input: /oak/stanford/groups/quake/yuanxue/resources/sc_pipeline/reference_genomes/ToxoplasmaG_GT1_genome/MM_TGGT1_transgenes_gff3_index, /oak/stanford/groups/quake/yuanxue/scRNA_seq_data/Toxoplasma_gondii/sequencing_data/NS15/1009900606/YX_1009900606_H6/YX_1009900606_H6_S126_R1_001.fastq.gz, /oak/stanford/groups/quake/yuanxue/scRNA_seq_data/Toxoplasma_gondii/sequencing_data/NS15/1009900606/YX_1009900606_H6/YX_1009900606_H6_S126_R2_001.fastq.gz
    output: /oak/stanford/groups/quake/yuanxue/scRNA_seq_data/Toxoplasma_gondii/sequencing_data/NS15/1009900606/YX_1009900606_H6/Aligned.sortedByCoord.out.bam, /oak/stanford/groups/quake/yuanxue/scRNA_seq_data/Toxoplasma_gondii/sequencing_data/NS15/1009900606/YX_1009900606_H6/Log.final.out
    jobid: 0
    wildcards: all_samples=/oak/stanford/groups/quake/yuanxue/scRNA_seq_data/Toxoplasma_gondii/sequencing_data/NS15/1009900606/YX_1009900606_H6
    threads: 6

/oak/stanford/groups/quake/yuanxue/scRNA_seq_data/Toxoplasma_gondii/sequencing_data/NS15/1009900606/YX_1009900606_H6/
May 30 01:45:34 ..... started STAR run
May 30 01:45:34 ..... loading genome
May 30 01:46:22 ..... started 1st pass mapping
May 30 01:54:27 ..... finished 1st pass mapping
May 30 01:54:27 ..... inserting junctions into the genome indices
May 30 01:55:22 ..... started mapping
May 30 02:04:40 ..... finished mapping
May 30 02:04:41 ..... started sorting BAM
May 30 02:05:18 ..... finished successfully
[Thu May 30 02:05:19 2019]
Finished job 0.
1 of 1 steps (100%) done
