Building DAG of jobs...
Using shell: /usr/bin/bash
Provided cores: 6
Rules claiming more threads will be scaled down.
Job counts:
	count	jobs
	1	star
	1

[Thu May 30 10:07:49 2019]
rule star:
    input: /oak/stanford/groups/quake/yuanxue/resources/sc_pipeline/reference_genomes/ToxoplasmaG_GT1_genome/MM_TGGT1_transgenes_gff3_index, /oak/stanford/groups/quake/yuanxue/scRNA_seq_data/Toxoplasma_gondii/sequencing_data/NS32/1009901309/YX_1009901309_I11_S75/YX_1009901309_I11_S75_R1_001.fastq.gz, /oak/stanford/groups/quake/yuanxue/scRNA_seq_data/Toxoplasma_gondii/sequencing_data/NS32/1009901309/YX_1009901309_I11_S75/YX_1009901309_I11_S75_R2_001.fastq.gz
    output: /oak/stanford/groups/quake/yuanxue/scRNA_seq_data/Toxoplasma_gondii/sequencing_data/NS32/1009901309/YX_1009901309_I11_S75/Aligned.sortedByCoord.out.bam, /oak/stanford/groups/quake/yuanxue/scRNA_seq_data/Toxoplasma_gondii/sequencing_data/NS32/1009901309/YX_1009901309_I11_S75/Log.final.out
    jobid: 0
    wildcards: all_samples=/oak/stanford/groups/quake/yuanxue/scRNA_seq_data/Toxoplasma_gondii/sequencing_data/NS32/1009901309/YX_1009901309_I11_S75
    threads: 6

/oak/stanford/groups/quake/yuanxue/scRNA_seq_data/Toxoplasma_gondii/sequencing_data/NS32/1009901309/YX_1009901309_I11_S75/
May 30 10:07:49 ..... started STAR run
May 30 10:07:49 ..... loading genome
May 30 10:08:21 ..... started 1st pass mapping
May 30 10:13:47 ..... finished 1st pass mapping
May 30 10:13:48 ..... inserting junctions into the genome indices
May 30 10:14:45 ..... started mapping
May 30 10:21:51 ..... finished mapping
May 30 10:21:53 ..... started sorting BAM
May 30 10:22:20 ..... finished successfully
[Thu May 30 10:22:21 2019]
Finished job 0.
1 of 1 steps (100%) done
