Building DAG of jobs...
Using shell: /usr/bin/bash
Provided cores: 6
Rules claiming more threads will be scaled down.
Job counts:
	count	jobs
	1	star
	1

[Thu May 30 01:30:58 2019]
rule star:
    input: /oak/stanford/groups/quake/yuanxue/resources/sc_pipeline/reference_genomes/ToxoplasmaG_GT1_genome/MM_TGGT1_transgenes_gff3_index, /oak/stanford/groups/quake/yuanxue/scRNA_seq_data/Toxoplasma_gondii/sequencing_data/NS15/1009900606/YX_1009900606_C20/YX_1009900606_C20_S20_R1_001.fastq.gz, /oak/stanford/groups/quake/yuanxue/scRNA_seq_data/Toxoplasma_gondii/sequencing_data/NS15/1009900606/YX_1009900606_C20/YX_1009900606_C20_S20_R2_001.fastq.gz
    output: /oak/stanford/groups/quake/yuanxue/scRNA_seq_data/Toxoplasma_gondii/sequencing_data/NS15/1009900606/YX_1009900606_C20/Aligned.sortedByCoord.out.bam, /oak/stanford/groups/quake/yuanxue/scRNA_seq_data/Toxoplasma_gondii/sequencing_data/NS15/1009900606/YX_1009900606_C20/Log.final.out
    jobid: 0
    wildcards: all_samples=/oak/stanford/groups/quake/yuanxue/scRNA_seq_data/Toxoplasma_gondii/sequencing_data/NS15/1009900606/YX_1009900606_C20
    threads: 6

/oak/stanford/groups/quake/yuanxue/scRNA_seq_data/Toxoplasma_gondii/sequencing_data/NS15/1009900606/YX_1009900606_C20/
May 30 01:30:58 ..... started STAR run
May 30 01:30:58 ..... loading genome
May 30 01:31:33 ..... started 1st pass mapping
May 30 01:41:09 ..... finished 1st pass mapping
May 30 01:41:10 ..... inserting junctions into the genome indices
May 30 01:42:17 ..... started mapping
May 30 01:52:49 ..... finished mapping
May 30 01:52:52 ..... started sorting BAM
May 30 01:53:19 ..... finished successfully
[Thu May 30 01:53:20 2019]
Finished job 0.
1 of 1 steps (100%) done
