Building DAG of jobs...
Using shell: /usr/bin/bash
Provided cores: 6
Rules claiming more threads will be scaled down.
Job counts:
	count	jobs
	1	star
	1

[Thu May 30 08:39:06 2019]
rule star:
    input: /oak/stanford/groups/quake/yuanxue/resources/sc_pipeline/reference_genomes/ToxoplasmaG_GT1_genome/MM_TGGT1_transgenes_gff3_index, /oak/stanford/groups/quake/yuanxue/scRNA_seq_data/Toxoplasma_gondii/sequencing_data/NS32/1009901309/YX_1009901309_J2_S90/YX_1009901309_J2_S90_R1_001.fastq.gz, /oak/stanford/groups/quake/yuanxue/scRNA_seq_data/Toxoplasma_gondii/sequencing_data/NS32/1009901309/YX_1009901309_J2_S90/YX_1009901309_J2_S90_R2_001.fastq.gz
    output: /oak/stanford/groups/quake/yuanxue/scRNA_seq_data/Toxoplasma_gondii/sequencing_data/NS32/1009901309/YX_1009901309_J2_S90/Aligned.sortedByCoord.out.bam, /oak/stanford/groups/quake/yuanxue/scRNA_seq_data/Toxoplasma_gondii/sequencing_data/NS32/1009901309/YX_1009901309_J2_S90/Log.final.out
    jobid: 0
    wildcards: all_samples=/oak/stanford/groups/quake/yuanxue/scRNA_seq_data/Toxoplasma_gondii/sequencing_data/NS32/1009901309/YX_1009901309_J2_S90
    threads: 6

/oak/stanford/groups/quake/yuanxue/scRNA_seq_data/Toxoplasma_gondii/sequencing_data/NS32/1009901309/YX_1009901309_J2_S90/
May 30 08:39:06 ..... started STAR run
May 30 08:39:06 ..... loading genome
May 30 08:39:42 ..... started 1st pass mapping
May 30 08:48:06 ..... finished 1st pass mapping
May 30 08:48:07 ..... inserting junctions into the genome indices
May 30 08:49:08 ..... started mapping
May 30 09:00:01 ..... finished mapping
May 30 09:00:04 ..... started sorting BAM
May 30 09:00:33 ..... finished successfully
[Thu May 30 09:00:34 2019]
Finished job 0.
1 of 1 steps (100%) done
