Building DAG of jobs...
Using shell: /usr/bin/bash
Provided cores: 6
Rules claiming more threads will be scaled down.
Job counts:
	count	jobs
	1	star
	1

[Thu May 30 10:59:53 2019]
rule star:
    input: /oak/stanford/groups/quake/yuanxue/resources/sc_pipeline/reference_genomes/ToxoplasmaG_GT1_genome/MM_TGGT1_transgenes_gff3_index, /oak/stanford/groups/quake/yuanxue/scRNA_seq_data/Toxoplasma_gondii/sequencing_data/NS32/1009901308/YX_1009901308_H12_S52/YX_1009901308_H12_S52_R1_001.fastq.gz, /oak/stanford/groups/quake/yuanxue/scRNA_seq_data/Toxoplasma_gondii/sequencing_data/NS32/1009901308/YX_1009901308_H12_S52/YX_1009901308_H12_S52_R2_001.fastq.gz
    output: /oak/stanford/groups/quake/yuanxue/scRNA_seq_data/Toxoplasma_gondii/sequencing_data/NS32/1009901308/YX_1009901308_H12_S52/Aligned.sortedByCoord.out.bam, /oak/stanford/groups/quake/yuanxue/scRNA_seq_data/Toxoplasma_gondii/sequencing_data/NS32/1009901308/YX_1009901308_H12_S52/Log.final.out
    jobid: 0
    wildcards: all_samples=/oak/stanford/groups/quake/yuanxue/scRNA_seq_data/Toxoplasma_gondii/sequencing_data/NS32/1009901308/YX_1009901308_H12_S52
    threads: 6

/oak/stanford/groups/quake/yuanxue/scRNA_seq_data/Toxoplasma_gondii/sequencing_data/NS32/1009901308/YX_1009901308_H12_S52/
May 30 10:59:53 ..... started STAR run
May 30 10:59:53 ..... loading genome
May 30 11:00:28 ..... started 1st pass mapping
May 30 11:06:40 ..... finished 1st pass mapping
May 30 11:06:41 ..... inserting junctions into the genome indices
May 30 11:07:49 ..... started mapping
May 30 11:15:11 ..... finished mapping
May 30 11:15:14 ..... started sorting BAM
May 30 11:15:37 ..... finished successfully
[Thu May 30 11:15:38 2019]
Finished job 0.
1 of 1 steps (100%) done
