Building DAG of jobs...
Using shell: /usr/bin/bash
Provided cores: 6
Rules claiming more threads will be scaled down.
Job counts:
	count	jobs
	1	star
	1

[Thu May 30 11:36:35 2019]
rule star:
    input: /oak/stanford/groups/quake/yuanxue/resources/sc_pipeline/reference_genomes/ToxoplasmaG_GT1_genome/MM_TGGT1_transgenes_gff3_index, /oak/stanford/groups/quake/yuanxue/scRNA_seq_data/Toxoplasma_gondii/sequencing_data/NS32/1009901308/YX_1009901308_B8_S288/YX_1009901308_B8_S288_R1_001.fastq.gz, /oak/stanford/groups/quake/yuanxue/scRNA_seq_data/Toxoplasma_gondii/sequencing_data/NS32/1009901308/YX_1009901308_B8_S288/YX_1009901308_B8_S288_R2_001.fastq.gz
    output: /oak/stanford/groups/quake/yuanxue/scRNA_seq_data/Toxoplasma_gondii/sequencing_data/NS32/1009901308/YX_1009901308_B8_S288/Aligned.sortedByCoord.out.bam, /oak/stanford/groups/quake/yuanxue/scRNA_seq_data/Toxoplasma_gondii/sequencing_data/NS32/1009901308/YX_1009901308_B8_S288/Log.final.out
    jobid: 0
    wildcards: all_samples=/oak/stanford/groups/quake/yuanxue/scRNA_seq_data/Toxoplasma_gondii/sequencing_data/NS32/1009901308/YX_1009901308_B8_S288
    threads: 6

/oak/stanford/groups/quake/yuanxue/scRNA_seq_data/Toxoplasma_gondii/sequencing_data/NS32/1009901308/YX_1009901308_B8_S288/
May 30 11:36:35 ..... started STAR run
May 30 11:36:35 ..... loading genome
May 30 11:37:19 ..... started 1st pass mapping
May 30 11:40:21 ..... finished 1st pass mapping
May 30 11:40:21 ..... inserting junctions into the genome indices
May 30 11:41:13 ..... started mapping
May 30 11:44:38 ..... finished mapping
May 30 11:44:39 ..... started sorting BAM
May 30 11:45:01 ..... finished successfully
[Thu May 30 11:45:01 2019]
Finished job 0.
1 of 1 steps (100%) done
