Building DAG of jobs...
Using shell: /usr/bin/bash
Provided cores: 6
Rules claiming more threads will be scaled down.
Job counts:
	count	jobs
	1	star
	1

[Thu May 30 06:03:12 2019]
rule star:
    input: /oak/stanford/groups/quake/yuanxue/resources/sc_pipeline/reference_genomes/ToxoplasmaG_GT1_genome/MM_TGGT1_transgenes_gff3_index, /oak/stanford/groups/quake/yuanxue/scRNA_seq_data/Toxoplasma_gondii/sequencing_data/NS32/1009901304/YX_1009901304_M4_S164/YX_1009901304_M4_S164_R1_001.fastq.gz, /oak/stanford/groups/quake/yuanxue/scRNA_seq_data/Toxoplasma_gondii/sequencing_data/NS32/1009901304/YX_1009901304_M4_S164/YX_1009901304_M4_S164_R2_001.fastq.gz
    output: /oak/stanford/groups/quake/yuanxue/scRNA_seq_data/Toxoplasma_gondii/sequencing_data/NS32/1009901304/YX_1009901304_M4_S164/Aligned.sortedByCoord.out.bam, /oak/stanford/groups/quake/yuanxue/scRNA_seq_data/Toxoplasma_gondii/sequencing_data/NS32/1009901304/YX_1009901304_M4_S164/Log.final.out
    jobid: 0
    wildcards: all_samples=/oak/stanford/groups/quake/yuanxue/scRNA_seq_data/Toxoplasma_gondii/sequencing_data/NS32/1009901304/YX_1009901304_M4_S164
    threads: 6

/oak/stanford/groups/quake/yuanxue/scRNA_seq_data/Toxoplasma_gondii/sequencing_data/NS32/1009901304/YX_1009901304_M4_S164/
May 30 06:03:12 ..... started STAR run
May 30 06:03:12 ..... loading genome
May 30 06:03:52 ..... started 1st pass mapping
May 30 06:20:23 ..... finished 1st pass mapping
May 30 06:20:24 ..... inserting junctions into the genome indices
May 30 06:21:34 ..... started mapping
May 30 06:43:10 ..... finished mapping
May 30 06:43:12 ..... started sorting BAM
May 30 06:44:00 ..... finished successfully
[Thu May 30 06:44:01 2019]
Finished job 0.
1 of 1 steps (100%) done
