Building DAG of jobs...
Using shell: /usr/bin/bash
Provided cores: 6
Rules claiming more threads will be scaled down.
Job counts:
	count	jobs
	1	star
	1

[Thu May 30 21:50:11 2019]
rule star:
    input: /oak/stanford/groups/quake/yuanxue/resources/sc_pipeline/reference_genomes/ToxoplasmaG_GT1_genome/MM_TGGT1_transgenes_gff3_index, /oak/stanford/groups/quake/yuanxue/scRNA_seq_data/Toxoplasma_gondii/sequencing_data/NS32/1009901306/YX_1009901306_F14_S6/YX_1009901306_F14_S6_R1_001.fastq.gz, /oak/stanford/groups/quake/yuanxue/scRNA_seq_data/Toxoplasma_gondii/sequencing_data/NS32/1009901306/YX_1009901306_F14_S6/YX_1009901306_F14_S6_R2_001.fastq.gz
    output: /oak/stanford/groups/quake/yuanxue/scRNA_seq_data/Toxoplasma_gondii/sequencing_data/NS32/1009901306/YX_1009901306_F14_S6/Aligned.sortedByCoord.out.bam, /oak/stanford/groups/quake/yuanxue/scRNA_seq_data/Toxoplasma_gondii/sequencing_data/NS32/1009901306/YX_1009901306_F14_S6/Log.final.out
    jobid: 0
    wildcards: all_samples=/oak/stanford/groups/quake/yuanxue/scRNA_seq_data/Toxoplasma_gondii/sequencing_data/NS32/1009901306/YX_1009901306_F14_S6
    threads: 6

/oak/stanford/groups/quake/yuanxue/scRNA_seq_data/Toxoplasma_gondii/sequencing_data/NS32/1009901306/YX_1009901306_F14_S6/
May 30 21:50:11 ..... started STAR run
May 30 21:50:11 ..... loading genome
May 30 21:50:26 ..... started 1st pass mapping
May 30 21:52:08 ..... finished 1st pass mapping
May 30 21:52:09 ..... inserting junctions into the genome indices
May 30 21:52:58 ..... started mapping
May 30 21:54:41 ..... finished mapping
May 30 21:54:42 ..... started sorting BAM
May 30 21:54:59 ..... finished successfully
[Thu May 30 21:55:00 2019]
Finished job 0.
1 of 1 steps (100%) done
