Building DAG of jobs...
Using shell: /usr/bin/bash
Provided cores: 6
Rules claiming more threads will be scaled down.
Job counts:
	count	jobs
	1	star
	1

[Thu May 30 09:47:41 2019]
rule star:
    input: /oak/stanford/groups/quake/yuanxue/resources/sc_pipeline/reference_genomes/ToxoplasmaG_GT1_genome/MM_TGGT1_transgenes_gff3_index, /oak/stanford/groups/quake/yuanxue/scRNA_seq_data/Toxoplasma_gondii/sequencing_data/NS32/1009901309/YX_1009901309_O9_S217/YX_1009901309_O9_S217_R1_001.fastq.gz, /oak/stanford/groups/quake/yuanxue/scRNA_seq_data/Toxoplasma_gondii/sequencing_data/NS32/1009901309/YX_1009901309_O9_S217/YX_1009901309_O9_S217_R2_001.fastq.gz
    output: /oak/stanford/groups/quake/yuanxue/scRNA_seq_data/Toxoplasma_gondii/sequencing_data/NS32/1009901309/YX_1009901309_O9_S217/Aligned.sortedByCoord.out.bam, /oak/stanford/groups/quake/yuanxue/scRNA_seq_data/Toxoplasma_gondii/sequencing_data/NS32/1009901309/YX_1009901309_O9_S217/Log.final.out
    jobid: 0
    wildcards: all_samples=/oak/stanford/groups/quake/yuanxue/scRNA_seq_data/Toxoplasma_gondii/sequencing_data/NS32/1009901309/YX_1009901309_O9_S217
    threads: 6

/oak/stanford/groups/quake/yuanxue/scRNA_seq_data/Toxoplasma_gondii/sequencing_data/NS32/1009901309/YX_1009901309_O9_S217/
May 30 09:47:41 ..... started STAR run
May 30 09:47:41 ..... loading genome
May 30 09:48:22 ..... started 1st pass mapping
May 30 09:55:24 ..... finished 1st pass mapping
May 30 09:55:27 ..... inserting junctions into the genome indices
May 30 09:56:35 ..... started mapping
May 30 10:03:54 ..... finished mapping
May 30 10:03:57 ..... started sorting BAM
May 30 10:04:26 ..... finished successfully
[Thu May 30 10:04:27 2019]
Finished job 0.
1 of 1 steps (100%) done
