Building DAG of jobs...
Using shell: /usr/bin/bash
Provided cores: 6
Rules claiming more threads will be scaled down.
Job counts:
	count	jobs
	1	star
	1

[Thu May 30 10:48:38 2019]
rule star:
    input: /oak/stanford/groups/quake/yuanxue/resources/sc_pipeline/reference_genomes/ToxoplasmaG_GT1_genome/MM_TGGT1_transgenes_gff3_index, /oak/stanford/groups/quake/yuanxue/scRNA_seq_data/Toxoplasma_gondii/sequencing_data/NS32/1009901308/YX_1009901308_P21_S253/YX_1009901308_P21_S253_R1_001.fastq.gz, /oak/stanford/groups/quake/yuanxue/scRNA_seq_data/Toxoplasma_gondii/sequencing_data/NS32/1009901308/YX_1009901308_P21_S253/YX_1009901308_P21_S253_R2_001.fastq.gz
    output: /oak/stanford/groups/quake/yuanxue/scRNA_seq_data/Toxoplasma_gondii/sequencing_data/NS32/1009901308/YX_1009901308_P21_S253/Aligned.sortedByCoord.out.bam, /oak/stanford/groups/quake/yuanxue/scRNA_seq_data/Toxoplasma_gondii/sequencing_data/NS32/1009901308/YX_1009901308_P21_S253/Log.final.out
    jobid: 0
    wildcards: all_samples=/oak/stanford/groups/quake/yuanxue/scRNA_seq_data/Toxoplasma_gondii/sequencing_data/NS32/1009901308/YX_1009901308_P21_S253
    threads: 6

/oak/stanford/groups/quake/yuanxue/scRNA_seq_data/Toxoplasma_gondii/sequencing_data/NS32/1009901308/YX_1009901308_P21_S253/
May 30 10:48:38 ..... started STAR run
May 30 10:48:38 ..... loading genome
May 30 10:49:12 ..... started 1st pass mapping
May 30 10:54:12 ..... finished 1st pass mapping
May 30 10:54:13 ..... inserting junctions into the genome indices
May 30 10:55:09 ..... started mapping
May 30 11:00:54 ..... finished mapping
May 30 11:00:55 ..... started sorting BAM
May 30 11:01:19 ..... finished successfully
[Thu May 30 11:01:20 2019]
Finished job 0.
1 of 1 steps (100%) done
