Building DAG of jobs...
Using shell: /usr/bin/bash
Provided cores: 6
Rules claiming more threads will be scaled down.
Job counts:
	count	jobs
	1	star
	1

[Thu May 30 13:32:46 2019]
rule star:
    input: /oak/stanford/groups/quake/yuanxue/resources/sc_pipeline/reference_genomes/ToxoplasmaG_GT1_genome/MM_TGGT1_transgenes_gff3_index, /oak/stanford/groups/quake/yuanxue/scRNA_seq_data/Toxoplasma_gondii/sequencing_data/NS32/1009901306/YX_1009901306_M23_S183/YX_1009901306_M23_S183_R1_001.fastq.gz, /oak/stanford/groups/quake/yuanxue/scRNA_seq_data/Toxoplasma_gondii/sequencing_data/NS32/1009901306/YX_1009901306_M23_S183/YX_1009901306_M23_S183_R2_001.fastq.gz
    output: /oak/stanford/groups/quake/yuanxue/scRNA_seq_data/Toxoplasma_gondii/sequencing_data/NS32/1009901306/YX_1009901306_M23_S183/Aligned.sortedByCoord.out.bam, /oak/stanford/groups/quake/yuanxue/scRNA_seq_data/Toxoplasma_gondii/sequencing_data/NS32/1009901306/YX_1009901306_M23_S183/Log.final.out
    jobid: 0
    wildcards: all_samples=/oak/stanford/groups/quake/yuanxue/scRNA_seq_data/Toxoplasma_gondii/sequencing_data/NS32/1009901306/YX_1009901306_M23_S183
    threads: 6

/oak/stanford/groups/quake/yuanxue/scRNA_seq_data/Toxoplasma_gondii/sequencing_data/NS32/1009901306/YX_1009901306_M23_S183/
May 30 13:32:46 ..... started STAR run
May 30 13:32:46 ..... loading genome
May 30 13:33:44 ..... started 1st pass mapping
May 30 13:37:59 ..... finished 1st pass mapping
May 30 13:37:59 ..... inserting junctions into the genome indices
May 30 13:38:47 ..... started mapping
May 30 13:43:16 ..... finished mapping
May 30 13:43:17 ..... started sorting BAM
May 30 13:43:27 ..... finished successfully
[Thu May 30 13:43:28 2019]
Finished job 0.
1 of 1 steps (100%) done
