Building DAG of jobs...
Using shell: /usr/bin/bash
Provided cores: 6
Rules claiming more threads will be scaled down.
Job counts:
	count	jobs
	1	star
	1

[Thu May 30 01:30:58 2019]
rule star:
    input: /oak/stanford/groups/quake/yuanxue/resources/sc_pipeline/reference_genomes/ToxoplasmaG_GT1_genome/MM_TGGT1_transgenes_gff3_index, /oak/stanford/groups/quake/yuanxue/scRNA_seq_data/Toxoplasma_gondii/sequencing_data/NS15/1009900603/YX_1009900603_A5/YX_1009900603_A5_S89_R1_001.fastq.gz, /oak/stanford/groups/quake/yuanxue/scRNA_seq_data/Toxoplasma_gondii/sequencing_data/NS15/1009900603/YX_1009900603_A5/YX_1009900603_A5_S89_R2_001.fastq.gz
    output: /oak/stanford/groups/quake/yuanxue/scRNA_seq_data/Toxoplasma_gondii/sequencing_data/NS15/1009900603/YX_1009900603_A5/Aligned.sortedByCoord.out.bam, /oak/stanford/groups/quake/yuanxue/scRNA_seq_data/Toxoplasma_gondii/sequencing_data/NS15/1009900603/YX_1009900603_A5/Log.final.out
    jobid: 0
    wildcards: all_samples=/oak/stanford/groups/quake/yuanxue/scRNA_seq_data/Toxoplasma_gondii/sequencing_data/NS15/1009900603/YX_1009900603_A5
    threads: 6

/oak/stanford/groups/quake/yuanxue/scRNA_seq_data/Toxoplasma_gondii/sequencing_data/NS15/1009900603/YX_1009900603_A5/
May 30 01:30:58 ..... started STAR run
May 30 01:30:58 ..... loading genome
May 30 01:31:30 ..... started 1st pass mapping
May 30 01:43:14 ..... finished 1st pass mapping
May 30 01:43:15 ..... inserting junctions into the genome indices
May 30 01:44:20 ..... started mapping
May 30 01:57:50 ..... finished mapping
May 30 01:57:52 ..... started sorting BAM
May 30 01:58:37 ..... finished successfully
[Thu May 30 01:58:38 2019]
Finished job 0.
1 of 1 steps (100%) done
