Building DAG of jobs...
Using shell: /usr/bin/bash
Provided cores: 6
Rules claiming more threads will be scaled down.
Job counts:
	count	jobs
	1	star
	1

[Thu May 30 06:05:24 2019]
rule star:
    input: /oak/stanford/groups/quake/yuanxue/resources/sc_pipeline/reference_genomes/ToxoplasmaG_GT1_genome/MM_TGGT1_transgenes_gff3_index, /oak/stanford/groups/quake/yuanxue/scRNA_seq_data/Toxoplasma_gondii/sequencing_data/NS32/1009901306/YX_1009901306_I19_S83/YX_1009901306_I19_S83_R1_001.fastq.gz, /oak/stanford/groups/quake/yuanxue/scRNA_seq_data/Toxoplasma_gondii/sequencing_data/NS32/1009901306/YX_1009901306_I19_S83/YX_1009901306_I19_S83_R2_001.fastq.gz
    output: /oak/stanford/groups/quake/yuanxue/scRNA_seq_data/Toxoplasma_gondii/sequencing_data/NS32/1009901306/YX_1009901306_I19_S83/Aligned.sortedByCoord.out.bam, /oak/stanford/groups/quake/yuanxue/scRNA_seq_data/Toxoplasma_gondii/sequencing_data/NS32/1009901306/YX_1009901306_I19_S83/Log.final.out
    jobid: 0
    wildcards: all_samples=/oak/stanford/groups/quake/yuanxue/scRNA_seq_data/Toxoplasma_gondii/sequencing_data/NS32/1009901306/YX_1009901306_I19_S83
    threads: 6

/oak/stanford/groups/quake/yuanxue/scRNA_seq_data/Toxoplasma_gondii/sequencing_data/NS32/1009901306/YX_1009901306_I19_S83/
May 30 06:05:24 ..... started STAR run
May 30 06:05:24 ..... loading genome
May 30 06:06:15 ..... started 1st pass mapping
May 30 06:19:10 ..... finished 1st pass mapping
May 30 06:19:11 ..... inserting junctions into the genome indices
May 30 06:20:21 ..... started mapping
May 30 06:34:15 ..... finished mapping
May 30 06:34:18 ..... started sorting BAM
May 30 06:35:04 ..... finished successfully
[Thu May 30 06:35:05 2019]
Finished job 0.
1 of 1 steps (100%) done
