Building DAG of jobs...
Using shell: /usr/bin/bash
Provided cores: 6
Rules claiming more threads will be scaled down.
Job counts:
	count	jobs
	1	star
	1

[Thu May 30 18:42:21 2019]
rule star:
    input: /oak/stanford/groups/quake/yuanxue/resources/sc_pipeline/reference_genomes/ToxoplasmaG_GT1_genome/MM_TGGT1_transgenes_gff3_index, /oak/stanford/groups/quake/yuanxue/scRNA_seq_data/Toxoplasma_gondii/sequencing_data/NS32/1009901309/YX_1009901309_N20_S204/YX_1009901309_N20_S204_R1_001.fastq.gz, /oak/stanford/groups/quake/yuanxue/scRNA_seq_data/Toxoplasma_gondii/sequencing_data/NS32/1009901309/YX_1009901309_N20_S204/YX_1009901309_N20_S204_R2_001.fastq.gz
    output: /oak/stanford/groups/quake/yuanxue/scRNA_seq_data/Toxoplasma_gondii/sequencing_data/NS32/1009901309/YX_1009901309_N20_S204/Aligned.sortedByCoord.out.bam, /oak/stanford/groups/quake/yuanxue/scRNA_seq_data/Toxoplasma_gondii/sequencing_data/NS32/1009901309/YX_1009901309_N20_S204/Log.final.out
    jobid: 0
    wildcards: all_samples=/oak/stanford/groups/quake/yuanxue/scRNA_seq_data/Toxoplasma_gondii/sequencing_data/NS32/1009901309/YX_1009901309_N20_S204
    threads: 6

/oak/stanford/groups/quake/yuanxue/scRNA_seq_data/Toxoplasma_gondii/sequencing_data/NS32/1009901309/YX_1009901309_N20_S204/
May 30 18:42:21 ..... started STAR run
May 30 18:42:21 ..... loading genome
May 30 18:42:35 ..... started 1st pass mapping
May 30 18:44:39 ..... finished 1st pass mapping
May 30 18:44:40 ..... inserting junctions into the genome indices
May 30 18:45:30 ..... started mapping
May 30 18:47:37 ..... finished mapping
May 30 18:47:39 ..... started sorting BAM
May 30 18:47:47 ..... finished successfully
[Thu May 30 18:47:47 2019]
Finished job 0.
1 of 1 steps (100%) done
