Building DAG of jobs...
Using shell: /usr/bin/bash
Provided cores: 6
Rules claiming more threads will be scaled down.
Job counts:
	count	jobs
	1	star
	1

[Thu May 30 12:28:29 2019]
rule star:
    input: /oak/stanford/groups/quake/yuanxue/resources/sc_pipeline/reference_genomes/ToxoplasmaG_GT1_genome/MM_TGGT1_transgenes_gff3_index, /oak/stanford/groups/quake/yuanxue/scRNA_seq_data/Toxoplasma_gondii/sequencing_data/NS32/1009901304/YX_1009901304_G16_S32/YX_1009901304_G16_S32_R1_001.fastq.gz, /oak/stanford/groups/quake/yuanxue/scRNA_seq_data/Toxoplasma_gondii/sequencing_data/NS32/1009901304/YX_1009901304_G16_S32/YX_1009901304_G16_S32_R2_001.fastq.gz
    output: /oak/stanford/groups/quake/yuanxue/scRNA_seq_data/Toxoplasma_gondii/sequencing_data/NS32/1009901304/YX_1009901304_G16_S32/Aligned.sortedByCoord.out.bam, /oak/stanford/groups/quake/yuanxue/scRNA_seq_data/Toxoplasma_gondii/sequencing_data/NS32/1009901304/YX_1009901304_G16_S32/Log.final.out
    jobid: 0
    wildcards: all_samples=/oak/stanford/groups/quake/yuanxue/scRNA_seq_data/Toxoplasma_gondii/sequencing_data/NS32/1009901304/YX_1009901304_G16_S32
    threads: 6

/oak/stanford/groups/quake/yuanxue/scRNA_seq_data/Toxoplasma_gondii/sequencing_data/NS32/1009901304/YX_1009901304_G16_S32/
May 30 12:28:29 ..... started STAR run
May 30 12:28:29 ..... loading genome
May 30 12:28:44 ..... started 1st pass mapping
May 30 12:33:46 ..... finished 1st pass mapping
May 30 12:33:47 ..... inserting junctions into the genome indices
May 30 12:34:35 ..... started mapping
May 30 12:39:43 ..... finished mapping
May 30 12:39:45 ..... started sorting BAM
May 30 12:39:54 ..... finished successfully
[Thu May 30 12:39:54 2019]
Finished job 0.
1 of 1 steps (100%) done
