Building DAG of jobs...
Using shell: /usr/bin/bash
Provided cores: 6
Rules claiming more threads will be scaled down.
Job counts:
	count	jobs
	1	star
	1

[Thu May 30 11:43:08 2019]
rule star:
    input: /oak/stanford/groups/quake/yuanxue/resources/sc_pipeline/reference_genomes/ToxoplasmaG_GT1_genome/MM_TGGT1_transgenes_gff3_index, /oak/stanford/groups/quake/yuanxue/scRNA_seq_data/Toxoplasma_gondii/sequencing_data/NS32/1009901308/YX_1009901308_I14_S78/YX_1009901308_I14_S78_R1_001.fastq.gz, /oak/stanford/groups/quake/yuanxue/scRNA_seq_data/Toxoplasma_gondii/sequencing_data/NS32/1009901308/YX_1009901308_I14_S78/YX_1009901308_I14_S78_R2_001.fastq.gz
    output: /oak/stanford/groups/quake/yuanxue/scRNA_seq_data/Toxoplasma_gondii/sequencing_data/NS32/1009901308/YX_1009901308_I14_S78/Aligned.sortedByCoord.out.bam, /oak/stanford/groups/quake/yuanxue/scRNA_seq_data/Toxoplasma_gondii/sequencing_data/NS32/1009901308/YX_1009901308_I14_S78/Log.final.out
    jobid: 0
    wildcards: all_samples=/oak/stanford/groups/quake/yuanxue/scRNA_seq_data/Toxoplasma_gondii/sequencing_data/NS32/1009901308/YX_1009901308_I14_S78
    threads: 6

/oak/stanford/groups/quake/yuanxue/scRNA_seq_data/Toxoplasma_gondii/sequencing_data/NS32/1009901308/YX_1009901308_I14_S78/
May 30 11:43:08 ..... started STAR run
May 30 11:43:08 ..... loading genome
May 30 11:43:38 ..... started 1st pass mapping
May 30 11:46:25 ..... finished 1st pass mapping
May 30 11:46:26 ..... inserting junctions into the genome indices
May 30 11:47:18 ..... started mapping
May 30 11:50:23 ..... finished mapping
May 30 11:50:25 ..... started sorting BAM
May 30 11:50:48 ..... finished successfully
[Thu May 30 11:50:48 2019]
Finished job 0.
1 of 1 steps (100%) done
