Building DAG of jobs...
Using shell: /usr/bin/bash
Provided cores: 6
Rules claiming more threads will be scaled down.
Job counts:
	count	jobs
	1	star
	1

[Thu May 30 22:30:16 2019]
rule star:
    input: /oak/stanford/groups/quake/yuanxue/resources/sc_pipeline/reference_genomes/ToxoplasmaG_GT1_genome/MM_TGGT1_transgenes_gff3_index, /oak/stanford/groups/quake/yuanxue/scRNA_seq_data/Toxoplasma_gondii/sequencing_data/NS32/1009901308/YX_1009901308_C22_S326/YX_1009901308_C22_S326_R1_001.fastq.gz, /oak/stanford/groups/quake/yuanxue/scRNA_seq_data/Toxoplasma_gondii/sequencing_data/NS32/1009901308/YX_1009901308_C22_S326/YX_1009901308_C22_S326_R2_001.fastq.gz
    output: /oak/stanford/groups/quake/yuanxue/scRNA_seq_data/Toxoplasma_gondii/sequencing_data/NS32/1009901308/YX_1009901308_C22_S326/Aligned.sortedByCoord.out.bam, /oak/stanford/groups/quake/yuanxue/scRNA_seq_data/Toxoplasma_gondii/sequencing_data/NS32/1009901308/YX_1009901308_C22_S326/Log.final.out
    jobid: 0
    wildcards: all_samples=/oak/stanford/groups/quake/yuanxue/scRNA_seq_data/Toxoplasma_gondii/sequencing_data/NS32/1009901308/YX_1009901308_C22_S326
    threads: 6

/oak/stanford/groups/quake/yuanxue/scRNA_seq_data/Toxoplasma_gondii/sequencing_data/NS32/1009901308/YX_1009901308_C22_S326/
May 30 22:30:16 ..... started STAR run
May 30 22:30:16 ..... loading genome
May 30 22:30:48 ..... started 1st pass mapping
May 30 22:31:35 ..... finished 1st pass mapping
May 30 22:31:36 ..... inserting junctions into the genome indices
May 30 22:32:25 ..... started mapping
May 30 22:33:11 ..... finished mapping
May 30 22:33:12 ..... started sorting BAM
May 30 22:34:03 ..... finished successfully
[Thu May 30 22:34:03 2019]
Finished job 0.
1 of 1 steps (100%) done
