Building DAG of jobs...
Using shell: /usr/bin/bash
Provided cores: 6
Rules claiming more threads will be scaled down.
Job counts:
	count	jobs
	1	star
	1

[Thu May 30 04:11:58 2019]
rule star:
    input: /oak/stanford/groups/quake/yuanxue/resources/sc_pipeline/reference_genomes/ToxoplasmaG_GT1_genome/MM_TGGT1_transgenes_gff3_index, /oak/stanford/groups/quake/yuanxue/scRNA_seq_data/Toxoplasma_gondii/sequencing_data/NS32/1009901304/YX_1009901304_F15_S7/YX_1009901304_F15_S7_R1_001.fastq.gz, /oak/stanford/groups/quake/yuanxue/scRNA_seq_data/Toxoplasma_gondii/sequencing_data/NS32/1009901304/YX_1009901304_F15_S7/YX_1009901304_F15_S7_R2_001.fastq.gz
    output: /oak/stanford/groups/quake/yuanxue/scRNA_seq_data/Toxoplasma_gondii/sequencing_data/NS32/1009901304/YX_1009901304_F15_S7/Aligned.sortedByCoord.out.bam, /oak/stanford/groups/quake/yuanxue/scRNA_seq_data/Toxoplasma_gondii/sequencing_data/NS32/1009901304/YX_1009901304_F15_S7/Log.final.out
    jobid: 0
    wildcards: all_samples=/oak/stanford/groups/quake/yuanxue/scRNA_seq_data/Toxoplasma_gondii/sequencing_data/NS32/1009901304/YX_1009901304_F15_S7
    threads: 6

/oak/stanford/groups/quake/yuanxue/scRNA_seq_data/Toxoplasma_gondii/sequencing_data/NS32/1009901304/YX_1009901304_F15_S7/
May 30 04:11:58 ..... started STAR run
May 30 04:11:58 ..... loading genome
May 30 04:12:40 ..... started 1st pass mapping
May 30 04:28:34 ..... finished 1st pass mapping
May 30 04:28:34 ..... inserting junctions into the genome indices
May 30 04:29:53 ..... started mapping
May 30 04:48:42 ..... finished mapping
May 30 04:48:44 ..... started sorting BAM
May 30 04:49:35 ..... finished successfully
[Thu May 30 04:49:36 2019]
Finished job 0.
1 of 1 steps (100%) done
