Building DAG of jobs...
Using shell: /usr/bin/bash
Provided cores: 6
Rules claiming more threads will be scaled down.
Job counts:
	count	jobs
	1	star
	1

[Thu May 30 04:37:38 2019]
rule star:
    input: /oak/stanford/groups/quake/yuanxue/resources/sc_pipeline/reference_genomes/ToxoplasmaG_GT1_genome/MM_TGGT1_transgenes_gff3_index, /oak/stanford/groups/quake/yuanxue/scRNA_seq_data/Toxoplasma_gondii/sequencing_data/NS32/1009901306/YX_1009901306_D13_S341/YX_1009901306_D13_S341_R1_001.fastq.gz, /oak/stanford/groups/quake/yuanxue/scRNA_seq_data/Toxoplasma_gondii/sequencing_data/NS32/1009901306/YX_1009901306_D13_S341/YX_1009901306_D13_S341_R2_001.fastq.gz
    output: /oak/stanford/groups/quake/yuanxue/scRNA_seq_data/Toxoplasma_gondii/sequencing_data/NS32/1009901306/YX_1009901306_D13_S341/Aligned.sortedByCoord.out.bam, /oak/stanford/groups/quake/yuanxue/scRNA_seq_data/Toxoplasma_gondii/sequencing_data/NS32/1009901306/YX_1009901306_D13_S341/Log.final.out
    jobid: 0
    wildcards: all_samples=/oak/stanford/groups/quake/yuanxue/scRNA_seq_data/Toxoplasma_gondii/sequencing_data/NS32/1009901306/YX_1009901306_D13_S341
    threads: 6

/oak/stanford/groups/quake/yuanxue/scRNA_seq_data/Toxoplasma_gondii/sequencing_data/NS32/1009901306/YX_1009901306_D13_S341/
May 30 04:37:38 ..... started STAR run
May 30 04:37:39 ..... loading genome
May 30 04:38:11 ..... started 1st pass mapping
May 30 04:49:21 ..... finished 1st pass mapping
May 30 04:49:21 ..... inserting junctions into the genome indices
May 30 04:50:21 ..... started mapping
May 30 05:03:23 ..... finished mapping
May 30 05:03:25 ..... started sorting BAM
May 30 05:04:02 ..... finished successfully
[Thu May 30 05:04:03 2019]
Finished job 0.
1 of 1 steps (100%) done
