Building DAG of jobs...
Using shell: /usr/bin/bash
Provided cores: 6
Rules claiming more threads will be scaled down.
Job counts:
	count	jobs
	1	star
	1

[Thu May 30 21:26:26 2019]
rule star:
    input: /oak/stanford/groups/quake/yuanxue/resources/sc_pipeline/reference_genomes/ToxoplasmaG_GT1_genome/MM_TGGT1_transgenes_gff3_index, /oak/stanford/groups/quake/yuanxue/scRNA_seq_data/Toxoplasma_gondii/sequencing_data/NS32/1009901308/YX_1009901308_O19_S227/YX_1009901308_O19_S227_R1_001.fastq.gz, /oak/stanford/groups/quake/yuanxue/scRNA_seq_data/Toxoplasma_gondii/sequencing_data/NS32/1009901308/YX_1009901308_O19_S227/YX_1009901308_O19_S227_R2_001.fastq.gz
    output: /oak/stanford/groups/quake/yuanxue/scRNA_seq_data/Toxoplasma_gondii/sequencing_data/NS32/1009901308/YX_1009901308_O19_S227/Aligned.sortedByCoord.out.bam, /oak/stanford/groups/quake/yuanxue/scRNA_seq_data/Toxoplasma_gondii/sequencing_data/NS32/1009901308/YX_1009901308_O19_S227/Log.final.out
    jobid: 0
    wildcards: all_samples=/oak/stanford/groups/quake/yuanxue/scRNA_seq_data/Toxoplasma_gondii/sequencing_data/NS32/1009901308/YX_1009901308_O19_S227
    threads: 6

/oak/stanford/groups/quake/yuanxue/scRNA_seq_data/Toxoplasma_gondii/sequencing_data/NS32/1009901308/YX_1009901308_O19_S227/
May 30 21:26:26 ..... started STAR run
May 30 21:26:26 ..... loading genome
May 30 21:26:46 ..... started 1st pass mapping
May 30 21:28:20 ..... finished 1st pass mapping
May 30 21:28:20 ..... inserting junctions into the genome indices
May 30 21:29:11 ..... started mapping
May 30 21:30:45 ..... finished mapping
May 30 21:30:46 ..... started sorting BAM
May 30 21:30:54 ..... finished successfully
[Thu May 30 21:30:54 2019]
Finished job 0.
1 of 1 steps (100%) done
