Building DAG of jobs...
Using shell: /usr/bin/bash
Provided cores: 6
Rules claiming more threads will be scaled down.
Job counts:
	count	jobs
	1	star
	1

[Thu May 30 07:13:45 2019]
rule star:
    input: /oak/stanford/groups/quake/yuanxue/resources/sc_pipeline/reference_genomes/ToxoplasmaG_GT1_genome/MM_TGGT1_transgenes_gff3_index, /oak/stanford/groups/quake/yuanxue/scRNA_seq_data/Toxoplasma_gondii/sequencing_data/NS32/1009901304/YX_1009901304_L18_S154/YX_1009901304_L18_S154_R1_001.fastq.gz, /oak/stanford/groups/quake/yuanxue/scRNA_seq_data/Toxoplasma_gondii/sequencing_data/NS32/1009901304/YX_1009901304_L18_S154/YX_1009901304_L18_S154_R2_001.fastq.gz
    output: /oak/stanford/groups/quake/yuanxue/scRNA_seq_data/Toxoplasma_gondii/sequencing_data/NS32/1009901304/YX_1009901304_L18_S154/Aligned.sortedByCoord.out.bam, /oak/stanford/groups/quake/yuanxue/scRNA_seq_data/Toxoplasma_gondii/sequencing_data/NS32/1009901304/YX_1009901304_L18_S154/Log.final.out
    jobid: 0
    wildcards: all_samples=/oak/stanford/groups/quake/yuanxue/scRNA_seq_data/Toxoplasma_gondii/sequencing_data/NS32/1009901304/YX_1009901304_L18_S154
    threads: 6

/oak/stanford/groups/quake/yuanxue/scRNA_seq_data/Toxoplasma_gondii/sequencing_data/NS32/1009901304/YX_1009901304_L18_S154/
May 30 07:13:45 ..... started STAR run
May 30 07:13:45 ..... loading genome
May 30 07:14:36 ..... started 1st pass mapping
May 30 07:26:22 ..... finished 1st pass mapping
May 30 07:26:23 ..... inserting junctions into the genome indices
May 30 07:27:35 ..... started mapping
May 30 07:40:45 ..... finished mapping
May 30 07:40:47 ..... started sorting BAM
May 30 07:41:25 ..... finished successfully
[Thu May 30 07:41:26 2019]
Finished job 0.
1 of 1 steps (100%) done
