Building DAG of jobs...
Using shell: /usr/bin/bash
Provided cores: 6
Rules claiming more threads will be scaled down.
Job counts:
	count	jobs
	1	star
	1

[Thu May 30 18:46:59 2019]
rule star:
    input: /oak/stanford/groups/quake/yuanxue/resources/sc_pipeline/reference_genomes/ToxoplasmaG_GT1_genome/MM_TGGT1_transgenes_gff3_index, /oak/stanford/groups/quake/yuanxue/scRNA_seq_data/Toxoplasma_gondii/sequencing_data/NS32/1009901306/YX_1009901306_H9_S49/YX_1009901306_H9_S49_R1_001.fastq.gz, /oak/stanford/groups/quake/yuanxue/scRNA_seq_data/Toxoplasma_gondii/sequencing_data/NS32/1009901306/YX_1009901306_H9_S49/YX_1009901306_H9_S49_R2_001.fastq.gz
    output: /oak/stanford/groups/quake/yuanxue/scRNA_seq_data/Toxoplasma_gondii/sequencing_data/NS32/1009901306/YX_1009901306_H9_S49/Aligned.sortedByCoord.out.bam, /oak/stanford/groups/quake/yuanxue/scRNA_seq_data/Toxoplasma_gondii/sequencing_data/NS32/1009901306/YX_1009901306_H9_S49/Log.final.out
    jobid: 0
    wildcards: all_samples=/oak/stanford/groups/quake/yuanxue/scRNA_seq_data/Toxoplasma_gondii/sequencing_data/NS32/1009901306/YX_1009901306_H9_S49
    threads: 6

/oak/stanford/groups/quake/yuanxue/scRNA_seq_data/Toxoplasma_gondii/sequencing_data/NS32/1009901306/YX_1009901306_H9_S49/
May 30 18:46:59 ..... started STAR run
May 30 18:46:59 ..... loading genome
May 30 18:47:23 ..... started 1st pass mapping
May 30 18:49:34 ..... finished 1st pass mapping
May 30 18:49:36 ..... inserting junctions into the genome indices
May 30 18:50:27 ..... started mapping
May 30 18:52:36 ..... finished mapping
May 30 18:52:38 ..... started sorting BAM
May 30 18:52:47 ..... finished successfully
[Thu May 30 18:52:47 2019]
Finished job 0.
1 of 1 steps (100%) done
