Building DAG of jobs...
Using shell: /usr/bin/bash
Provided cores: 6
Rules claiming more threads will be scaled down.
Job counts:
	count	jobs
	1	star
	1

[Thu May 30 21:06:55 2019]
rule star:
    input: /oak/stanford/groups/quake/yuanxue/resources/sc_pipeline/reference_genomes/ToxoplasmaG_GT1_genome/MM_TGGT1_transgenes_gff3_index, /oak/stanford/groups/quake/yuanxue/scRNA_seq_data/Toxoplasma_gondii/sequencing_data/NS32/1009901308/YX_1009901308_L14_S150/YX_1009901308_L14_S150_R1_001.fastq.gz, /oak/stanford/groups/quake/yuanxue/scRNA_seq_data/Toxoplasma_gondii/sequencing_data/NS32/1009901308/YX_1009901308_L14_S150/YX_1009901308_L14_S150_R2_001.fastq.gz
    output: /oak/stanford/groups/quake/yuanxue/scRNA_seq_data/Toxoplasma_gondii/sequencing_data/NS32/1009901308/YX_1009901308_L14_S150/Aligned.sortedByCoord.out.bam, /oak/stanford/groups/quake/yuanxue/scRNA_seq_data/Toxoplasma_gondii/sequencing_data/NS32/1009901308/YX_1009901308_L14_S150/Log.final.out
    jobid: 0
    wildcards: all_samples=/oak/stanford/groups/quake/yuanxue/scRNA_seq_data/Toxoplasma_gondii/sequencing_data/NS32/1009901308/YX_1009901308_L14_S150
    threads: 6

/oak/stanford/groups/quake/yuanxue/scRNA_seq_data/Toxoplasma_gondii/sequencing_data/NS32/1009901308/YX_1009901308_L14_S150/
May 30 21:06:55 ..... started STAR run
May 30 21:06:55 ..... loading genome
May 30 21:08:23 ..... started 1st pass mapping
May 30 21:09:53 ..... finished 1st pass mapping
May 30 21:09:54 ..... inserting junctions into the genome indices
May 30 21:10:43 ..... started mapping
May 30 21:12:23 ..... finished mapping
May 30 21:12:24 ..... started sorting BAM
May 30 21:12:45 ..... finished successfully
[Thu May 30 21:12:45 2019]
Finished job 0.
1 of 1 steps (100%) done
