Building DAG of jobs...
Using shell: /usr/bin/bash
Provided cores: 6
Rules claiming more threads will be scaled down.
Job counts:
	count	jobs
	1	star
	1

[Thu May 30 20:38:30 2019]
rule star:
    input: /oak/stanford/groups/quake/yuanxue/resources/sc_pipeline/reference_genomes/ToxoplasmaG_GT1_genome/MM_TGGT1_transgenes_gff3_index, /oak/stanford/groups/quake/yuanxue/scRNA_seq_data/Toxoplasma_gondii/sequencing_data/NS32/1009901304/YX_1009901304_J24_S112/YX_1009901304_J24_S112_R1_001.fastq.gz, /oak/stanford/groups/quake/yuanxue/scRNA_seq_data/Toxoplasma_gondii/sequencing_data/NS32/1009901304/YX_1009901304_J24_S112/YX_1009901304_J24_S112_R2_001.fastq.gz
    output: /oak/stanford/groups/quake/yuanxue/scRNA_seq_data/Toxoplasma_gondii/sequencing_data/NS32/1009901304/YX_1009901304_J24_S112/Aligned.sortedByCoord.out.bam, /oak/stanford/groups/quake/yuanxue/scRNA_seq_data/Toxoplasma_gondii/sequencing_data/NS32/1009901304/YX_1009901304_J24_S112/Log.final.out
    jobid: 0
    wildcards: all_samples=/oak/stanford/groups/quake/yuanxue/scRNA_seq_data/Toxoplasma_gondii/sequencing_data/NS32/1009901304/YX_1009901304_J24_S112
    threads: 6

/oak/stanford/groups/quake/yuanxue/scRNA_seq_data/Toxoplasma_gondii/sequencing_data/NS32/1009901304/YX_1009901304_J24_S112/
May 30 20:38:30 ..... started STAR run
May 30 20:38:30 ..... loading genome
May 30 20:39:15 ..... started 1st pass mapping
May 30 20:41:15 ..... finished 1st pass mapping
May 30 20:41:16 ..... inserting junctions into the genome indices
May 30 20:42:12 ..... started mapping
May 30 20:44:16 ..... finished mapping
May 30 20:44:18 ..... started sorting BAM
May 30 20:44:30 ..... finished successfully
[Thu May 30 20:44:30 2019]
Finished job 0.
1 of 1 steps (100%) done
