Building DAG of jobs...
Using shell: /usr/bin/bash
Provided cores: 6
Rules claiming more threads will be scaled down.
Job counts:
	count	jobs
	1	star
	1

[Thu May 30 01:30:58 2019]
rule star:
    input: /oak/stanford/groups/quake/yuanxue/resources/sc_pipeline/reference_genomes/ToxoplasmaG_GT1_genome/MM_TGGT1_transgenes_gff3_index, /oak/stanford/groups/quake/yuanxue/scRNA_seq_data/Toxoplasma_gondii/sequencing_data/NS15/1009900603/YX_1009900603_K12/YX_1009900603_K12_S36_R1_001.fastq.gz, /oak/stanford/groups/quake/yuanxue/scRNA_seq_data/Toxoplasma_gondii/sequencing_data/NS15/1009900603/YX_1009900603_K12/YX_1009900603_K12_S36_R2_001.fastq.gz
    output: /oak/stanford/groups/quake/yuanxue/scRNA_seq_data/Toxoplasma_gondii/sequencing_data/NS15/1009900603/YX_1009900603_K12/Aligned.sortedByCoord.out.bam, /oak/stanford/groups/quake/yuanxue/scRNA_seq_data/Toxoplasma_gondii/sequencing_data/NS15/1009900603/YX_1009900603_K12/Log.final.out
    jobid: 0
    wildcards: all_samples=/oak/stanford/groups/quake/yuanxue/scRNA_seq_data/Toxoplasma_gondii/sequencing_data/NS15/1009900603/YX_1009900603_K12
    threads: 6

/oak/stanford/groups/quake/yuanxue/scRNA_seq_data/Toxoplasma_gondii/sequencing_data/NS15/1009900603/YX_1009900603_K12/
May 30 01:30:58 ..... started STAR run
May 30 01:30:58 ..... loading genome
May 30 01:31:37 ..... started 1st pass mapping
May 30 01:49:20 ..... finished 1st pass mapping
May 30 01:49:21 ..... inserting junctions into the genome indices
May 30 01:50:41 ..... started mapping
May 30 02:11:01 ..... finished mapping
May 30 02:11:05 ..... started sorting BAM
May 30 02:11:45 ..... finished successfully
[Thu May 30 02:11:46 2019]
Finished job 0.
1 of 1 steps (100%) done
