Building DAG of jobs...
Using shell: /usr/bin/bash
Provided cores: 6
Rules claiming more threads will be scaled down.
Job counts:
	count	jobs
	1	star
	1

[Thu May 30 17:27:22 2019]
rule star:
    input: /oak/stanford/groups/quake/yuanxue/resources/sc_pipeline/reference_genomes/ToxoplasmaG_GT1_genome/MM_TGGT1_transgenes_gff3_index, /oak/stanford/groups/quake/yuanxue/scRNA_seq_data/Toxoplasma_gondii/sequencing_data/NS32/1009901308/YX_1009901308_O23_S231/YX_1009901308_O23_S231_R1_001.fastq.gz, /oak/stanford/groups/quake/yuanxue/scRNA_seq_data/Toxoplasma_gondii/sequencing_data/NS32/1009901308/YX_1009901308_O23_S231/YX_1009901308_O23_S231_R2_001.fastq.gz
    output: /oak/stanford/groups/quake/yuanxue/scRNA_seq_data/Toxoplasma_gondii/sequencing_data/NS32/1009901308/YX_1009901308_O23_S231/Aligned.sortedByCoord.out.bam, /oak/stanford/groups/quake/yuanxue/scRNA_seq_data/Toxoplasma_gondii/sequencing_data/NS32/1009901308/YX_1009901308_O23_S231/Log.final.out
    jobid: 0
    wildcards: all_samples=/oak/stanford/groups/quake/yuanxue/scRNA_seq_data/Toxoplasma_gondii/sequencing_data/NS32/1009901308/YX_1009901308_O23_S231
    threads: 6

/oak/stanford/groups/quake/yuanxue/scRNA_seq_data/Toxoplasma_gondii/sequencing_data/NS32/1009901308/YX_1009901308_O23_S231/
May 30 17:27:23 ..... started STAR run
May 30 17:27:24 ..... loading genome
May 30 17:28:50 ..... started 1st pass mapping
May 30 17:31:15 ..... finished 1st pass mapping
May 30 17:31:16 ..... inserting junctions into the genome indices
May 30 17:32:11 ..... started mapping
May 30 17:34:52 ..... finished mapping
May 30 17:34:54 ..... started sorting BAM
May 30 17:35:05 ..... finished successfully
[Thu May 30 17:35:05 2019]
Finished job 0.
1 of 1 steps (100%) done
