Building DAG of jobs...
Using shell: /usr/bin/bash
Provided cores: 6
Rules claiming more threads will be scaled down.
Job counts:
	count	jobs
	1	star
	1

[Thu May 30 03:43:45 2019]
rule star:
    input: /oak/stanford/groups/quake/yuanxue/resources/sc_pipeline/reference_genomes/ToxoplasmaG_GT1_genome/MM_TGGT1_transgenes_gff3_index, /oak/stanford/groups/quake/yuanxue/scRNA_seq_data/Toxoplasma_gondii/sequencing_data/NS32/1009901309/YX_1009901309_B6_S286/YX_1009901309_B6_S286_R1_001.fastq.gz, /oak/stanford/groups/quake/yuanxue/scRNA_seq_data/Toxoplasma_gondii/sequencing_data/NS32/1009901309/YX_1009901309_B6_S286/YX_1009901309_B6_S286_R2_001.fastq.gz
    output: /oak/stanford/groups/quake/yuanxue/scRNA_seq_data/Toxoplasma_gondii/sequencing_data/NS32/1009901309/YX_1009901309_B6_S286/Aligned.sortedByCoord.out.bam, /oak/stanford/groups/quake/yuanxue/scRNA_seq_data/Toxoplasma_gondii/sequencing_data/NS32/1009901309/YX_1009901309_B6_S286/Log.final.out
    jobid: 0
    wildcards: all_samples=/oak/stanford/groups/quake/yuanxue/scRNA_seq_data/Toxoplasma_gondii/sequencing_data/NS32/1009901309/YX_1009901309_B6_S286
    threads: 6

/oak/stanford/groups/quake/yuanxue/scRNA_seq_data/Toxoplasma_gondii/sequencing_data/NS32/1009901309/YX_1009901309_B6_S286/
May 30 03:43:45 ..... started STAR run
May 30 03:43:45 ..... loading genome
May 30 03:44:21 ..... started 1st pass mapping
May 30 03:56:08 ..... finished 1st pass mapping
May 30 03:56:09 ..... inserting junctions into the genome indices
May 30 03:57:20 ..... started mapping
May 30 04:10:43 ..... finished mapping
May 30 04:10:46 ..... started sorting BAM
May 30 04:11:27 ..... finished successfully
[Thu May 30 04:11:28 2019]
Finished job 0.
1 of 1 steps (100%) done
