Building DAG of jobs...
Using shell: /usr/bin/bash
Provided cores: 6
Rules claiming more threads will be scaled down.
Job counts:
	count	jobs
	1	star
	1

[Thu May 30 04:11:58 2019]
rule star:
    input: /oak/stanford/groups/quake/yuanxue/resources/sc_pipeline/reference_genomes/ToxoplasmaG_GT1_genome/MM_TGGT1_transgenes_gff3_index, /oak/stanford/groups/quake/yuanxue/scRNA_seq_data/Toxoplasma_gondii/sequencing_data/NS32/1009901309/YX_1009901309_N15_S199/YX_1009901309_N15_S199_R1_001.fastq.gz, /oak/stanford/groups/quake/yuanxue/scRNA_seq_data/Toxoplasma_gondii/sequencing_data/NS32/1009901309/YX_1009901309_N15_S199/YX_1009901309_N15_S199_R2_001.fastq.gz
    output: /oak/stanford/groups/quake/yuanxue/scRNA_seq_data/Toxoplasma_gondii/sequencing_data/NS32/1009901309/YX_1009901309_N15_S199/Aligned.sortedByCoord.out.bam, /oak/stanford/groups/quake/yuanxue/scRNA_seq_data/Toxoplasma_gondii/sequencing_data/NS32/1009901309/YX_1009901309_N15_S199/Log.final.out
    jobid: 0
    wildcards: all_samples=/oak/stanford/groups/quake/yuanxue/scRNA_seq_data/Toxoplasma_gondii/sequencing_data/NS32/1009901309/YX_1009901309_N15_S199
    threads: 6

/oak/stanford/groups/quake/yuanxue/scRNA_seq_data/Toxoplasma_gondii/sequencing_data/NS32/1009901309/YX_1009901309_N15_S199/
May 30 04:11:58 ..... started STAR run
May 30 04:11:58 ..... loading genome
May 30 04:12:44 ..... started 1st pass mapping
May 30 04:25:02 ..... finished 1st pass mapping
May 30 04:25:03 ..... inserting junctions into the genome indices
May 30 04:26:22 ..... started mapping
May 30 04:40:34 ..... finished mapping
May 30 04:40:36 ..... started sorting BAM
May 30 04:41:16 ..... finished successfully
[Thu May 30 04:41:17 2019]
Finished job 0.
1 of 1 steps (100%) done
