Building DAG of jobs...
Using shell: /usr/bin/bash
Provided cores: 6
Rules claiming more threads will be scaled down.
Job counts:
	count	jobs
	1	star
	1

[Thu May 30 14:23:50 2019]
rule star:
    input: /oak/stanford/groups/quake/yuanxue/resources/sc_pipeline/reference_genomes/ToxoplasmaG_GT1_genome/MM_TGGT1_transgenes_gff3_index, /oak/stanford/groups/quake/yuanxue/scRNA_seq_data/Toxoplasma_gondii/sequencing_data/NS32/1009901306/YX_1009901306_M10_S170/YX_1009901306_M10_S170_R1_001.fastq.gz, /oak/stanford/groups/quake/yuanxue/scRNA_seq_data/Toxoplasma_gondii/sequencing_data/NS32/1009901306/YX_1009901306_M10_S170/YX_1009901306_M10_S170_R2_001.fastq.gz
    output: /oak/stanford/groups/quake/yuanxue/scRNA_seq_data/Toxoplasma_gondii/sequencing_data/NS32/1009901306/YX_1009901306_M10_S170/Aligned.sortedByCoord.out.bam, /oak/stanford/groups/quake/yuanxue/scRNA_seq_data/Toxoplasma_gondii/sequencing_data/NS32/1009901306/YX_1009901306_M10_S170/Log.final.out
    jobid: 0
    wildcards: all_samples=/oak/stanford/groups/quake/yuanxue/scRNA_seq_data/Toxoplasma_gondii/sequencing_data/NS32/1009901306/YX_1009901306_M10_S170
    threads: 6

/oak/stanford/groups/quake/yuanxue/scRNA_seq_data/Toxoplasma_gondii/sequencing_data/NS32/1009901306/YX_1009901306_M10_S170/
May 30 14:23:50 ..... started STAR run
May 30 14:23:50 ..... loading genome
May 30 14:24:41 ..... started 1st pass mapping
May 30 14:28:12 ..... finished 1st pass mapping
May 30 14:28:13 ..... inserting junctions into the genome indices
May 30 14:29:04 ..... started mapping
May 30 14:32:45 ..... finished mapping
May 30 14:32:47 ..... started sorting BAM
May 30 14:32:56 ..... finished successfully
[Thu May 30 14:32:56 2019]
Finished job 0.
1 of 1 steps (100%) done
