Building DAG of jobs...
Using shell: /usr/bin/bash
Provided cores: 6
Rules claiming more threads will be scaled down.
Job counts:
	count	jobs
	1	star
	1

[Thu May 30 20:55:18 2019]
rule star:
    input: /oak/stanford/groups/quake/yuanxue/resources/sc_pipeline/reference_genomes/ToxoplasmaG_GT1_genome/MM_TGGT1_transgenes_gff3_index, /oak/stanford/groups/quake/yuanxue/scRNA_seq_data/Toxoplasma_gondii/sequencing_data/NS32/1009901308/YX_1009901308_H11_S51/YX_1009901308_H11_S51_R1_001.fastq.gz, /oak/stanford/groups/quake/yuanxue/scRNA_seq_data/Toxoplasma_gondii/sequencing_data/NS32/1009901308/YX_1009901308_H11_S51/YX_1009901308_H11_S51_R2_001.fastq.gz
    output: /oak/stanford/groups/quake/yuanxue/scRNA_seq_data/Toxoplasma_gondii/sequencing_data/NS32/1009901308/YX_1009901308_H11_S51/Aligned.sortedByCoord.out.bam, /oak/stanford/groups/quake/yuanxue/scRNA_seq_data/Toxoplasma_gondii/sequencing_data/NS32/1009901308/YX_1009901308_H11_S51/Log.final.out
    jobid: 0
    wildcards: all_samples=/oak/stanford/groups/quake/yuanxue/scRNA_seq_data/Toxoplasma_gondii/sequencing_data/NS32/1009901308/YX_1009901308_H11_S51
    threads: 6

/oak/stanford/groups/quake/yuanxue/scRNA_seq_data/Toxoplasma_gondii/sequencing_data/NS32/1009901308/YX_1009901308_H11_S51/
May 30 20:55:18 ..... started STAR run
May 30 20:55:18 ..... loading genome
May 30 20:56:09 ..... started 1st pass mapping
May 30 20:57:54 ..... finished 1st pass mapping
May 30 20:57:55 ..... inserting junctions into the genome indices
May 30 20:58:45 ..... started mapping
May 30 21:00:34 ..... finished mapping
May 30 21:00:36 ..... started sorting BAM
May 30 21:00:42 ..... finished successfully
[Thu May 30 21:00:42 2019]
Finished job 0.
1 of 1 steps (100%) done
