Building DAG of jobs...
Using shell: /usr/bin/bash
Provided cores: 6
Rules claiming more threads will be scaled down.
Job counts:
	count	jobs
	1	star
	1

[Thu May 30 08:47:51 2019]
rule star:
    input: /oak/stanford/groups/quake/yuanxue/resources/sc_pipeline/reference_genomes/ToxoplasmaG_GT1_genome/MM_TGGT1_transgenes_gff3_index, /oak/stanford/groups/quake/yuanxue/scRNA_seq_data/Toxoplasma_gondii/sequencing_data/NS32/1009901309/YX_1009901309_M10_S170/YX_1009901309_M10_S170_R1_001.fastq.gz, /oak/stanford/groups/quake/yuanxue/scRNA_seq_data/Toxoplasma_gondii/sequencing_data/NS32/1009901309/YX_1009901309_M10_S170/YX_1009901309_M10_S170_R2_001.fastq.gz
    output: /oak/stanford/groups/quake/yuanxue/scRNA_seq_data/Toxoplasma_gondii/sequencing_data/NS32/1009901309/YX_1009901309_M10_S170/Aligned.sortedByCoord.out.bam, /oak/stanford/groups/quake/yuanxue/scRNA_seq_data/Toxoplasma_gondii/sequencing_data/NS32/1009901309/YX_1009901309_M10_S170/Log.final.out
    jobid: 0
    wildcards: all_samples=/oak/stanford/groups/quake/yuanxue/scRNA_seq_data/Toxoplasma_gondii/sequencing_data/NS32/1009901309/YX_1009901309_M10_S170
    threads: 6

/oak/stanford/groups/quake/yuanxue/scRNA_seq_data/Toxoplasma_gondii/sequencing_data/NS32/1009901309/YX_1009901309_M10_S170/
May 30 08:47:51 ..... started STAR run
May 30 08:47:51 ..... loading genome
May 30 08:48:29 ..... started 1st pass mapping
May 30 08:58:41 ..... finished 1st pass mapping
May 30 08:58:42 ..... inserting junctions into the genome indices
May 30 09:00:11 ..... started mapping
May 30 09:12:00 ..... finished mapping
May 30 09:12:04 ..... started sorting BAM
May 30 09:12:42 ..... finished successfully
[Thu May 30 09:12:43 2019]
Finished job 0.
1 of 1 steps (100%) done
