Building DAG of jobs...
Using shell: /usr/bin/bash
Provided cores: 6
Rules claiming more threads will be scaled down.
Job counts:
	count	jobs
	1	star
	1

[Thu May 30 21:37:26 2019]
rule star:
    input: /oak/stanford/groups/quake/yuanxue/resources/sc_pipeline/reference_genomes/ToxoplasmaG_GT1_genome/MM_TGGT1_transgenes_gff3_index, /oak/stanford/groups/quake/yuanxue/scRNA_seq_data/Toxoplasma_gondii/sequencing_data/NS32/1009901309/YX_1009901309_K24_S136/YX_1009901309_K24_S136_R1_001.fastq.gz, /oak/stanford/groups/quake/yuanxue/scRNA_seq_data/Toxoplasma_gondii/sequencing_data/NS32/1009901309/YX_1009901309_K24_S136/YX_1009901309_K24_S136_R2_001.fastq.gz
    output: /oak/stanford/groups/quake/yuanxue/scRNA_seq_data/Toxoplasma_gondii/sequencing_data/NS32/1009901309/YX_1009901309_K24_S136/Aligned.sortedByCoord.out.bam, /oak/stanford/groups/quake/yuanxue/scRNA_seq_data/Toxoplasma_gondii/sequencing_data/NS32/1009901309/YX_1009901309_K24_S136/Log.final.out
    jobid: 0
    wildcards: all_samples=/oak/stanford/groups/quake/yuanxue/scRNA_seq_data/Toxoplasma_gondii/sequencing_data/NS32/1009901309/YX_1009901309_K24_S136
    threads: 6

/oak/stanford/groups/quake/yuanxue/scRNA_seq_data/Toxoplasma_gondii/sequencing_data/NS32/1009901309/YX_1009901309_K24_S136/
May 30 21:37:26 ..... started STAR run
May 30 21:37:26 ..... loading genome
May 30 21:38:33 ..... started 1st pass mapping
May 30 21:40:12 ..... finished 1st pass mapping
May 30 21:40:14 ..... inserting junctions into the genome indices
May 30 21:41:05 ..... started mapping
May 30 21:42:47 ..... finished mapping
May 30 21:42:49 ..... started sorting BAM
May 30 21:43:41 ..... finished successfully
[Thu May 30 21:43:42 2019]
Finished job 0.
1 of 1 steps (100%) done
