Building DAG of jobs...
Using shell: /usr/bin/bash
Provided cores: 6
Rules claiming more threads will be scaled down.
Job counts:
	count	jobs
	1	star
	1

[Thu May 30 08:21:32 2019]
rule star:
    input: /oak/stanford/groups/quake/yuanxue/resources/sc_pipeline/reference_genomes/ToxoplasmaG_GT1_genome/MM_TGGT1_transgenes_gff3_index, /oak/stanford/groups/quake/yuanxue/scRNA_seq_data/Toxoplasma_gondii/sequencing_data/NS32/1009901309/YX_1009901309_G16_S32/YX_1009901309_G16_S32_R1_001.fastq.gz, /oak/stanford/groups/quake/yuanxue/scRNA_seq_data/Toxoplasma_gondii/sequencing_data/NS32/1009901309/YX_1009901309_G16_S32/YX_1009901309_G16_S32_R2_001.fastq.gz
    output: /oak/stanford/groups/quake/yuanxue/scRNA_seq_data/Toxoplasma_gondii/sequencing_data/NS32/1009901309/YX_1009901309_G16_S32/Aligned.sortedByCoord.out.bam, /oak/stanford/groups/quake/yuanxue/scRNA_seq_data/Toxoplasma_gondii/sequencing_data/NS32/1009901309/YX_1009901309_G16_S32/Log.final.out
    jobid: 0
    wildcards: all_samples=/oak/stanford/groups/quake/yuanxue/scRNA_seq_data/Toxoplasma_gondii/sequencing_data/NS32/1009901309/YX_1009901309_G16_S32
    threads: 6

/oak/stanford/groups/quake/yuanxue/scRNA_seq_data/Toxoplasma_gondii/sequencing_data/NS32/1009901309/YX_1009901309_G16_S32/
May 30 08:21:32 ..... started STAR run
May 30 08:21:32 ..... loading genome
May 30 08:22:31 ..... started 1st pass mapping
May 30 08:30:19 ..... finished 1st pass mapping
May 30 08:30:20 ..... inserting junctions into the genome indices
May 30 08:31:19 ..... started mapping
May 30 08:41:42 ..... finished mapping
May 30 08:41:45 ..... started sorting BAM
May 30 08:42:25 ..... finished successfully
[Thu May 30 08:42:27 2019]
Finished job 0.
1 of 1 steps (100%) done
