Building DAG of jobs...
Using shell: /usr/bin/bash
Provided cores: 6
Rules claiming more threads will be scaled down.
Job counts:
	count	jobs
	1	star
	1

[Thu May 30 18:57:05 2019]
rule star:
    input: /oak/stanford/groups/quake/yuanxue/resources/sc_pipeline/reference_genomes/ToxoplasmaG_GT1_genome/MM_TGGT1_transgenes_gff3_index, /oak/stanford/groups/quake/yuanxue/scRNA_seq_data/Toxoplasma_gondii/sequencing_data/NS32/1009901304/YX_1009901304_K7_S119/YX_1009901304_K7_S119_R1_001.fastq.gz, /oak/stanford/groups/quake/yuanxue/scRNA_seq_data/Toxoplasma_gondii/sequencing_data/NS32/1009901304/YX_1009901304_K7_S119/YX_1009901304_K7_S119_R2_001.fastq.gz
    output: /oak/stanford/groups/quake/yuanxue/scRNA_seq_data/Toxoplasma_gondii/sequencing_data/NS32/1009901304/YX_1009901304_K7_S119/Aligned.sortedByCoord.out.bam, /oak/stanford/groups/quake/yuanxue/scRNA_seq_data/Toxoplasma_gondii/sequencing_data/NS32/1009901304/YX_1009901304_K7_S119/Log.final.out
    jobid: 0
    wildcards: all_samples=/oak/stanford/groups/quake/yuanxue/scRNA_seq_data/Toxoplasma_gondii/sequencing_data/NS32/1009901304/YX_1009901304_K7_S119
    threads: 6

/oak/stanford/groups/quake/yuanxue/scRNA_seq_data/Toxoplasma_gondii/sequencing_data/NS32/1009901304/YX_1009901304_K7_S119/
May 30 18:57:05 ..... started STAR run
May 30 18:57:05 ..... loading genome
May 30 18:57:19 ..... started 1st pass mapping
May 30 18:59:23 ..... finished 1st pass mapping
May 30 18:59:23 ..... inserting junctions into the genome indices
May 30 19:00:14 ..... started mapping
May 30 19:02:18 ..... finished mapping
May 30 19:02:20 ..... started sorting BAM
May 30 19:02:28 ..... finished successfully
[Thu May 30 19:02:28 2019]
Finished job 0.
1 of 1 steps (100%) done
