Building DAG of jobs...
Using shell: /usr/bin/bash
Provided cores: 6
Rules claiming more threads will be scaled down.
Job counts:
	count	jobs
	1	star
	1

[Thu May 30 06:42:29 2019]
rule star:
    input: /oak/stanford/groups/quake/yuanxue/resources/sc_pipeline/reference_genomes/ToxoplasmaG_GT1_genome/MM_TGGT1_transgenes_gff3_index, /oak/stanford/groups/quake/yuanxue/scRNA_seq_data/Toxoplasma_gondii/sequencing_data/NS15/1009900603/YX_1009900603_A9/YX_1009900603_A9_S93_R1_001.fastq.gz, /oak/stanford/groups/quake/yuanxue/scRNA_seq_data/Toxoplasma_gondii/sequencing_data/NS15/1009900603/YX_1009900603_A9/YX_1009900603_A9_S93_R2_001.fastq.gz
    output: /oak/stanford/groups/quake/yuanxue/scRNA_seq_data/Toxoplasma_gondii/sequencing_data/NS15/1009900603/YX_1009900603_A9/Aligned.sortedByCoord.out.bam, /oak/stanford/groups/quake/yuanxue/scRNA_seq_data/Toxoplasma_gondii/sequencing_data/NS15/1009900603/YX_1009900603_A9/Log.final.out
    jobid: 0
    wildcards: all_samples=/oak/stanford/groups/quake/yuanxue/scRNA_seq_data/Toxoplasma_gondii/sequencing_data/NS15/1009900603/YX_1009900603_A9
    threads: 6

/oak/stanford/groups/quake/yuanxue/scRNA_seq_data/Toxoplasma_gondii/sequencing_data/NS15/1009900603/YX_1009900603_A9/
May 30 06:42:29 ..... started STAR run
May 30 06:42:29 ..... loading genome
May 30 06:43:50 ..... started 1st pass mapping
May 30 06:47:29 ..... finished 1st pass mapping
May 30 06:47:30 ..... inserting junctions into the genome indices
May 30 06:48:33 ..... started mapping
May 30 06:52:34 ..... finished mapping
May 30 06:52:37 ..... started sorting BAM
May 30 06:52:56 ..... finished successfully
[Thu May 30 06:52:56 2019]
Finished job 0.
1 of 1 steps (100%) done
