Building DAG of jobs...
Using shell: /usr/bin/bash
Provided cores: 6
Rules claiming more threads will be scaled down.
Job counts:
	count	jobs
	1	star
	1

[Thu May 30 03:41:11 2019]
rule star:
    input: /oak/stanford/groups/quake/yuanxue/resources/sc_pipeline/reference_genomes/ToxoplasmaG_GT1_genome/MM_TGGT1_transgenes_gff3_index, /oak/stanford/groups/quake/yuanxue/scRNA_seq_data/Toxoplasma_gondii/sequencing_data/NS32/1009901304/YX_1009901304_C22_S326/YX_1009901304_C22_S326_R1_001.fastq.gz, /oak/stanford/groups/quake/yuanxue/scRNA_seq_data/Toxoplasma_gondii/sequencing_data/NS32/1009901304/YX_1009901304_C22_S326/YX_1009901304_C22_S326_R2_001.fastq.gz
    output: /oak/stanford/groups/quake/yuanxue/scRNA_seq_data/Toxoplasma_gondii/sequencing_data/NS32/1009901304/YX_1009901304_C22_S326/Aligned.sortedByCoord.out.bam, /oak/stanford/groups/quake/yuanxue/scRNA_seq_data/Toxoplasma_gondii/sequencing_data/NS32/1009901304/YX_1009901304_C22_S326/Log.final.out
    jobid: 0
    wildcards: all_samples=/oak/stanford/groups/quake/yuanxue/scRNA_seq_data/Toxoplasma_gondii/sequencing_data/NS32/1009901304/YX_1009901304_C22_S326
    threads: 6

/oak/stanford/groups/quake/yuanxue/scRNA_seq_data/Toxoplasma_gondii/sequencing_data/NS32/1009901304/YX_1009901304_C22_S326/
May 30 03:41:12 ..... started STAR run
May 30 03:41:12 ..... loading genome
May 30 03:41:50 ..... started 1st pass mapping
May 30 04:02:19 ..... finished 1st pass mapping
May 30 04:02:20 ..... inserting junctions into the genome indices
May 30 04:03:27 ..... started mapping
May 30 04:27:02 ..... finished mapping
May 30 04:27:04 ..... started sorting BAM
May 30 04:28:06 ..... finished successfully
[Thu May 30 04:28:07 2019]
Finished job 0.
1 of 1 steps (100%) done
