Building DAG of jobs...
Using shell: /usr/bin/bash
Provided cores: 6
Rules claiming more threads will be scaled down.
Job counts:
	count	jobs
	1	star
	1

[Thu May 30 10:03:38 2019]
rule star:
    input: /oak/stanford/groups/quake/yuanxue/resources/sc_pipeline/reference_genomes/ToxoplasmaG_GT1_genome/MM_TGGT1_transgenes_gff3_index, /oak/stanford/groups/quake/yuanxue/scRNA_seq_data/Toxoplasma_gondii/sequencing_data/NS32/1009901309/YX_1009901309_L15_S151/YX_1009901309_L15_S151_R1_001.fastq.gz, /oak/stanford/groups/quake/yuanxue/scRNA_seq_data/Toxoplasma_gondii/sequencing_data/NS32/1009901309/YX_1009901309_L15_S151/YX_1009901309_L15_S151_R2_001.fastq.gz
    output: /oak/stanford/groups/quake/yuanxue/scRNA_seq_data/Toxoplasma_gondii/sequencing_data/NS32/1009901309/YX_1009901309_L15_S151/Aligned.sortedByCoord.out.bam, /oak/stanford/groups/quake/yuanxue/scRNA_seq_data/Toxoplasma_gondii/sequencing_data/NS32/1009901309/YX_1009901309_L15_S151/Log.final.out
    jobid: 0
    wildcards: all_samples=/oak/stanford/groups/quake/yuanxue/scRNA_seq_data/Toxoplasma_gondii/sequencing_data/NS32/1009901309/YX_1009901309_L15_S151
    threads: 6

/oak/stanford/groups/quake/yuanxue/scRNA_seq_data/Toxoplasma_gondii/sequencing_data/NS32/1009901309/YX_1009901309_L15_S151/
May 30 10:03:38 ..... started STAR run
May 30 10:03:38 ..... loading genome
May 30 10:04:20 ..... started 1st pass mapping
May 30 10:12:16 ..... finished 1st pass mapping
May 30 10:12:17 ..... inserting junctions into the genome indices
May 30 10:13:29 ..... started mapping
May 30 10:22:41 ..... finished mapping
May 30 10:22:45 ..... started sorting BAM
May 30 10:23:15 ..... finished successfully
[Thu May 30 10:23:17 2019]
Finished job 0.
1 of 1 steps (100%) done
