Building DAG of jobs...
Using shell: /usr/bin/bash
Provided cores: 6
Rules claiming more threads will be scaled down.
Job counts:
	count	jobs
	1	star
	1

[Thu May 30 04:20:56 2019]
rule star:
    input: /oak/stanford/groups/quake/yuanxue/resources/sc_pipeline/reference_genomes/ToxoplasmaG_GT1_genome/MM_TGGT1_transgenes_gff3_index, /oak/stanford/groups/quake/yuanxue/scRNA_seq_data/Toxoplasma_gondii/sequencing_data/NS32/1009901306/YX_1009901306_L23_S159/YX_1009901306_L23_S159_R1_001.fastq.gz, /oak/stanford/groups/quake/yuanxue/scRNA_seq_data/Toxoplasma_gondii/sequencing_data/NS32/1009901306/YX_1009901306_L23_S159/YX_1009901306_L23_S159_R2_001.fastq.gz
    output: /oak/stanford/groups/quake/yuanxue/scRNA_seq_data/Toxoplasma_gondii/sequencing_data/NS32/1009901306/YX_1009901306_L23_S159/Aligned.sortedByCoord.out.bam, /oak/stanford/groups/quake/yuanxue/scRNA_seq_data/Toxoplasma_gondii/sequencing_data/NS32/1009901306/YX_1009901306_L23_S159/Log.final.out
    jobid: 0
    wildcards: all_samples=/oak/stanford/groups/quake/yuanxue/scRNA_seq_data/Toxoplasma_gondii/sequencing_data/NS32/1009901306/YX_1009901306_L23_S159
    threads: 6

/oak/stanford/groups/quake/yuanxue/scRNA_seq_data/Toxoplasma_gondii/sequencing_data/NS32/1009901306/YX_1009901306_L23_S159/
May 30 04:20:56 ..... started STAR run
May 30 04:20:56 ..... loading genome
May 30 04:21:43 ..... started 1st pass mapping
May 30 04:35:12 ..... finished 1st pass mapping
May 30 04:35:13 ..... inserting junctions into the genome indices
May 30 04:36:32 ..... started mapping
May 30 04:51:50 ..... finished mapping
May 30 04:51:53 ..... started sorting BAM
May 30 04:52:32 ..... finished successfully
[Thu May 30 04:52:33 2019]
Finished job 0.
1 of 1 steps (100%) done
