Building DAG of jobs...
Using shell: /usr/bin/bash
Provided cores: 6
Rules claiming more threads will be scaled down.
Job counts:
	count	jobs
	1	star
	1

[Thu May 30 15:22:22 2019]
rule star:
    input: /oak/stanford/groups/quake/yuanxue/resources/sc_pipeline/reference_genomes/ToxoplasmaG_GT1_genome/MM_TGGT1_transgenes_gff3_index, /oak/stanford/groups/quake/yuanxue/scRNA_seq_data/Toxoplasma_gondii/sequencing_data/NS32/1009901306/YX_1009901306_B22_S302/YX_1009901306_B22_S302_R1_001.fastq.gz, /oak/stanford/groups/quake/yuanxue/scRNA_seq_data/Toxoplasma_gondii/sequencing_data/NS32/1009901306/YX_1009901306_B22_S302/YX_1009901306_B22_S302_R2_001.fastq.gz
    output: /oak/stanford/groups/quake/yuanxue/scRNA_seq_data/Toxoplasma_gondii/sequencing_data/NS32/1009901306/YX_1009901306_B22_S302/Aligned.sortedByCoord.out.bam, /oak/stanford/groups/quake/yuanxue/scRNA_seq_data/Toxoplasma_gondii/sequencing_data/NS32/1009901306/YX_1009901306_B22_S302/Log.final.out
    jobid: 0
    wildcards: all_samples=/oak/stanford/groups/quake/yuanxue/scRNA_seq_data/Toxoplasma_gondii/sequencing_data/NS32/1009901306/YX_1009901306_B22_S302
    threads: 6

/oak/stanford/groups/quake/yuanxue/scRNA_seq_data/Toxoplasma_gondii/sequencing_data/NS32/1009901306/YX_1009901306_B22_S302/
May 30 15:22:22 ..... started STAR run
May 30 15:22:22 ..... loading genome
May 30 15:23:01 ..... started 1st pass mapping
May 30 15:26:41 ..... finished 1st pass mapping
May 30 15:26:42 ..... inserting junctions into the genome indices
May 30 15:27:35 ..... started mapping
May 30 15:31:33 ..... finished mapping
May 30 15:31:35 ..... started sorting BAM
May 30 15:31:43 ..... finished successfully
[Thu May 30 15:31:43 2019]
Finished job 0.
1 of 1 steps (100%) done
