Building DAG of jobs...
Using shell: /usr/bin/bash
Provided cores: 6
Rules claiming more threads will be scaled down.
Job counts:
	count	jobs
	1	star
	1

[Thu May 30 12:16:03 2019]
rule star:
    input: /oak/stanford/groups/quake/yuanxue/resources/sc_pipeline/reference_genomes/ToxoplasmaG_GT1_genome/MM_TGGT1_transgenes_gff3_index, /oak/stanford/groups/quake/yuanxue/scRNA_seq_data/Toxoplasma_gondii/sequencing_data/NS32/1009901304/YX_1009901304_P14_S246/YX_1009901304_P14_S246_R1_001.fastq.gz, /oak/stanford/groups/quake/yuanxue/scRNA_seq_data/Toxoplasma_gondii/sequencing_data/NS32/1009901304/YX_1009901304_P14_S246/YX_1009901304_P14_S246_R2_001.fastq.gz
    output: /oak/stanford/groups/quake/yuanxue/scRNA_seq_data/Toxoplasma_gondii/sequencing_data/NS32/1009901304/YX_1009901304_P14_S246/Aligned.sortedByCoord.out.bam, /oak/stanford/groups/quake/yuanxue/scRNA_seq_data/Toxoplasma_gondii/sequencing_data/NS32/1009901304/YX_1009901304_P14_S246/Log.final.out
    jobid: 0
    wildcards: all_samples=/oak/stanford/groups/quake/yuanxue/scRNA_seq_data/Toxoplasma_gondii/sequencing_data/NS32/1009901304/YX_1009901304_P14_S246
    threads: 6

/oak/stanford/groups/quake/yuanxue/scRNA_seq_data/Toxoplasma_gondii/sequencing_data/NS32/1009901304/YX_1009901304_P14_S246/
May 30 12:16:03 ..... started STAR run
May 30 12:16:03 ..... loading genome
May 30 12:16:17 ..... started 1st pass mapping
May 30 12:21:30 ..... finished 1st pass mapping
May 30 12:21:31 ..... inserting junctions into the genome indices
May 30 12:22:19 ..... started mapping
May 30 12:27:40 ..... finished mapping
May 30 12:27:41 ..... started sorting BAM
May 30 12:27:48 ..... finished successfully
[Thu May 30 12:27:49 2019]
Finished job 0.
1 of 1 steps (100%) done
