Building DAG of jobs...
Using shell: /usr/bin/bash
Provided cores: 6
Rules claiming more threads will be scaled down.
Job counts:
	count	jobs
	1	star
	1

[Thu May 30 15:31:49 2019]
rule star:
    input: /oak/stanford/groups/quake/yuanxue/resources/sc_pipeline/reference_genomes/ToxoplasmaG_GT1_genome/MM_TGGT1_transgenes_gff3_index, /oak/stanford/groups/quake/yuanxue/scRNA_seq_data/Toxoplasma_gondii/sequencing_data/NS32/1009901304/YX_1009901304_H13_S53/YX_1009901304_H13_S53_R1_001.fastq.gz, /oak/stanford/groups/quake/yuanxue/scRNA_seq_data/Toxoplasma_gondii/sequencing_data/NS32/1009901304/YX_1009901304_H13_S53/YX_1009901304_H13_S53_R2_001.fastq.gz
    output: /oak/stanford/groups/quake/yuanxue/scRNA_seq_data/Toxoplasma_gondii/sequencing_data/NS32/1009901304/YX_1009901304_H13_S53/Aligned.sortedByCoord.out.bam, /oak/stanford/groups/quake/yuanxue/scRNA_seq_data/Toxoplasma_gondii/sequencing_data/NS32/1009901304/YX_1009901304_H13_S53/Log.final.out
    jobid: 0
    wildcards: all_samples=/oak/stanford/groups/quake/yuanxue/scRNA_seq_data/Toxoplasma_gondii/sequencing_data/NS32/1009901304/YX_1009901304_H13_S53
    threads: 6

/oak/stanford/groups/quake/yuanxue/scRNA_seq_data/Toxoplasma_gondii/sequencing_data/NS32/1009901304/YX_1009901304_H13_S53/
May 30 15:31:49 ..... started STAR run
May 30 15:31:49 ..... loading genome
May 30 15:32:24 ..... started 1st pass mapping
May 30 15:35:34 ..... finished 1st pass mapping
May 30 15:35:36 ..... inserting junctions into the genome indices
May 30 15:36:26 ..... started mapping
May 30 15:39:40 ..... finished mapping
May 30 15:39:42 ..... started sorting BAM
May 30 15:39:49 ..... finished successfully
[Thu May 30 15:39:49 2019]
Finished job 0.
1 of 1 steps (100%) done
