Building DAG of jobs...
Using shell: /usr/bin/bash
Provided cores: 6
Rules claiming more threads will be scaled down.
Job counts:
	count	jobs
	1	star
	1

[Thu May 30 09:45:13 2019]
rule star:
    input: /oak/stanford/groups/quake/yuanxue/resources/sc_pipeline/reference_genomes/ToxoplasmaG_GT1_genome/MM_TGGT1_transgenes_gff3_index, /oak/stanford/groups/quake/yuanxue/scRNA_seq_data/Toxoplasma_gondii/sequencing_data/NS32/1009901308/YX_1009901308_P11_S243/YX_1009901308_P11_S243_R1_001.fastq.gz, /oak/stanford/groups/quake/yuanxue/scRNA_seq_data/Toxoplasma_gondii/sequencing_data/NS32/1009901308/YX_1009901308_P11_S243/YX_1009901308_P11_S243_R2_001.fastq.gz
    output: /oak/stanford/groups/quake/yuanxue/scRNA_seq_data/Toxoplasma_gondii/sequencing_data/NS32/1009901308/YX_1009901308_P11_S243/Aligned.sortedByCoord.out.bam, /oak/stanford/groups/quake/yuanxue/scRNA_seq_data/Toxoplasma_gondii/sequencing_data/NS32/1009901308/YX_1009901308_P11_S243/Log.final.out
    jobid: 0
    wildcards: all_samples=/oak/stanford/groups/quake/yuanxue/scRNA_seq_data/Toxoplasma_gondii/sequencing_data/NS32/1009901308/YX_1009901308_P11_S243
    threads: 6

/oak/stanford/groups/quake/yuanxue/scRNA_seq_data/Toxoplasma_gondii/sequencing_data/NS32/1009901308/YX_1009901308_P11_S243/
May 30 09:45:13 ..... started STAR run
May 30 09:45:13 ..... loading genome
May 30 09:45:53 ..... started 1st pass mapping
May 30 09:52:54 ..... finished 1st pass mapping
May 30 09:52:55 ..... inserting junctions into the genome indices
May 30 09:53:56 ..... started mapping
May 30 10:02:00 ..... finished mapping
May 30 10:02:02 ..... started sorting BAM
May 30 10:02:29 ..... finished successfully
[Thu May 30 10:02:30 2019]
Finished job 0.
1 of 1 steps (100%) done
