Building DAG of jobs...
Using shell: /usr/bin/bash
Provided cores: 6
Rules claiming more threads will be scaled down.
Job counts:
	count	jobs
	1	star
	1

[Wed May 29 23:00:04 2019]
rule star:
    input: /oak/stanford/groups/quake/yuanxue/resources/sc_pipeline/reference_genomes/ToxoplasmaG_GT1_genome/MM_TGGT1_transgenes_gff3_index, /oak/stanford/groups/quake/yuanxue/scRNA_seq_data/Toxoplasma_gondii/sequencing_data/NS15/1009900606/YX_1009900606_G12/YX_1009900606_G12_S108_R1_001.fastq.gz, /oak/stanford/groups/quake/yuanxue/scRNA_seq_data/Toxoplasma_gondii/sequencing_data/NS15/1009900606/YX_1009900606_G12/YX_1009900606_G12_S108_R2_001.fastq.gz
    output: /oak/stanford/groups/quake/yuanxue/scRNA_seq_data/Toxoplasma_gondii/sequencing_data/NS15/1009900606/YX_1009900606_G12/Aligned.sortedByCoord.out.bam, /oak/stanford/groups/quake/yuanxue/scRNA_seq_data/Toxoplasma_gondii/sequencing_data/NS15/1009900606/YX_1009900606_G12/Log.final.out
    jobid: 0
    wildcards: all_samples=/oak/stanford/groups/quake/yuanxue/scRNA_seq_data/Toxoplasma_gondii/sequencing_data/NS15/1009900606/YX_1009900606_G12
    threads: 6

/oak/stanford/groups/quake/yuanxue/scRNA_seq_data/Toxoplasma_gondii/sequencing_data/NS15/1009900606/YX_1009900606_G12/
May 29 23:00:04 ..... started STAR run
May 29 23:00:04 ..... loading genome
May 29 23:00:42 ..... started 1st pass mapping
May 29 23:07:15 ..... finished 1st pass mapping
May 29 23:07:16 ..... inserting junctions into the genome indices
May 29 23:08:09 ..... started mapping
May 29 23:15:42 ..... finished mapping
May 29 23:15:43 ..... started sorting BAM
May 29 23:16:10 ..... finished successfully
[Wed May 29 23:16:11 2019]
Finished job 0.
1 of 1 steps (100%) done
