Building DAG of jobs...
Using shell: /usr/bin/bash
Provided cores: 6
Rules claiming more threads will be scaled down.
Job counts:
	count	jobs
	1	star
	1

[Thu May 30 06:15:41 2019]
rule star:
    input: /oak/stanford/groups/quake/yuanxue/resources/sc_pipeline/reference_genomes/ToxoplasmaG_GT1_genome/MM_TGGT1_transgenes_gff3_index, /oak/stanford/groups/quake/yuanxue/scRNA_seq_data/Toxoplasma_gondii/sequencing_data/NS32/1009901304/YX_1009901304_M8_S168/YX_1009901304_M8_S168_R1_001.fastq.gz, /oak/stanford/groups/quake/yuanxue/scRNA_seq_data/Toxoplasma_gondii/sequencing_data/NS32/1009901304/YX_1009901304_M8_S168/YX_1009901304_M8_S168_R2_001.fastq.gz
    output: /oak/stanford/groups/quake/yuanxue/scRNA_seq_data/Toxoplasma_gondii/sequencing_data/NS32/1009901304/YX_1009901304_M8_S168/Aligned.sortedByCoord.out.bam, /oak/stanford/groups/quake/yuanxue/scRNA_seq_data/Toxoplasma_gondii/sequencing_data/NS32/1009901304/YX_1009901304_M8_S168/Log.final.out
    jobid: 0
    wildcards: all_samples=/oak/stanford/groups/quake/yuanxue/scRNA_seq_data/Toxoplasma_gondii/sequencing_data/NS32/1009901304/YX_1009901304_M8_S168
    threads: 6

/oak/stanford/groups/quake/yuanxue/scRNA_seq_data/Toxoplasma_gondii/sequencing_data/NS32/1009901304/YX_1009901304_M8_S168/
May 30 06:15:41 ..... started STAR run
May 30 06:15:42 ..... loading genome
May 30 06:16:16 ..... started 1st pass mapping
May 30 06:31:10 ..... finished 1st pass mapping
May 30 06:31:11 ..... inserting junctions into the genome indices
May 30 06:32:15 ..... started mapping
May 30 06:49:48 ..... finished mapping
May 30 06:49:50 ..... started sorting BAM
May 30 06:50:43 ..... finished successfully
[Thu May 30 06:50:44 2019]
Finished job 0.
1 of 1 steps (100%) done
