Building DAG of jobs...
Using shell: /usr/bin/bash
Provided cores: 6
Rules claiming more threads will be scaled down.
Job counts:
	count	jobs
	1	star
	1

[Thu May 30 19:55:05 2019]
rule star:
    input: /oak/stanford/groups/quake/yuanxue/resources/sc_pipeline/reference_genomes/ToxoplasmaG_GT1_genome/MM_TGGT1_transgenes_gff3_index, /oak/stanford/groups/quake/yuanxue/scRNA_seq_data/Toxoplasma_gondii/sequencing_data/NS32/1009901308/YX_1009901308_H19_S59/YX_1009901308_H19_S59_R1_001.fastq.gz, /oak/stanford/groups/quake/yuanxue/scRNA_seq_data/Toxoplasma_gondii/sequencing_data/NS32/1009901308/YX_1009901308_H19_S59/YX_1009901308_H19_S59_R2_001.fastq.gz
    output: /oak/stanford/groups/quake/yuanxue/scRNA_seq_data/Toxoplasma_gondii/sequencing_data/NS32/1009901308/YX_1009901308_H19_S59/Aligned.sortedByCoord.out.bam, /oak/stanford/groups/quake/yuanxue/scRNA_seq_data/Toxoplasma_gondii/sequencing_data/NS32/1009901308/YX_1009901308_H19_S59/Log.final.out
    jobid: 0
    wildcards: all_samples=/oak/stanford/groups/quake/yuanxue/scRNA_seq_data/Toxoplasma_gondii/sequencing_data/NS32/1009901308/YX_1009901308_H19_S59
    threads: 6

/oak/stanford/groups/quake/yuanxue/scRNA_seq_data/Toxoplasma_gondii/sequencing_data/NS32/1009901308/YX_1009901308_H19_S59/
May 30 19:55:05 ..... started STAR run
May 30 19:55:05 ..... loading genome
May 30 19:55:21 ..... started 1st pass mapping
May 30 19:56:58 ..... finished 1st pass mapping
May 30 19:56:59 ..... inserting junctions into the genome indices
May 30 19:57:48 ..... started mapping
May 30 19:59:37 ..... finished mapping
May 30 19:59:39 ..... started sorting BAM
May 30 19:59:50 ..... finished successfully
[Thu May 30 19:59:51 2019]
Finished job 0.
1 of 1 steps (100%) done
