Building DAG of jobs...
Using shell: /usr/bin/bash
Provided cores: 6
Rules claiming more threads will be scaled down.
Job counts:
	count	jobs
	1	star
	1

[Thu May 30 07:49:16 2019]
rule star:
    input: /oak/stanford/groups/quake/yuanxue/resources/sc_pipeline/reference_genomes/ToxoplasmaG_GT1_genome/MM_TGGT1_transgenes_gff3_index, /oak/stanford/groups/quake/yuanxue/scRNA_seq_data/Toxoplasma_gondii/sequencing_data/NS32/1009901306/YX_1009901306_C16_S320/YX_1009901306_C16_S320_R1_001.fastq.gz, /oak/stanford/groups/quake/yuanxue/scRNA_seq_data/Toxoplasma_gondii/sequencing_data/NS32/1009901306/YX_1009901306_C16_S320/YX_1009901306_C16_S320_R2_001.fastq.gz
    output: /oak/stanford/groups/quake/yuanxue/scRNA_seq_data/Toxoplasma_gondii/sequencing_data/NS32/1009901306/YX_1009901306_C16_S320/Aligned.sortedByCoord.out.bam, /oak/stanford/groups/quake/yuanxue/scRNA_seq_data/Toxoplasma_gondii/sequencing_data/NS32/1009901306/YX_1009901306_C16_S320/Log.final.out
    jobid: 0
    wildcards: all_samples=/oak/stanford/groups/quake/yuanxue/scRNA_seq_data/Toxoplasma_gondii/sequencing_data/NS32/1009901306/YX_1009901306_C16_S320
    threads: 6

/oak/stanford/groups/quake/yuanxue/scRNA_seq_data/Toxoplasma_gondii/sequencing_data/NS32/1009901306/YX_1009901306_C16_S320/
May 30 07:49:17 ..... started STAR run
May 30 07:49:17 ..... loading genome
May 30 07:50:03 ..... started 1st pass mapping
May 30 07:58:42 ..... finished 1st pass mapping
May 30 07:58:43 ..... inserting junctions into the genome indices
May 30 07:59:43 ..... started mapping
May 30 08:09:20 ..... finished mapping
May 30 08:09:22 ..... started sorting BAM
May 30 08:10:02 ..... finished successfully
[Thu May 30 08:10:03 2019]
Finished job 0.
1 of 1 steps (100%) done
