Building DAG of jobs...
Using shell: /usr/bin/bash
Provided cores: 6
Rules claiming more threads will be scaled down.
Job counts:
	count	jobs
	1	star
	1

[Thu May 30 08:34:22 2019]
rule star:
    input: /oak/stanford/groups/quake/yuanxue/resources/sc_pipeline/reference_genomes/ToxoplasmaG_GT1_genome/MM_TGGT1_transgenes_gff3_index, /oak/stanford/groups/quake/yuanxue/scRNA_seq_data/Toxoplasma_gondii/sequencing_data/NS32/1009901306/YX_1009901306_D14_S342/YX_1009901306_D14_S342_R1_001.fastq.gz, /oak/stanford/groups/quake/yuanxue/scRNA_seq_data/Toxoplasma_gondii/sequencing_data/NS32/1009901306/YX_1009901306_D14_S342/YX_1009901306_D14_S342_R2_001.fastq.gz
    output: /oak/stanford/groups/quake/yuanxue/scRNA_seq_data/Toxoplasma_gondii/sequencing_data/NS32/1009901306/YX_1009901306_D14_S342/Aligned.sortedByCoord.out.bam, /oak/stanford/groups/quake/yuanxue/scRNA_seq_data/Toxoplasma_gondii/sequencing_data/NS32/1009901306/YX_1009901306_D14_S342/Log.final.out
    jobid: 0
    wildcards: all_samples=/oak/stanford/groups/quake/yuanxue/scRNA_seq_data/Toxoplasma_gondii/sequencing_data/NS32/1009901306/YX_1009901306_D14_S342
    threads: 6

/oak/stanford/groups/quake/yuanxue/scRNA_seq_data/Toxoplasma_gondii/sequencing_data/NS32/1009901306/YX_1009901306_D14_S342/
May 30 08:34:22 ..... started STAR run
May 30 08:34:22 ..... loading genome
May 30 08:34:57 ..... started 1st pass mapping
May 30 08:42:25 ..... finished 1st pass mapping
May 30 08:42:26 ..... inserting junctions into the genome indices
May 30 08:43:16 ..... started mapping
May 30 08:51:41 ..... finished mapping
May 30 08:51:43 ..... started sorting BAM
May 30 08:52:14 ..... finished successfully
[Thu May 30 08:52:15 2019]
Finished job 0.
1 of 1 steps (100%) done
