Building DAG of jobs...
Using shell: /usr/bin/bash
Provided cores: 6
Rules claiming more threads will be scaled down.
Job counts:
	count	jobs
	1	star
	1

[Thu May 30 06:17:49 2019]
rule star:
    input: /oak/stanford/groups/quake/yuanxue/resources/sc_pipeline/reference_genomes/ToxoplasmaG_GT1_genome/MM_TGGT1_transgenes_gff3_index, /oak/stanford/groups/quake/yuanxue/scRNA_seq_data/Toxoplasma_gondii/sequencing_data/NS32/1009901309/YX_1009901309_D3_S331/YX_1009901309_D3_S331_R1_001.fastq.gz, /oak/stanford/groups/quake/yuanxue/scRNA_seq_data/Toxoplasma_gondii/sequencing_data/NS32/1009901309/YX_1009901309_D3_S331/YX_1009901309_D3_S331_R2_001.fastq.gz
    output: /oak/stanford/groups/quake/yuanxue/scRNA_seq_data/Toxoplasma_gondii/sequencing_data/NS32/1009901309/YX_1009901309_D3_S331/Aligned.sortedByCoord.out.bam, /oak/stanford/groups/quake/yuanxue/scRNA_seq_data/Toxoplasma_gondii/sequencing_data/NS32/1009901309/YX_1009901309_D3_S331/Log.final.out
    jobid: 0
    wildcards: all_samples=/oak/stanford/groups/quake/yuanxue/scRNA_seq_data/Toxoplasma_gondii/sequencing_data/NS32/1009901309/YX_1009901309_D3_S331
    threads: 6

/oak/stanford/groups/quake/yuanxue/scRNA_seq_data/Toxoplasma_gondii/sequencing_data/NS32/1009901309/YX_1009901309_D3_S331/
May 30 06:17:49 ..... started STAR run
May 30 06:17:49 ..... loading genome
May 30 06:18:29 ..... started 1st pass mapping
May 30 06:29:23 ..... finished 1st pass mapping
May 30 06:29:23 ..... inserting junctions into the genome indices
May 30 06:30:34 ..... started mapping
May 30 06:43:21 ..... finished mapping
May 30 06:43:24 ..... started sorting BAM
May 30 06:43:58 ..... finished successfully
[Thu May 30 06:43:59 2019]
Finished job 0.
1 of 1 steps (100%) done
