Building DAG of jobs...
Using shell: /usr/bin/bash
Provided cores: 6
Rules claiming more threads will be scaled down.
Job counts:
	count	jobs
	1	star
	1

[Thu May 30 09:45:13 2019]
rule star:
    input: /oak/stanford/groups/quake/yuanxue/resources/sc_pipeline/reference_genomes/ToxoplasmaG_GT1_genome/MM_TGGT1_transgenes_gff3_index, /oak/stanford/groups/quake/yuanxue/scRNA_seq_data/Toxoplasma_gondii/sequencing_data/NS32/1009901308/YX_1009901308_J12_S100/YX_1009901308_J12_S100_R1_001.fastq.gz, /oak/stanford/groups/quake/yuanxue/scRNA_seq_data/Toxoplasma_gondii/sequencing_data/NS32/1009901308/YX_1009901308_J12_S100/YX_1009901308_J12_S100_R2_001.fastq.gz
    output: /oak/stanford/groups/quake/yuanxue/scRNA_seq_data/Toxoplasma_gondii/sequencing_data/NS32/1009901308/YX_1009901308_J12_S100/Aligned.sortedByCoord.out.bam, /oak/stanford/groups/quake/yuanxue/scRNA_seq_data/Toxoplasma_gondii/sequencing_data/NS32/1009901308/YX_1009901308_J12_S100/Log.final.out
    jobid: 0
    wildcards: all_samples=/oak/stanford/groups/quake/yuanxue/scRNA_seq_data/Toxoplasma_gondii/sequencing_data/NS32/1009901308/YX_1009901308_J12_S100
    threads: 6

/oak/stanford/groups/quake/yuanxue/scRNA_seq_data/Toxoplasma_gondii/sequencing_data/NS32/1009901308/YX_1009901308_J12_S100/
May 30 09:45:13 ..... started STAR run
May 30 09:45:13 ..... loading genome
May 30 09:45:53 ..... started 1st pass mapping
May 30 09:52:30 ..... finished 1st pass mapping
May 30 09:52:31 ..... inserting junctions into the genome indices
May 30 09:53:33 ..... started mapping
May 30 10:01:19 ..... finished mapping
May 30 10:01:21 ..... started sorting BAM
May 30 10:01:42 ..... finished successfully
[Thu May 30 10:01:43 2019]
Finished job 0.
1 of 1 steps (100%) done
