Building DAG of jobs...
Using shell: /usr/bin/bash
Provided cores: 6
Rules claiming more threads will be scaled down.
Job counts:
	count	jobs
	1	star
	1

[Thu May 30 03:24:59 2019]
rule star:
    input: /oak/stanford/groups/quake/yuanxue/resources/sc_pipeline/reference_genomes/ToxoplasmaG_GT1_genome/MM_TGGT1_transgenes_gff3_index, /oak/stanford/groups/quake/yuanxue/scRNA_seq_data/Toxoplasma_gondii/sequencing_data/NS32/1009901304/YX_1009901304_C6_S310/YX_1009901304_C6_S310_R1_001.fastq.gz, /oak/stanford/groups/quake/yuanxue/scRNA_seq_data/Toxoplasma_gondii/sequencing_data/NS32/1009901304/YX_1009901304_C6_S310/YX_1009901304_C6_S310_R2_001.fastq.gz
    output: /oak/stanford/groups/quake/yuanxue/scRNA_seq_data/Toxoplasma_gondii/sequencing_data/NS32/1009901304/YX_1009901304_C6_S310/Aligned.sortedByCoord.out.bam, /oak/stanford/groups/quake/yuanxue/scRNA_seq_data/Toxoplasma_gondii/sequencing_data/NS32/1009901304/YX_1009901304_C6_S310/Log.final.out
    jobid: 0
    wildcards: all_samples=/oak/stanford/groups/quake/yuanxue/scRNA_seq_data/Toxoplasma_gondii/sequencing_data/NS32/1009901304/YX_1009901304_C6_S310
    threads: 6

/oak/stanford/groups/quake/yuanxue/scRNA_seq_data/Toxoplasma_gondii/sequencing_data/NS32/1009901304/YX_1009901304_C6_S310/
May 30 03:24:59 ..... started STAR run
May 30 03:25:00 ..... loading genome
May 30 03:25:40 ..... started 1st pass mapping
May 30 03:39:01 ..... finished 1st pass mapping
May 30 03:39:02 ..... inserting junctions into the genome indices
May 30 03:40:15 ..... started mapping
May 30 03:55:21 ..... finished mapping
May 30 03:55:23 ..... started sorting BAM
May 30 03:56:03 ..... finished successfully
[Thu May 30 03:56:04 2019]
Finished job 0.
1 of 1 steps (100%) done
