Building DAG of jobs...
Using shell: /usr/bin/bash
Provided cores: 6
Rules claiming more threads will be scaled down.
Job counts:
	count	jobs
	1	star
	1

[Thu May 30 00:50:47 2019]
rule star:
    input: /oak/stanford/groups/quake/yuanxue/resources/sc_pipeline/reference_genomes/ToxoplasmaG_GT1_genome/MM_TGGT1_transgenes_gff3_index, /oak/stanford/groups/quake/yuanxue/scRNA_seq_data/Toxoplasma_gondii/sequencing_data/NS15/1009900603/YX_1009900603_H10/YX_1009900603_H10_S262_R1_001.fastq.gz, /oak/stanford/groups/quake/yuanxue/scRNA_seq_data/Toxoplasma_gondii/sequencing_data/NS15/1009900603/YX_1009900603_H10/YX_1009900603_H10_S262_R2_001.fastq.gz
    output: /oak/stanford/groups/quake/yuanxue/scRNA_seq_data/Toxoplasma_gondii/sequencing_data/NS15/1009900603/YX_1009900603_H10/Aligned.sortedByCoord.out.bam, /oak/stanford/groups/quake/yuanxue/scRNA_seq_data/Toxoplasma_gondii/sequencing_data/NS15/1009900603/YX_1009900603_H10/Log.final.out
    jobid: 0
    wildcards: all_samples=/oak/stanford/groups/quake/yuanxue/scRNA_seq_data/Toxoplasma_gondii/sequencing_data/NS15/1009900603/YX_1009900603_H10
    threads: 6

/oak/stanford/groups/quake/yuanxue/scRNA_seq_data/Toxoplasma_gondii/sequencing_data/NS15/1009900603/YX_1009900603_H10/
May 30 00:50:47 ..... started STAR run
May 30 00:50:48 ..... loading genome
May 30 00:51:24 ..... started 1st pass mapping
May 30 01:04:12 ..... finished 1st pass mapping
May 30 01:04:14 ..... inserting junctions into the genome indices
May 30 01:05:30 ..... started mapping
May 30 01:19:54 ..... finished mapping
May 30 01:19:56 ..... started sorting BAM
May 30 01:20:38 ..... finished successfully
[Thu May 30 01:20:40 2019]
Finished job 0.
1 of 1 steps (100%) done
