Building DAG of jobs...
Using shell: /usr/bin/bash
Provided cores: 6
Rules claiming more threads will be scaled down.
Job counts:
	count	jobs
	1	star
	1

[Thu May 30 18:41:55 2019]
rule star:
    input: /oak/stanford/groups/quake/yuanxue/resources/sc_pipeline/reference_genomes/ToxoplasmaG_GT1_genome/MM_TGGT1_transgenes_gff3_index, /oak/stanford/groups/quake/yuanxue/scRNA_seq_data/Toxoplasma_gondii/sequencing_data/NS32/1009901306/YX_1009901306_O3_S211/YX_1009901306_O3_S211_R1_001.fastq.gz, /oak/stanford/groups/quake/yuanxue/scRNA_seq_data/Toxoplasma_gondii/sequencing_data/NS32/1009901306/YX_1009901306_O3_S211/YX_1009901306_O3_S211_R2_001.fastq.gz
    output: /oak/stanford/groups/quake/yuanxue/scRNA_seq_data/Toxoplasma_gondii/sequencing_data/NS32/1009901306/YX_1009901306_O3_S211/Aligned.sortedByCoord.out.bam, /oak/stanford/groups/quake/yuanxue/scRNA_seq_data/Toxoplasma_gondii/sequencing_data/NS32/1009901306/YX_1009901306_O3_S211/Log.final.out
    jobid: 0
    wildcards: all_samples=/oak/stanford/groups/quake/yuanxue/scRNA_seq_data/Toxoplasma_gondii/sequencing_data/NS32/1009901306/YX_1009901306_O3_S211
    threads: 6

/oak/stanford/groups/quake/yuanxue/scRNA_seq_data/Toxoplasma_gondii/sequencing_data/NS32/1009901306/YX_1009901306_O3_S211/
May 30 18:41:55 ..... started STAR run
May 30 18:41:55 ..... loading genome
May 30 18:42:21 ..... started 1st pass mapping
May 30 18:44:02 ..... finished 1st pass mapping
May 30 18:44:03 ..... inserting junctions into the genome indices
May 30 18:44:54 ..... started mapping
May 30 18:46:37 ..... finished mapping
May 30 18:46:38 ..... started sorting BAM
May 30 18:46:49 ..... finished successfully
[Thu May 30 18:46:49 2019]
Finished job 0.
1 of 1 steps (100%) done
