Building DAG of jobs...
Using shell: /usr/bin/bash
Provided cores: 6
Rules claiming more threads will be scaled down.
Job counts:
	count	jobs
	1	star
	1

[Thu May 30 10:58:03 2019]
rule star:
    input: /oak/stanford/groups/quake/yuanxue/resources/sc_pipeline/reference_genomes/ToxoplasmaG_GT1_genome/MM_TGGT1_transgenes_gff3_index, /oak/stanford/groups/quake/yuanxue/scRNA_seq_data/Toxoplasma_gondii/sequencing_data/NS32/1009901308/YX_1009901308_B17_S297/YX_1009901308_B17_S297_R1_001.fastq.gz, /oak/stanford/groups/quake/yuanxue/scRNA_seq_data/Toxoplasma_gondii/sequencing_data/NS32/1009901308/YX_1009901308_B17_S297/YX_1009901308_B17_S297_R2_001.fastq.gz
    output: /oak/stanford/groups/quake/yuanxue/scRNA_seq_data/Toxoplasma_gondii/sequencing_data/NS32/1009901308/YX_1009901308_B17_S297/Aligned.sortedByCoord.out.bam, /oak/stanford/groups/quake/yuanxue/scRNA_seq_data/Toxoplasma_gondii/sequencing_data/NS32/1009901308/YX_1009901308_B17_S297/Log.final.out
    jobid: 0
    wildcards: all_samples=/oak/stanford/groups/quake/yuanxue/scRNA_seq_data/Toxoplasma_gondii/sequencing_data/NS32/1009901308/YX_1009901308_B17_S297
    threads: 6

/oak/stanford/groups/quake/yuanxue/scRNA_seq_data/Toxoplasma_gondii/sequencing_data/NS32/1009901308/YX_1009901308_B17_S297/
May 30 10:58:03 ..... started STAR run
May 30 10:58:03 ..... loading genome
May 30 10:58:41 ..... started 1st pass mapping
May 30 11:04:26 ..... finished 1st pass mapping
May 30 11:04:27 ..... inserting junctions into the genome indices
May 30 11:05:34 ..... started mapping
May 30 11:11:58 ..... finished mapping
May 30 11:12:01 ..... started sorting BAM
May 30 11:12:28 ..... finished successfully
[Thu May 30 11:12:29 2019]
Finished job 0.
1 of 1 steps (100%) done
