Building DAG of jobs...
Using shell: /usr/bin/bash
Provided cores: 6
Rules claiming more threads will be scaled down.
Job counts:
	count	jobs
	1	star
	1

[Wed May 29 23:34:51 2019]
rule star:
    input: /oak/stanford/groups/quake/yuanxue/resources/sc_pipeline/reference_genomes/ToxoplasmaG_GT1_genome/MM_TGGT1_transgenes_gff3_index, /oak/stanford/groups/quake/yuanxue/scRNA_seq_data/Toxoplasma_gondii/sequencing_data/NS15/1009900606/YX_1009900606_A5/YX_1009900606_A5_S257_R1_001.fastq.gz, /oak/stanford/groups/quake/yuanxue/scRNA_seq_data/Toxoplasma_gondii/sequencing_data/NS15/1009900606/YX_1009900606_A5/YX_1009900606_A5_S257_R2_001.fastq.gz
    output: /oak/stanford/groups/quake/yuanxue/scRNA_seq_data/Toxoplasma_gondii/sequencing_data/NS15/1009900606/YX_1009900606_A5/Aligned.sortedByCoord.out.bam, /oak/stanford/groups/quake/yuanxue/scRNA_seq_data/Toxoplasma_gondii/sequencing_data/NS15/1009900606/YX_1009900606_A5/Log.final.out
    jobid: 0
    wildcards: all_samples=/oak/stanford/groups/quake/yuanxue/scRNA_seq_data/Toxoplasma_gondii/sequencing_data/NS15/1009900606/YX_1009900606_A5
    threads: 6

/oak/stanford/groups/quake/yuanxue/scRNA_seq_data/Toxoplasma_gondii/sequencing_data/NS15/1009900606/YX_1009900606_A5/
May 29 23:34:52 ..... started STAR run
May 29 23:34:52 ..... loading genome
May 29 23:35:56 ..... started 1st pass mapping
May 29 23:47:16 ..... finished 1st pass mapping
May 29 23:47:16 ..... inserting junctions into the genome indices
May 29 23:48:11 ..... started mapping
May 30 00:01:03 ..... finished mapping
May 30 00:01:05 ..... started sorting BAM
May 30 00:01:40 ..... finished successfully
[Thu May 30 00:01:41 2019]
Finished job 0.
1 of 1 steps (100%) done
