Building DAG of jobs...
Using shell: /usr/bin/bash
Provided cores: 6
Rules claiming more threads will be scaled down.
Job counts:
	count	jobs
	1	star
	1

[Thu May 30 05:02:47 2019]
rule star:
    input: /oak/stanford/groups/quake/yuanxue/resources/sc_pipeline/reference_genomes/ToxoplasmaG_GT1_genome/MM_TGGT1_transgenes_gff3_index, /oak/stanford/groups/quake/yuanxue/scRNA_seq_data/Toxoplasma_gondii/sequencing_data/NS32/1009901306/YX_1009901306_E19_S371/YX_1009901306_E19_S371_R1_001.fastq.gz, /oak/stanford/groups/quake/yuanxue/scRNA_seq_data/Toxoplasma_gondii/sequencing_data/NS32/1009901306/YX_1009901306_E19_S371/YX_1009901306_E19_S371_R2_001.fastq.gz
    output: /oak/stanford/groups/quake/yuanxue/scRNA_seq_data/Toxoplasma_gondii/sequencing_data/NS32/1009901306/YX_1009901306_E19_S371/Aligned.sortedByCoord.out.bam, /oak/stanford/groups/quake/yuanxue/scRNA_seq_data/Toxoplasma_gondii/sequencing_data/NS32/1009901306/YX_1009901306_E19_S371/Log.final.out
    jobid: 0
    wildcards: all_samples=/oak/stanford/groups/quake/yuanxue/scRNA_seq_data/Toxoplasma_gondii/sequencing_data/NS32/1009901306/YX_1009901306_E19_S371
    threads: 6

/oak/stanford/groups/quake/yuanxue/scRNA_seq_data/Toxoplasma_gondii/sequencing_data/NS32/1009901306/YX_1009901306_E19_S371/
May 30 05:02:47 ..... started STAR run
May 30 05:02:47 ..... loading genome
May 30 05:03:39 ..... started 1st pass mapping
May 30 05:16:45 ..... finished 1st pass mapping
May 30 05:16:46 ..... inserting junctions into the genome indices
May 30 05:18:06 ..... started mapping
May 30 05:33:13 ..... finished mapping
May 30 05:33:15 ..... started sorting BAM
May 30 05:33:53 ..... finished successfully
[Thu May 30 05:33:55 2019]
Finished job 0.
1 of 1 steps (100%) done
