Building DAG of jobs...
Using shell: /usr/bin/bash
Provided cores: 6
Rules claiming more threads will be scaled down.
Job counts:
	count	jobs
	1	star
	1

[Thu May 30 03:36:44 2019]
rule star:
    input: /oak/stanford/groups/quake/yuanxue/resources/sc_pipeline/reference_genomes/ToxoplasmaG_GT1_genome/MM_TGGT1_transgenes_gff3_index, /oak/stanford/groups/quake/yuanxue/scRNA_seq_data/Toxoplasma_gondii/sequencing_data/NS32/1009901304/YX_1009901304_C9_S313/YX_1009901304_C9_S313_R1_001.fastq.gz, /oak/stanford/groups/quake/yuanxue/scRNA_seq_data/Toxoplasma_gondii/sequencing_data/NS32/1009901304/YX_1009901304_C9_S313/YX_1009901304_C9_S313_R2_001.fastq.gz
    output: /oak/stanford/groups/quake/yuanxue/scRNA_seq_data/Toxoplasma_gondii/sequencing_data/NS32/1009901304/YX_1009901304_C9_S313/Aligned.sortedByCoord.out.bam, /oak/stanford/groups/quake/yuanxue/scRNA_seq_data/Toxoplasma_gondii/sequencing_data/NS32/1009901304/YX_1009901304_C9_S313/Log.final.out
    jobid: 0
    wildcards: all_samples=/oak/stanford/groups/quake/yuanxue/scRNA_seq_data/Toxoplasma_gondii/sequencing_data/NS32/1009901304/YX_1009901304_C9_S313
    threads: 6

/oak/stanford/groups/quake/yuanxue/scRNA_seq_data/Toxoplasma_gondii/sequencing_data/NS32/1009901304/YX_1009901304_C9_S313/
May 30 03:36:44 ..... started STAR run
May 30 03:36:44 ..... loading genome
May 30 03:37:49 ..... started 1st pass mapping
May 30 03:52:02 ..... finished 1st pass mapping
May 30 03:52:03 ..... inserting junctions into the genome indices
May 30 03:53:22 ..... started mapping
May 30 04:09:51 ..... finished mapping
May 30 04:09:54 ..... started sorting BAM
May 30 04:10:40 ..... finished successfully
[Thu May 30 04:10:41 2019]
Finished job 0.
1 of 1 steps (100%) done
