Building DAG of jobs...
Using shell: /usr/bin/bash
Provided cores: 6
Rules claiming more threads will be scaled down.
Job counts:
	count	jobs
	1	star
	1

[Thu May 30 21:36:19 2019]
rule star:
    input: /oak/stanford/groups/quake/yuanxue/resources/sc_pipeline/reference_genomes/ToxoplasmaG_GT1_genome/MM_TGGT1_transgenes_gff3_index, /oak/stanford/groups/quake/yuanxue/scRNA_seq_data/Toxoplasma_gondii/sequencing_data/NS32/1009901308/YX_1009901308_B6_S286/YX_1009901308_B6_S286_R1_001.fastq.gz, /oak/stanford/groups/quake/yuanxue/scRNA_seq_data/Toxoplasma_gondii/sequencing_data/NS32/1009901308/YX_1009901308_B6_S286/YX_1009901308_B6_S286_R2_001.fastq.gz
    output: /oak/stanford/groups/quake/yuanxue/scRNA_seq_data/Toxoplasma_gondii/sequencing_data/NS32/1009901308/YX_1009901308_B6_S286/Aligned.sortedByCoord.out.bam, /oak/stanford/groups/quake/yuanxue/scRNA_seq_data/Toxoplasma_gondii/sequencing_data/NS32/1009901308/YX_1009901308_B6_S286/Log.final.out
    jobid: 0
    wildcards: all_samples=/oak/stanford/groups/quake/yuanxue/scRNA_seq_data/Toxoplasma_gondii/sequencing_data/NS32/1009901308/YX_1009901308_B6_S286
    threads: 6

/oak/stanford/groups/quake/yuanxue/scRNA_seq_data/Toxoplasma_gondii/sequencing_data/NS32/1009901308/YX_1009901308_B6_S286/
May 30 21:36:19 ..... started STAR run
May 30 21:36:19 ..... loading genome
May 30 21:36:40 ..... started 1st pass mapping
May 30 21:38:07 ..... finished 1st pass mapping
May 30 21:38:07 ..... inserting junctions into the genome indices
May 30 21:38:57 ..... started mapping
May 30 21:40:25 ..... finished mapping
May 30 21:40:26 ..... started sorting BAM
May 30 21:41:09 ..... finished successfully
[Thu May 30 21:41:09 2019]
Finished job 0.
1 of 1 steps (100%) done
