Building DAG of jobs...
Using shell: /usr/bin/bash
Provided cores: 6
Rules claiming more threads will be scaled down.
Job counts:
	count	jobs
	1	star
	1

[Thu May 30 18:13:19 2019]
rule star:
    input: /oak/stanford/groups/quake/yuanxue/resources/sc_pipeline/reference_genomes/ToxoplasmaG_GT1_genome/MM_TGGT1_transgenes_gff3_index, /oak/stanford/groups/quake/yuanxue/scRNA_seq_data/Toxoplasma_gondii/sequencing_data/NS32/1009901309/YX_1009901309_G23_S39/YX_1009901309_G23_S39_R1_001.fastq.gz, /oak/stanford/groups/quake/yuanxue/scRNA_seq_data/Toxoplasma_gondii/sequencing_data/NS32/1009901309/YX_1009901309_G23_S39/YX_1009901309_G23_S39_R2_001.fastq.gz
    output: /oak/stanford/groups/quake/yuanxue/scRNA_seq_data/Toxoplasma_gondii/sequencing_data/NS32/1009901309/YX_1009901309_G23_S39/Aligned.sortedByCoord.out.bam, /oak/stanford/groups/quake/yuanxue/scRNA_seq_data/Toxoplasma_gondii/sequencing_data/NS32/1009901309/YX_1009901309_G23_S39/Log.final.out
    jobid: 0
    wildcards: all_samples=/oak/stanford/groups/quake/yuanxue/scRNA_seq_data/Toxoplasma_gondii/sequencing_data/NS32/1009901309/YX_1009901309_G23_S39
    threads: 6

/oak/stanford/groups/quake/yuanxue/scRNA_seq_data/Toxoplasma_gondii/sequencing_data/NS32/1009901309/YX_1009901309_G23_S39/
May 30 18:13:19 ..... started STAR run
May 30 18:13:19 ..... loading genome
May 30 18:13:40 ..... started 1st pass mapping
May 30 18:15:47 ..... finished 1st pass mapping
May 30 18:15:49 ..... inserting junctions into the genome indices
May 30 18:16:40 ..... started mapping
May 30 18:18:50 ..... finished mapping
May 30 18:18:52 ..... started sorting BAM
May 30 18:19:23 ..... finished successfully
[Thu May 30 18:19:24 2019]
Finished job 0.
1 of 1 steps (100%) done
