Building DAG of jobs...
Using shell: /usr/bin/bash
Provided cores: 6
Rules claiming more threads will be scaled down.
Job counts:
	count	jobs
	1	star
	1

[Thu May 30 04:29:30 2019]
rule star:
    input: /oak/stanford/groups/quake/yuanxue/resources/sc_pipeline/reference_genomes/ToxoplasmaG_GT1_genome/MM_TGGT1_transgenes_gff3_index, /oak/stanford/groups/quake/yuanxue/scRNA_seq_data/Toxoplasma_gondii/sequencing_data/NS32/1009901304/YX_1009901304_I15_S79/YX_1009901304_I15_S79_R1_001.fastq.gz, /oak/stanford/groups/quake/yuanxue/scRNA_seq_data/Toxoplasma_gondii/sequencing_data/NS32/1009901304/YX_1009901304_I15_S79/YX_1009901304_I15_S79_R2_001.fastq.gz
    output: /oak/stanford/groups/quake/yuanxue/scRNA_seq_data/Toxoplasma_gondii/sequencing_data/NS32/1009901304/YX_1009901304_I15_S79/Aligned.sortedByCoord.out.bam, /oak/stanford/groups/quake/yuanxue/scRNA_seq_data/Toxoplasma_gondii/sequencing_data/NS32/1009901304/YX_1009901304_I15_S79/Log.final.out
    jobid: 0
    wildcards: all_samples=/oak/stanford/groups/quake/yuanxue/scRNA_seq_data/Toxoplasma_gondii/sequencing_data/NS32/1009901304/YX_1009901304_I15_S79
    threads: 6

/oak/stanford/groups/quake/yuanxue/scRNA_seq_data/Toxoplasma_gondii/sequencing_data/NS32/1009901304/YX_1009901304_I15_S79/
May 30 04:29:30 ..... started STAR run
May 30 04:29:30 ..... loading genome
May 30 04:30:06 ..... started 1st pass mapping
May 30 04:43:36 ..... finished 1st pass mapping
May 30 04:43:36 ..... inserting junctions into the genome indices
May 30 04:44:38 ..... started mapping
May 30 05:00:13 ..... finished mapping
May 30 05:00:14 ..... started sorting BAM
May 30 05:00:57 ..... finished successfully
[Thu May 30 05:00:58 2019]
Finished job 0.
1 of 1 steps (100%) done
