Building DAG of jobs...
Using shell: /usr/bin/bash
Provided cores: 6
Rules claiming more threads will be scaled down.
Job counts:
	count	jobs
	1	star
	1

[Thu May 30 09:20:11 2019]
rule star:
    input: /oak/stanford/groups/quake/yuanxue/resources/sc_pipeline/reference_genomes/ToxoplasmaG_GT1_genome/MM_TGGT1_transgenes_gff3_index, /oak/stanford/groups/quake/yuanxue/scRNA_seq_data/Toxoplasma_gondii/sequencing_data/NS32/1009901306/YX_1009901306_E21_S373/YX_1009901306_E21_S373_R1_001.fastq.gz, /oak/stanford/groups/quake/yuanxue/scRNA_seq_data/Toxoplasma_gondii/sequencing_data/NS32/1009901306/YX_1009901306_E21_S373/YX_1009901306_E21_S373_R2_001.fastq.gz
    output: /oak/stanford/groups/quake/yuanxue/scRNA_seq_data/Toxoplasma_gondii/sequencing_data/NS32/1009901306/YX_1009901306_E21_S373/Aligned.sortedByCoord.out.bam, /oak/stanford/groups/quake/yuanxue/scRNA_seq_data/Toxoplasma_gondii/sequencing_data/NS32/1009901306/YX_1009901306_E21_S373/Log.final.out
    jobid: 0
    wildcards: all_samples=/oak/stanford/groups/quake/yuanxue/scRNA_seq_data/Toxoplasma_gondii/sequencing_data/NS32/1009901306/YX_1009901306_E21_S373
    threads: 6

/oak/stanford/groups/quake/yuanxue/scRNA_seq_data/Toxoplasma_gondii/sequencing_data/NS32/1009901306/YX_1009901306_E21_S373/
May 30 09:20:11 ..... started STAR run
May 30 09:20:11 ..... loading genome
May 30 09:20:46 ..... started 1st pass mapping
May 30 09:29:49 ..... finished 1st pass mapping
May 30 09:29:50 ..... inserting junctions into the genome indices
May 30 09:30:53 ..... started mapping
May 30 09:40:16 ..... finished mapping
May 30 09:40:18 ..... started sorting BAM
May 30 09:40:48 ..... finished successfully
[Thu May 30 09:40:49 2019]
Finished job 0.
1 of 1 steps (100%) done
