Building DAG of jobs...
Using shell: /usr/bin/bash
Provided cores: 6
Rules claiming more threads will be scaled down.
Job counts:
	count	jobs
	1	star
	1

[Thu May 30 12:09:47 2019]
rule star:
    input: /oak/stanford/groups/quake/yuanxue/resources/sc_pipeline/reference_genomes/ToxoplasmaG_GT1_genome/MM_TGGT1_transgenes_gff3_index, /oak/stanford/groups/quake/yuanxue/scRNA_seq_data/Toxoplasma_gondii/sequencing_data/NS32/1009901304/YX_1009901304_F4_S380/YX_1009901304_F4_S380_R1_001.fastq.gz, /oak/stanford/groups/quake/yuanxue/scRNA_seq_data/Toxoplasma_gondii/sequencing_data/NS32/1009901304/YX_1009901304_F4_S380/YX_1009901304_F4_S380_R2_001.fastq.gz
    output: /oak/stanford/groups/quake/yuanxue/scRNA_seq_data/Toxoplasma_gondii/sequencing_data/NS32/1009901304/YX_1009901304_F4_S380/Aligned.sortedByCoord.out.bam, /oak/stanford/groups/quake/yuanxue/scRNA_seq_data/Toxoplasma_gondii/sequencing_data/NS32/1009901304/YX_1009901304_F4_S380/Log.final.out
    jobid: 0
    wildcards: all_samples=/oak/stanford/groups/quake/yuanxue/scRNA_seq_data/Toxoplasma_gondii/sequencing_data/NS32/1009901304/YX_1009901304_F4_S380
    threads: 6

/oak/stanford/groups/quake/yuanxue/scRNA_seq_data/Toxoplasma_gondii/sequencing_data/NS32/1009901304/YX_1009901304_F4_S380/
May 30 12:09:47 ..... started STAR run
May 30 12:09:47 ..... loading genome
May 30 12:10:30 ..... started 1st pass mapping
May 30 12:17:13 ..... finished 1st pass mapping
May 30 12:17:14 ..... inserting junctions into the genome indices
May 30 12:18:05 ..... started mapping
May 30 12:25:13 ..... finished mapping
May 30 12:25:14 ..... started sorting BAM
May 30 12:25:22 ..... finished successfully
[Thu May 30 12:25:22 2019]
Finished job 0.
1 of 1 steps (100%) done
