Building DAG of jobs...
Using shell: /usr/bin/bash
Provided cores: 6
Rules claiming more threads will be scaled down.
Job counts:
	count	jobs
	1	star
	1

[Thu May 30 16:03:48 2019]
rule star:
    input: /oak/stanford/groups/quake/yuanxue/resources/sc_pipeline/reference_genomes/ToxoplasmaG_GT1_genome/MM_TGGT1_transgenes_gff3_index, /oak/stanford/groups/quake/yuanxue/scRNA_seq_data/Toxoplasma_gondii/sequencing_data/NS32/1009901306/YX_1009901306_M14_S174/YX_1009901306_M14_S174_R1_001.fastq.gz, /oak/stanford/groups/quake/yuanxue/scRNA_seq_data/Toxoplasma_gondii/sequencing_data/NS32/1009901306/YX_1009901306_M14_S174/YX_1009901306_M14_S174_R2_001.fastq.gz
    output: /oak/stanford/groups/quake/yuanxue/scRNA_seq_data/Toxoplasma_gondii/sequencing_data/NS32/1009901306/YX_1009901306_M14_S174/Aligned.sortedByCoord.out.bam, /oak/stanford/groups/quake/yuanxue/scRNA_seq_data/Toxoplasma_gondii/sequencing_data/NS32/1009901306/YX_1009901306_M14_S174/Log.final.out
    jobid: 0
    wildcards: all_samples=/oak/stanford/groups/quake/yuanxue/scRNA_seq_data/Toxoplasma_gondii/sequencing_data/NS32/1009901306/YX_1009901306_M14_S174
    threads: 6

/oak/stanford/groups/quake/yuanxue/scRNA_seq_data/Toxoplasma_gondii/sequencing_data/NS32/1009901306/YX_1009901306_M14_S174/
May 30 16:03:48 ..... started STAR run
May 30 16:03:48 ..... loading genome
May 30 16:04:14 ..... started 1st pass mapping
May 30 16:07:10 ..... finished 1st pass mapping
May 30 16:07:10 ..... inserting junctions into the genome indices
May 30 16:08:10 ..... started mapping
May 30 16:11:17 ..... finished mapping
May 30 16:11:19 ..... started sorting BAM
May 30 16:11:27 ..... finished successfully
[Thu May 30 16:11:27 2019]
Finished job 0.
1 of 1 steps (100%) done
