Building DAG of jobs...
Using shell: /usr/bin/bash
Provided cores: 6
Rules claiming more threads will be scaled down.
Job counts:
	count	jobs
	1	star
	1

[Thu May 30 04:22:14 2019]
rule star:
    input: /oak/stanford/groups/quake/yuanxue/resources/sc_pipeline/reference_genomes/ToxoplasmaG_GT1_genome/MM_TGGT1_transgenes_gff3_index, /oak/stanford/groups/quake/yuanxue/scRNA_seq_data/Toxoplasma_gondii/sequencing_data/NS32/1009901306/YX_1009901306_C7_S311/YX_1009901306_C7_S311_R1_001.fastq.gz, /oak/stanford/groups/quake/yuanxue/scRNA_seq_data/Toxoplasma_gondii/sequencing_data/NS32/1009901306/YX_1009901306_C7_S311/YX_1009901306_C7_S311_R2_001.fastq.gz
    output: /oak/stanford/groups/quake/yuanxue/scRNA_seq_data/Toxoplasma_gondii/sequencing_data/NS32/1009901306/YX_1009901306_C7_S311/Aligned.sortedByCoord.out.bam, /oak/stanford/groups/quake/yuanxue/scRNA_seq_data/Toxoplasma_gondii/sequencing_data/NS32/1009901306/YX_1009901306_C7_S311/Log.final.out
    jobid: 0
    wildcards: all_samples=/oak/stanford/groups/quake/yuanxue/scRNA_seq_data/Toxoplasma_gondii/sequencing_data/NS32/1009901306/YX_1009901306_C7_S311
    threads: 6

/oak/stanford/groups/quake/yuanxue/scRNA_seq_data/Toxoplasma_gondii/sequencing_data/NS32/1009901306/YX_1009901306_C7_S311/
May 30 04:22:14 ..... started STAR run
May 30 04:22:14 ..... loading genome
May 30 04:23:39 ..... started 1st pass mapping
May 30 04:40:38 ..... finished 1st pass mapping
May 30 04:40:39 ..... inserting junctions into the genome indices
May 30 04:42:02 ..... started mapping
May 30 05:01:06 ..... finished mapping
May 30 05:01:09 ..... started sorting BAM
May 30 05:01:56 ..... finished successfully
[Thu May 30 05:01:57 2019]
Finished job 0.
1 of 1 steps (100%) done
