Building DAG of jobs...
Using shell: /usr/bin/bash
Provided cores: 6
Rules claiming more threads will be scaled down.
Job counts:
	count	jobs
	1	star
	1

[Thu May 30 07:30:48 2019]
rule star:
    input: /oak/stanford/groups/quake/yuanxue/resources/sc_pipeline/reference_genomes/ToxoplasmaG_GT1_genome/MM_TGGT1_transgenes_gff3_index, /oak/stanford/groups/quake/yuanxue/scRNA_seq_data/Toxoplasma_gondii/sequencing_data/NS32/1009901306/YX_1009901306_B12_S292/YX_1009901306_B12_S292_R1_001.fastq.gz, /oak/stanford/groups/quake/yuanxue/scRNA_seq_data/Toxoplasma_gondii/sequencing_data/NS32/1009901306/YX_1009901306_B12_S292/YX_1009901306_B12_S292_R2_001.fastq.gz
    output: /oak/stanford/groups/quake/yuanxue/scRNA_seq_data/Toxoplasma_gondii/sequencing_data/NS32/1009901306/YX_1009901306_B12_S292/Aligned.sortedByCoord.out.bam, /oak/stanford/groups/quake/yuanxue/scRNA_seq_data/Toxoplasma_gondii/sequencing_data/NS32/1009901306/YX_1009901306_B12_S292/Log.final.out
    jobid: 0
    wildcards: all_samples=/oak/stanford/groups/quake/yuanxue/scRNA_seq_data/Toxoplasma_gondii/sequencing_data/NS32/1009901306/YX_1009901306_B12_S292
    threads: 6

/oak/stanford/groups/quake/yuanxue/scRNA_seq_data/Toxoplasma_gondii/sequencing_data/NS32/1009901306/YX_1009901306_B12_S292/
May 30 07:30:48 ..... started STAR run
May 30 07:30:48 ..... loading genome
May 30 07:31:28 ..... started 1st pass mapping
May 30 07:40:53 ..... finished 1st pass mapping
May 30 07:40:54 ..... inserting junctions into the genome indices
May 30 07:42:03 ..... started mapping
May 30 07:52:59 ..... finished mapping
May 30 07:53:01 ..... started sorting BAM
May 30 07:53:38 ..... finished successfully
[Thu May 30 07:53:39 2019]
Finished job 0.
1 of 1 steps (100%) done
