Building DAG of jobs...
Using shell: /usr/bin/bash
Provided cores: 6
Rules claiming more threads will be scaled down.
Job counts:
	count	jobs
	1	star
	1

[Thu May 30 10:04:37 2019]
rule star:
    input: /oak/stanford/groups/quake/yuanxue/resources/sc_pipeline/reference_genomes/ToxoplasmaG_GT1_genome/MM_TGGT1_transgenes_gff3_index, /oak/stanford/groups/quake/yuanxue/scRNA_seq_data/Toxoplasma_gondii/sequencing_data/NS32/1009901308/YX_1009901308_M13_S173/YX_1009901308_M13_S173_R1_001.fastq.gz, /oak/stanford/groups/quake/yuanxue/scRNA_seq_data/Toxoplasma_gondii/sequencing_data/NS32/1009901308/YX_1009901308_M13_S173/YX_1009901308_M13_S173_R2_001.fastq.gz
    output: /oak/stanford/groups/quake/yuanxue/scRNA_seq_data/Toxoplasma_gondii/sequencing_data/NS32/1009901308/YX_1009901308_M13_S173/Aligned.sortedByCoord.out.bam, /oak/stanford/groups/quake/yuanxue/scRNA_seq_data/Toxoplasma_gondii/sequencing_data/NS32/1009901308/YX_1009901308_M13_S173/Log.final.out
    jobid: 0
    wildcards: all_samples=/oak/stanford/groups/quake/yuanxue/scRNA_seq_data/Toxoplasma_gondii/sequencing_data/NS32/1009901308/YX_1009901308_M13_S173
    threads: 6

/oak/stanford/groups/quake/yuanxue/scRNA_seq_data/Toxoplasma_gondii/sequencing_data/NS32/1009901308/YX_1009901308_M13_S173/
May 30 10:04:37 ..... started STAR run
May 30 10:04:37 ..... loading genome
May 30 10:05:34 ..... started 1st pass mapping
May 30 10:11:47 ..... finished 1st pass mapping
May 30 10:11:48 ..... inserting junctions into the genome indices
May 30 10:12:44 ..... started mapping
May 30 10:19:59 ..... finished mapping
May 30 10:20:00 ..... started sorting BAM
May 30 10:20:26 ..... finished successfully
[Thu May 30 10:20:27 2019]
Finished job 0.
1 of 1 steps (100%) done
