Building DAG of jobs...
Using shell: /usr/bin/bash
Provided cores: 6
Rules claiming more threads will be scaled down.
Job counts:
	count	jobs
	1	star
	1

[Thu May 30 15:08:49 2019]
rule star:
    input: /oak/stanford/groups/quake/yuanxue/resources/sc_pipeline/reference_genomes/ToxoplasmaG_GT1_genome/MM_TGGT1_transgenes_gff3_index, /oak/stanford/groups/quake/yuanxue/scRNA_seq_data/Toxoplasma_gondii/sequencing_data/NS32/1009901306/YX_1009901306_I20_S84/YX_1009901306_I20_S84_R1_001.fastq.gz, /oak/stanford/groups/quake/yuanxue/scRNA_seq_data/Toxoplasma_gondii/sequencing_data/NS32/1009901306/YX_1009901306_I20_S84/YX_1009901306_I20_S84_R2_001.fastq.gz
    output: /oak/stanford/groups/quake/yuanxue/scRNA_seq_data/Toxoplasma_gondii/sequencing_data/NS32/1009901306/YX_1009901306_I20_S84/Aligned.sortedByCoord.out.bam, /oak/stanford/groups/quake/yuanxue/scRNA_seq_data/Toxoplasma_gondii/sequencing_data/NS32/1009901306/YX_1009901306_I20_S84/Log.final.out
    jobid: 0
    wildcards: all_samples=/oak/stanford/groups/quake/yuanxue/scRNA_seq_data/Toxoplasma_gondii/sequencing_data/NS32/1009901306/YX_1009901306_I20_S84
    threads: 6

/oak/stanford/groups/quake/yuanxue/scRNA_seq_data/Toxoplasma_gondii/sequencing_data/NS32/1009901306/YX_1009901306_I20_S84/
May 30 15:08:49 ..... started STAR run
May 30 15:08:49 ..... loading genome
May 30 15:09:19 ..... started 1st pass mapping
May 30 15:12:27 ..... finished 1st pass mapping
May 30 15:12:28 ..... inserting junctions into the genome indices
May 30 15:13:25 ..... started mapping
May 30 15:16:36 ..... finished mapping
May 30 15:16:38 ..... started sorting BAM
May 30 15:16:50 ..... finished successfully
[Thu May 30 15:16:51 2019]
Finished job 0.
1 of 1 steps (100%) done
