                                 Started job on |	Jun 26 10:34:53
                             Started mapping on |	Jun 26 10:35:51
                                    Finished on |	Jun 26 10:36:01
       Mapping speed, Million of reads per hour |	0.72

                          Number of input reads |	2000
                      Average input read length |	192
                                    UNIQUE READS:
                   Uniquely mapped reads number |	622
                        Uniquely mapped reads % |	31.10%
                          Average mapped length |	181.69
                       Number of splices: Total |	159
            Number of splices: Annotated (sjdb) |	159
                       Number of splices: GT/AG |	158
                       Number of splices: GC/AG |	1
                       Number of splices: AT/AC |	0
               Number of splices: Non-canonical |	0
                      Mismatch rate per base, % |	0.35%
                         Deletion rate per base |	0.00%
                        Deletion average length |	1.67
                        Insertion rate per base |	0.01%
                       Insertion average length |	1.12
                             MULTI-MAPPING READS:
        Number of reads mapped to multiple loci |	52
             % of reads mapped to multiple loci |	2.60%
        Number of reads mapped to too many loci |	1119
             % of reads mapped to too many loci |	55.95%
                                  UNMAPPED READS:
       % of reads unmapped: too many mismatches |	0.95%
                 % of reads unmapped: too short |	9.40%
                     % of reads unmapped: other |	0.00%
                                  CHIMERIC READS:
                       Number of chimeric reads |	0
                            % of chimeric reads |	0.00%
